<?xml version="1.0" encoding="UTF-8"?>
<testsuite name="kr.pravusid.service.BoardServiceTest" tests="8" skipped="0" failures="0" errors="0" timestamp="2019-10-28T01:48:14" hostname="DESKTOP-KVCQHCD" time="0.201">
  <properties/>
  <testcase name="요청한_회원의_게시물이_맞으면_내용을_반환한다" classname="kr.pravusid.service.BoardServiceTest" time="0.055"/>
  <testcase name="요청한_회원의_게시물이_아니면_예외를_발생시킨다" classname="kr.pravusid.service.BoardServiceTest" time="0.02"/>
  <testcase name="게시물을_수정한다" classname="kr.pravusid.service.BoardServiceTest" time="0.028"/>
  <testcase name="게시물을_저장한다" classname="kr.pravusid.service.BoardServiceTest" time="0.02"/>
  <testcase name="게시물을_조회하고_조회수를_증가시킨다" classname="kr.pravusid.service.BoardServiceTest" time="0.022"/>
  <testcase name="요청한_회원의_삭제요청이_맞으면_삭제한다" classname="kr.pravusid.service.BoardServiceTest" time="0.018"/>
  <testcase name="요청한_회원의_삭제요청이_아니면_예외를_발생시킨다" classname="kr.pravusid.service.BoardServiceTest" time="0.019"/>
  <testcase name="전체_게시물을_조회한다" classname="kr.pravusid.service.BoardServiceTest" time="0.017"/>
  <system-out><![CDATA[2019-10-28 10:48:11.961  INFO 2580 --- [    Test worker] .b.t.c.SpringBootTestContextBootstrapper : Neither @ContextConfiguration nor @ContextHierarchy found for test class [kr.pravusid.service.BoardServiceTest], using SpringBootContextLoader
2019-10-28 10:48:11.962  INFO 2580 --- [    Test worker] o.s.t.c.support.AbstractContextLoader    : Could not detect default resource locations for test class [kr.pravusid.service.BoardServiceTest]: no resource found for suffixes {-context.xml, Context.groovy}.
2019-10-28 10:48:11.962  INFO 2580 --- [    Test worker] t.c.s.AnnotationConfigContextLoaderUtils : Could not detect default configuration classes for test class [kr.pravusid.service.BoardServiceTest]: BoardServiceTest does not declare any static, non-private, non-final, nested classes annotated with @Configuration.
2019-10-28 10:48:11.970  INFO 2580 --- [    Test worker] .b.t.c.SpringBootTestContextBootstrapper : Found @SpringBootConfiguration kr.pravusid.WebApplication for test class kr.pravusid.service.BoardServiceTest
2019-10-28 10:48:11.973  INFO 2580 --- [    Test worker] .b.t.c.SpringBootTestContextBootstrapper : Loaded default TestExecutionListener class names from location [META-INF/spring.factories]: [org.springframework.security.test.context.support.WithSecurityContextTestExecutionListener, org.springframework.boot.test.autoconfigure.restdocs.RestDocsTestExecutionListener, org.springframework.boot.test.autoconfigure.web.client.MockRestServiceServerResetTestExecutionListener, org.springframework.boot.test.autoconfigure.web.servlet.MockMvcPrintOnlyOnFailureTestExecutionListener, org.springframework.boot.test.autoconfigure.web.servlet.WebDriverTestExecutionListener, org.springframework.boot.test.mock.mockito.MockitoTestExecutionListener, org.springframework.boot.test.mock.mockito.ResetMocksTestExecutionListener, org.springframework.test.context.web.ServletTestExecutionListener, org.springframework.test.context.support.DirtiesContextBeforeModesTestExecutionListener, org.springframework.test.context.support.DependencyInjectionTestExecutionListener, org.springframework.test.context.support.DirtiesContextTestExecutionListener, org.springframework.test.context.transaction.TransactionalTestExecutionListener, org.springframework.test.context.jdbc.SqlScriptsTestExecutionListener]
2019-10-28 10:48:11.975  INFO 2580 --- [    Test worker] .b.t.c.SpringBootTestContextBootstrapper : Using TestExecutionListeners: [org.springframework.test.context.web.ServletTestExecutionListener@df30959, org.springframework.test.context.support.DirtiesContextBeforeModesTestExecutionListener@6db0b41c, org.springframework.boot.test.mock.mockito.MockitoTestExecutionListener@59b64950, org.springframework.boot.test.autoconfigure.SpringBootDependencyInjectionTestExecutionListener@2959da25, org.springframework.test.context.support.DirtiesContextTestExecutionListener@3c75b796, org.springframework.test.context.transaction.TransactionalTestExecutionListener@540df450, org.springframework.test.context.jdbc.SqlScriptsTestExecutionListener@3f1acb48, org.springframework.security.test.context.support.WithSecurityContextTestExecutionListener@58f5a67c, org.springframework.boot.test.autoconfigure.restdocs.RestDocsTestExecutionListener@49ad73f3, org.springframework.boot.test.autoconfigure.web.client.MockRestServiceServerResetTestExecutionListener@7239a1e2, org.springframework.boot.test.autoconfigure.web.servlet.MockMvcPrintOnlyOnFailureTestExecutionListener@1b106466, org.springframework.boot.test.autoconfigure.web.servlet.WebDriverTestExecutionListener@6ea3e73e, org.springframework.boot.test.mock.mockito.ResetMocksTestExecutionListener@4cb333f2]

  .   ____          _            __ _ _
 /\\ / ___'_ __ _ _(_)_ __  __ _ \ \ \ \
( ( )\___ | '_ | '_| | '_ \/ _` | \ \ \ \
 \\/  ___)| |_)| | | | | || (_| |  ) ) ) )
  '  |____| .__|_| |_|_| |_\__, | / / / /
 =========|_|==============|___/=/_/_/_/
 :: Spring Boot ::       (v1.5.16.RELEASE)

2019-10-28 10:48:12.030  INFO 2580 --- [    Test worker] kr.pravusid.service.BoardServiceTest     : Starting BoardServiceTest on DESKTOP-KVCQHCD with PID 2580 (started by multicampus in C:\ssafy\vuex\vuex-springBoot\springboot-vue.js-bbs)
2019-10-28 10:48:12.031 DEBUG 2580 --- [    Test worker] kr.pravusid.service.BoardServiceTest     : Running with Spring Boot v1.5.16.RELEASE, Spring v4.3.19.RELEASE
2019-10-28 10:48:12.031  INFO 2580 --- [    Test worker] kr.pravusid.service.BoardServiceTest     : The following profiles are active: dev
2019-10-28 10:48:12.032  INFO 2580 --- [    Test worker] o.s.w.c.s.GenericWebApplicationContext   : Refreshing org.springframework.web.context.support.GenericWebApplicationContext@7363c50: startup date [Mon Oct 28 10:48:12 KST 2019]; root of context hierarchy
2019-10-28 10:48:12.033 DEBUG 2580 --- [    Test worker] o.s.w.c.s.GenericWebApplicationContext   : Bean factory for org.springframework.web.context.support.GenericWebApplicationContext@7363c50: org.springframework.beans.factory.support.DefaultListableBeanFactory@2c310909: defining beans [org.springframework.boot.test.mock.mockito.MockitoPostProcessor$SpyPostProcessor,org.springframework.boot.test.mock.mockito.MockitoPostProcessor,org.springframework.context.annotation.internalConfigurationAnnotationProcessor,org.springframework.context.annotation.internalAutowiredAnnotationProcessor,org.springframework.context.annotation.internalRequiredAnnotationProcessor,org.springframework.context.annotation.internalCommonAnnotationProcessor,org.springframework.context.annotation.internalPersistenceAnnotationProcessor,org.springframework.context.event.internalEventListenerProcessor,org.springframework.context.event.internalEventListenerFactory,webApplication]; root of factory hierarchy
2019-10-28 10:48:12.245  INFO 2580 --- [    Test worker] o.s.b.f.s.DefaultListableBeanFactory     : Overriding bean definition for bean 'clientDetailsService' with a different definition: replacing [Root bean: class [org.springframework.aop.scope.ScopedProxyFactoryBean]; scope=; abstract=false; lazyInit=false; autowireMode=0; dependencyCheck=0; autowireCandidate=true; primary=false; factoryBeanName=null; factoryMethodName=null; initMethodName=null; destroyMethodName=null; defined in BeanDefinition defined in class path resource [org/springframework/security/oauth2/config/annotation/configuration/ClientDetailsServiceConfiguration.class]] with [Root bean: class [null]; scope=; abstract=false; lazyInit=false; autowireMode=3; dependencyCheck=0; autowireCandidate=true; primary=true; factoryBeanName=authorizationSeverConfig; factoryMethodName=clientDetailsService; initMethodName=null; destroyMethodName=(inferred); defined in class path resource [kr/pravusid/configuration/AuthorizationSeverConfig.class]]
2019-10-28 10:48:12.577  INFO 2580 --- [    Test worker] trationDelegate$BeanPostProcessorChecker : Bean 'org.springframework.transaction.annotation.ProxyTransactionManagementConfiguration' of type [org.springframework.transaction.annotation.ProxyTransactionManagementConfiguration$$EnhancerBySpringCGLIB$$4fb5dee2] is not eligible for getting processed by all BeanPostProcessors (for example: not eligible for auto-proxying)
2019-10-28 10:48:12.607  INFO 2580 --- [    Test worker] trationDelegate$BeanPostProcessorChecker : Bean 'org.springframework.security.config.annotation.configuration.ObjectPostProcessorConfiguration' of type [org.springframework.security.config.annotation.configuration.ObjectPostProcessorConfiguration$$EnhancerBySpringCGLIB$$e863a71c] is not eligible for getting processed by all BeanPostProcessors (for example: not eligible for auto-proxying)
2019-10-28 10:48:12.614  INFO 2580 --- [    Test worker] trationDelegate$BeanPostProcessorChecker : Bean 'objectPostProcessor' of type [org.springframework.security.config.annotation.configuration.AutowireBeanFactoryObjectPostProcessor] is not eligible for getting processed by all BeanPostProcessors (for example: not eligible for auto-proxying)
2019-10-28 10:48:12.616  INFO 2580 --- [    Test worker] trationDelegate$BeanPostProcessorChecker : Bean 'org.springframework.security.access.expression.method.DefaultMethodSecurityExpressionHandler@63fab4dd' of type [org.springframework.security.oauth2.provider.expression.OAuth2MethodSecurityExpressionHandler] is not eligible for getting processed by all BeanPostProcessors (for example: not eligible for auto-proxying)
2019-10-28 10:48:12.622  INFO 2580 --- [    Test worker] trationDelegate$BeanPostProcessorChecker : Bean 'org.springframework.security.config.annotation.method.configuration.GlobalMethodSecurityConfiguration' of type [org.springframework.security.config.annotation.method.configuration.GlobalMethodSecurityConfiguration$$EnhancerBySpringCGLIB$$d3849ce] is not eligible for getting processed by all BeanPostProcessors (for example: not eligible for auto-proxying)
2019-10-28 10:48:12.629  INFO 2580 --- [    Test worker] trationDelegate$BeanPostProcessorChecker : Bean 'methodSecurityMetadataSource' of type [org.springframework.security.access.method.DelegatingMethodSecurityMetadataSource] is not eligible for getting processed by all BeanPostProcessors (for example: not eligible for auto-proxying)
2019-10-28 10:48:12.642  INFO 2580 --- [    Test worker] trationDelegate$BeanPostProcessorChecker : Bean 'security.oauth2.client-org.springframework.boot.autoconfigure.security.oauth2.OAuth2ClientProperties' of type [org.springframework.boot.autoconfigure.security.oauth2.OAuth2ClientProperties] is not eligible for getting processed by all BeanPostProcessors (for example: not eligible for auto-proxying)
2019-10-28 10:48:12.646  INFO 2580 --- [    Test worker] trationDelegate$BeanPostProcessorChecker : Bean 'org.springframework.boot.autoconfigure.security.oauth2.OAuth2AutoConfiguration' of type [org.springframework.boot.autoconfigure.security.oauth2.OAuth2AutoConfiguration$$EnhancerBySpringCGLIB$$6ff9ae2] is not eligible for getting processed by all BeanPostProcessors (for example: not eligible for auto-proxying)
2019-10-28 10:48:12.660  INFO 2580 --- [    Test worker] trationDelegate$BeanPostProcessorChecker : Bean 'resourceServerProperties' of type [org.springframework.boot.autoconfigure.security.oauth2.resource.ResourceServerProperties] is not eligible for getting processed by all BeanPostProcessors (for example: not eligible for auto-proxying)
2019-10-28 10:48:12.671 DEBUG 2580 --- [    Test worker] o.s.w.c.s.GenericWebApplicationContext   : Unable to locate MessageSource with name 'messageSource': using default [org.springframework.context.support.DelegatingMessageSource@6dde47b4]
2019-10-28 10:48:12.672 DEBUG 2580 --- [    Test worker] o.s.w.c.s.GenericWebApplicationContext   : Unable to locate ApplicationEventMulticaster with name 'applicationEventMulticaster': using default [org.springframework.context.event.SimpleApplicationEventMulticaster@18ba827f]
2019-10-28 10:48:12.835  INFO 2580 --- [    Test worker] j.LocalContainerEntityManagerFactoryBean : Building JPA container EntityManagerFactory for persistence unit 'default'
2019-10-28 10:48:12.836  INFO 2580 --- [    Test worker] o.hibernate.jpa.internal.util.LogHelper  : HHH000204: Processing PersistenceUnitInfo [
	name: default
	...]
2019-10-28 10:48:12.841  INFO 2580 --- [    Test worker] org.hibernate.dialect.Dialect            : HHH000400: Using dialect: org.hibernate.dialect.H2Dialect
2019-10-28 10:48:12.890  INFO 2580 --- [    Test worker] org.hibernate.tool.hbm2ddl.SchemaExport  : HHH000227: Running hbm2ddl schema export
2019-10-28 10:48:12.895 DEBUG 2580 --- [    Test worker] org.hibernate.SQL                        : drop table board if exists
Hibernate: drop table board if exists
2019-10-28 10:48:12.896 DEBUG 2580 --- [    Test worker] org.hibernate.SQL                        : drop table comment if exists
Hibernate: drop table comment if exists
2019-10-28 10:48:12.896 DEBUG 2580 --- [    Test worker] org.hibernate.SQL                        : drop table oauth_client_details if exists
Hibernate: drop table oauth_client_details if exists
2019-10-28 10:48:12.896 DEBUG 2580 --- [    Test worker] org.hibernate.SQL                        : drop table persistent_logins if exists
Hibernate: drop table persistent_logins if exists
2019-10-28 10:48:12.897 DEBUG 2580 --- [    Test worker] org.hibernate.SQL                        : drop table user if exists
Hibernate: drop table user if exists
2019-10-28 10:48:12.897 DEBUG 2580 --- [    Test worker] org.hibernate.SQL                        : drop table user_authorities if exists
Hibernate: drop table user_authorities if exists
2019-10-28 10:48:12.897 DEBUG 2580 --- [    Test worker] org.hibernate.SQL                        : create table board (id bigint generated by default as identity, moddate timestamp, regdate timestamp, content clob not null, hit integer not null, title varchar(255) not null, user_id bigint, primary key (id))
Hibernate: create table board (id bigint generated by default as identity, moddate timestamp, regdate timestamp, content clob not null, hit integer not null, title varchar(255) not null, user_id bigint, primary key (id))
2019-10-28 10:48:12.898 DEBUG 2580 --- [    Test worker] org.hibernate.SQL                        : create table comment (id bigint generated by default as identity, moddate timestamp, regdate timestamp, content clob not null, reply_depth bigint not null, reply_order bigint not null, board_id bigint, user_id bigint, primary key (id))
Hibernate: create table comment (id bigint generated by default as identity, moddate timestamp, regdate timestamp, content clob not null, reply_depth bigint not null, reply_order bigint not null, board_id bigint, user_id bigint, primary key (id))
2019-10-28 10:48:12.899 DEBUG 2580 --- [    Test worker] org.hibernate.SQL                        : create table oauth_client_details (id bigint not null, access_token_validity integer not null, additional_information varchar(255), authorities varchar(255), authorized_grant_types varchar(255), autoapprove varchar(255), client_id varchar(255), client_secret varchar(255), refresh_token_validity integer not null, resource_ids varchar(255), scope varchar(255), web_server_redirect_uri varchar(255), primary key (id))
Hibernate: create table oauth_client_details (id bigint not null, access_token_validity integer not null, additional_information varchar(255), authorities varchar(255), authorized_grant_types varchar(255), autoapprove varchar(255), client_id varchar(255), client_secret varchar(255), refresh_token_validity integer not null, resource_ids varchar(255), scope varchar(255), web_server_redirect_uri varchar(255), primary key (id))
2019-10-28 10:48:12.900 DEBUG 2580 --- [    Test worker] org.hibernate.SQL                        : create table persistent_logins (series varchar(255) not null, last_used binary(255), token varchar(255), user_id bigint, primary key (series))
Hibernate: create table persistent_logins (series varchar(255) not null, last_used binary(255), token varchar(255), user_id bigint, primary key (series))
2019-10-28 10:48:12.900 DEBUG 2580 --- [    Test worker] org.hibernate.SQL                        : create table user (id bigint generated by default as identity, moddate timestamp, regdate timestamp, email varchar(255) not null, name varchar(255) not null, password varchar(255) not null, username varchar(255) not null, primary key (id))
Hibernate: create table user (id bigint generated by default as identity, moddate timestamp, regdate timestamp, email varchar(255) not null, name varchar(255) not null, password varchar(255) not null, username varchar(255) not null, primary key (id))
2019-10-28 10:48:12.901 DEBUG 2580 --- [    Test worker] org.hibernate.SQL                        : create table user_authorities (user_id bigint not null, authority varchar(255))
Hibernate: create table user_authorities (user_id bigint not null, authority varchar(255))
2019-10-28 10:48:12.902 DEBUG 2580 --- [    Test worker] org.hibernate.SQL                        : alter table user add constraint UK_ob8kqyqqgmefl0aco34akdtpe unique (email)
Hibernate: alter table user add constraint UK_ob8kqyqqgmefl0aco34akdtpe unique (email)
2019-10-28 10:48:12.902 DEBUG 2580 --- [    Test worker] org.hibernate.SQL                        : alter table user add constraint UK_sb8bbouer5wak8vyiiy4pf2bx unique (username)
Hibernate: alter table user add constraint UK_sb8bbouer5wak8vyiiy4pf2bx unique (username)
2019-10-28 10:48:12.903 DEBUG 2580 --- [    Test worker] org.hibernate.SQL                        : alter table board add constraint fk_board_user foreign key (user_id) references user
Hibernate: alter table board add constraint fk_board_user foreign key (user_id) references user
2019-10-28 10:48:12.904 DEBUG 2580 --- [    Test worker] org.hibernate.SQL                        : alter table comment add constraint fk_comment_board foreign key (board_id) references board
Hibernate: alter table comment add constraint fk_comment_board foreign key (board_id) references board
2019-10-28 10:48:12.907 DEBUG 2580 --- [    Test worker] org.hibernate.SQL                        : alter table comment add constraint fk_comment_user foreign key (user_id) references user
Hibernate: alter table comment add constraint fk_comment_user foreign key (user_id) references user
2019-10-28 10:48:12.908 DEBUG 2580 --- [    Test worker] org.hibernate.SQL                        : alter table persistent_logins add constraint fk_persistent_logins foreign key (user_id) references user
Hibernate: alter table persistent_logins add constraint fk_persistent_logins foreign key (user_id) references user
2019-10-28 10:48:12.909 DEBUG 2580 --- [    Test worker] org.hibernate.SQL                        : alter table user_authorities add constraint FKmj13d0mnuj4cd8b6htotbf9mm foreign key (user_id) references user
Hibernate: alter table user_authorities add constraint FKmj13d0mnuj4cd8b6htotbf9mm foreign key (user_id) references user
2019-10-28 10:48:12.911  INFO 2580 --- [    Test worker] org.hibernate.tool.hbm2ddl.SchemaExport  : HHH000230: Schema export complete
2019-10-28 10:48:12.913  WARN 2580 --- [    Test worker] o.h.j.i.EntityManagerFactoryRegistry     : HHH000436: Entity manager factory name (default) is already registered.  If entity manager will be clustered or passivated, specify a unique value for property 'hibernate.ejb.entitymanager_factory_name'
2019-10-28 10:48:12.914  INFO 2580 --- [    Test worker] j.LocalContainerEntityManagerFactoryBean : Initialized JPA EntityManagerFactory for persistence unit 'default'
2019-10-28 10:48:12.956  INFO 2580 --- [    Test worker] o.s.jdbc.datasource.init.ScriptUtils     : Executing SQL script from URL [file:/C:/ssafy/vuex/vuex-springBoot/springboot-vue.js-bbs/build/resources/main/data.sql]
2019-10-28 10:48:12.958  INFO 2580 --- [    Test worker] o.s.jdbc.datasource.init.ScriptUtils     : Executed SQL script from URL [file:/C:/ssafy/vuex/vuex-springBoot/springboot-vue.js-bbs/build/resources/main/data.sql] in 1 ms.
2019-10-28 10:48:13.032  INFO 2580 --- [    Test worker] o.h.h.i.QueryTranslatorFactoryInitiator  : HHH000397: Using ASTQueryTranslatorFactory
2019-10-28 10:48:13.581  INFO 2580 --- [    Test worker] .s.o.p.e.FrameworkEndpointHandlerMapping : Mapped "{[/oauth/authorize],methods=[POST],params=[user_oauth_approval]}" onto public org.springframework.web.servlet.View org.springframework.security.oauth2.provider.endpoint.AuthorizationEndpoint.approveOrDeny(java.util.Map<java.lang.String, java.lang.String>,java.util.Map<java.lang.String, ?>,org.springframework.web.bind.support.SessionStatus,java.security.Principal)
2019-10-28 10:48:13.582  INFO 2580 --- [    Test worker] .s.o.p.e.FrameworkEndpointHandlerMapping : Mapped "{[/oauth/authorize]}" onto public org.springframework.web.servlet.ModelAndView org.springframework.security.oauth2.provider.endpoint.AuthorizationEndpoint.authorize(java.util.Map<java.lang.String, java.lang.Object>,java.util.Map<java.lang.String, java.lang.String>,org.springframework.web.bind.support.SessionStatus,java.security.Principal)
2019-10-28 10:48:13.583  INFO 2580 --- [    Test worker] .s.o.p.e.FrameworkEndpointHandlerMapping : Mapped "{[/oauth/token],methods=[POST]}" onto public org.springframework.http.ResponseEntity<org.springframework.security.oauth2.common.OAuth2AccessToken> org.springframework.security.oauth2.provider.endpoint.TokenEndpoint.postAccessToken(java.security.Principal,java.util.Map<java.lang.String, java.lang.String>) throws org.springframework.web.HttpRequestMethodNotSupportedException
2019-10-28 10:48:13.583  INFO 2580 --- [    Test worker] .s.o.p.e.FrameworkEndpointHandlerMapping : Mapped "{[/oauth/token],methods=[GET]}" onto public org.springframework.http.ResponseEntity<org.springframework.security.oauth2.common.OAuth2AccessToken> org.springframework.security.oauth2.provider.endpoint.TokenEndpoint.getAccessToken(java.security.Principal,java.util.Map<java.lang.String, java.lang.String>) throws org.springframework.web.HttpRequestMethodNotSupportedException
2019-10-28 10:48:13.584  INFO 2580 --- [    Test worker] .s.o.p.e.FrameworkEndpointHandlerMapping : Mapped "{[/oauth/check_token]}" onto public java.util.Map<java.lang.String, ?> org.springframework.security.oauth2.provider.endpoint.CheckTokenEndpoint.checkToken(java.lang.String)
2019-10-28 10:48:13.584  INFO 2580 --- [    Test worker] .s.o.p.e.FrameworkEndpointHandlerMapping : Mapped "{[/oauth/confirm_access]}" onto public org.springframework.web.servlet.ModelAndView org.springframework.security.oauth2.provider.endpoint.WhitelabelApprovalEndpoint.getAccessConfirmation(java.util.Map<java.lang.String, java.lang.Object>,javax.servlet.http.HttpServletRequest) throws java.lang.Exception
2019-10-28 10:48:13.585  INFO 2580 --- [    Test worker] .s.o.p.e.FrameworkEndpointHandlerMapping : Mapped "{[/oauth/error]}" onto public org.springframework.web.servlet.ModelAndView org.springframework.security.oauth2.provider.endpoint.WhitelabelErrorEndpoint.handleError(javax.servlet.http.HttpServletRequest)
2019-10-28 10:48:13.586  INFO 2580 --- [    Test worker] .s.o.p.e.FrameworkEndpointHandlerMapping : Mapped "{[/oauth/token_key],methods=[GET]}" onto public java.util.Map<java.lang.String, java.lang.String> org.springframework.security.oauth2.provider.endpoint.TokenKeyEndpoint.getKey(java.security.Principal)
2019-10-28 10:48:13.815  INFO 2580 --- [    Test worker] o.s.s.web.DefaultSecurityFilterChain     : Creating filter chain: Ant [pattern='/js/**'], []
2019-10-28 10:48:13.816  INFO 2580 --- [    Test worker] o.s.s.web.DefaultSecurityFilterChain     : Creating filter chain: Ant [pattern='/css/**'], []
2019-10-28 10:48:13.816  INFO 2580 --- [    Test worker] o.s.s.web.DefaultSecurityFilterChain     : Creating filter chain: Ant [pattern='/h2-console/**'], []
2019-10-28 10:48:13.884  INFO 2580 --- [    Test worker] o.s.s.web.DefaultSecurityFilterChain     : Creating filter chain: OrRequestMatcher [requestMatchers=[Ant [pattern='/oauth/token'], Ant [pattern='/oauth/token_key'], Ant [pattern='/oauth/check_token']]], [org.springframework.security.web.context.request.async.WebAsyncManagerIntegrationFilter@de0e2a4, org.springframework.security.web.context.SecurityContextPersistenceFilter@264d4222, org.springframework.security.web.header.HeaderWriterFilter@5e42efd0, org.springframework.security.web.authentication.logout.LogoutFilter@3e258f7, org.springframework.security.web.authentication.www.BasicAuthenticationFilter@35bad7c6, org.springframework.security.web.savedrequest.RequestCacheAwareFilter@45c34573, org.springframework.security.web.servletapi.SecurityContextHolderAwareRequestFilter@293f55ac, org.springframework.security.web.authentication.AnonymousAuthenticationFilter@7f1c5c31, org.springframework.security.web.session.SessionManagementFilter@549046f, org.springframework.security.web.access.ExceptionTranslationFilter@723d712c, org.springframework.security.web.access.intercept.FilterSecurityInterceptor@7b6bf372]
2019-10-28 10:48:13.914  INFO 2580 --- [    Test worker] o.s.s.web.DefaultSecurityFilterChain     : Creating filter chain: OrRequestMatcher [requestMatchers=[Ant [pattern='/api/**']]], [org.springframework.security.web.context.request.async.WebAsyncManagerIntegrationFilter@2a269d7d, org.springframework.security.web.context.SecurityContextPersistenceFilter@2d3d6a46, org.springframework.security.web.header.HeaderWriterFilter@7dc2b732, org.springframework.web.filter.CorsFilter@1bc8f1fd, org.springframework.security.web.authentication.logout.LogoutFilter@be1b072, org.springframework.security.oauth2.provider.authentication.OAuth2AuthenticationProcessingFilter@7f9f9966, org.springframework.security.web.savedrequest.RequestCacheAwareFilter@290669ef, org.springframework.security.web.servletapi.SecurityContextHolderAwareRequestFilter@419520da, org.springframework.security.web.authentication.AnonymousAuthenticationFilter@45bf93eb, org.springframework.security.web.session.SessionManagementFilter@148bc6bc, org.springframework.security.web.access.ExceptionTranslationFilter@34b61127, org.springframework.security.web.access.intercept.FilterSecurityInterceptor@36f1d9bd]
2019-10-28 10:48:13.937  INFO 2580 --- [    Test worker] o.s.s.web.DefaultSecurityFilterChain     : Creating filter chain: org.springframework.security.web.util.matcher.AnyRequestMatcher@1, [org.springframework.security.web.context.request.async.WebAsyncManagerIntegrationFilter@14fc8cf5, org.springframework.security.web.context.SecurityContextPersistenceFilter@43ceb9b6, org.springframework.security.web.header.HeaderWriterFilter@fc7a68f, org.springframework.web.filter.CorsFilter@568450ef, org.springframework.security.web.csrf.CsrfFilter@2b65f4d0, org.springframework.security.web.authentication.logout.LogoutFilter@44062033, org.springframework.security.web.authentication.UsernamePasswordAuthenticationFilter@3168ccbc, org.springframework.security.web.savedrequest.RequestCacheAwareFilter@7dca0561, org.springframework.security.web.servletapi.SecurityContextHolderAwareRequestFilter@4f8b3789, org.springframework.security.web.authentication.rememberme.RememberMeAuthenticationFilter@5aa7d8ca, org.springframework.security.web.authentication.AnonymousAuthenticationFilter@3201b37d, org.springframework.security.web.session.SessionManagementFilter@b8000d3, org.springframework.security.web.access.ExceptionTranslationFilter@66cb1e30, org.springframework.security.web.access.intercept.FilterSecurityInterceptor@268beb8]
2019-10-28 10:48:13.938  INFO 2580 --- [    Test worker] o.s.s.web.DefaultSecurityFilterChain     : Creating filter chain: Ant [pattern='/h2-console/**'], [org.springframework.security.web.context.request.async.WebAsyncManagerIntegrationFilter@52113353, org.springframework.security.web.context.SecurityContextPersistenceFilter@29b155c0, org.springframework.security.web.header.HeaderWriterFilter@26c3ae2e, org.springframework.security.web.authentication.logout.LogoutFilter@35098e28, org.springframework.security.web.authentication.www.BasicAuthenticationFilter@1635d21c, org.springframework.security.web.savedrequest.RequestCacheAwareFilter@2e761858, org.springframework.security.web.servletapi.SecurityContextHolderAwareRequestFilter@157f7166, org.springframework.security.web.authentication.AnonymousAuthenticationFilter@1c199787, org.springframework.security.web.session.SessionManagementFilter@430c6b5a, org.springframework.security.web.access.ExceptionTranslationFilter@2a05a8b6, org.springframework.security.web.access.intercept.FilterSecurityInterceptor@27992686]
2019-10-28 10:48:14.432  INFO 2580 --- [    Test worker] s.w.s.m.m.a.RequestMappingHandlerAdapter : Looking for @ControllerAdvice: org.springframework.web.context.support.GenericWebApplicationContext@7363c50: startup date [Mon Oct 28 10:48:12 KST 2019]; root of context hierarchy
2019-10-28 10:48:14.477 DEBUG 2580 --- [    Test worker] s.w.s.m.m.a.RequestMappingHandlerMapping : Looking for request mappings in application context: org.springframework.web.context.support.GenericWebApplicationContext@7363c50: startup date [Mon Oct 28 10:48:12 KST 2019]; root of context hierarchy
2019-10-28 10:48:14.482 DEBUG 2580 --- [    Test worker] s.w.s.m.m.a.RequestMappingHandlerMapping : 5 request handler methods found on class kr.pravusid.api.v1.BoardApi: {public void kr.pravusid.api.v1.BoardApi.write(java.lang.String,kr.pravusid.dto.BoardDto)={[/api/v1/board],methods=[POST]}, public org.springframework.data.domain.Page kr.pravusid.api.v1.BoardApi.list(org.springframework.data.domain.Pageable,kr.pravusid.dto.Pagination)={[/api/v1/board],methods=[GET]}, public kr.pravusid.dto.BoardDto kr.pravusid.api.v1.BoardApi.readOne(java.lang.Long)={[/api/v1/board/{id}],methods=[GET]}, public void kr.pravusid.api.v1.BoardApi.deleteOne(java.lang.String,java.lang.Long)={[/api/v1/board/{id}],methods=[DELETE]}, public void kr.pravusid.api.v1.BoardApi.modifyOne(java.lang.String,java.lang.Long,kr.pravusid.dto.BoardDto)={[/api/v1/board/{id}],methods=[PUT]}}
2019-10-28 10:48:14.482  INFO 2580 --- [    Test worker] s.w.s.m.m.a.RequestMappingHandlerMapping : Mapped "{[/api/v1/board],methods=[POST]}" onto public void kr.pravusid.api.v1.BoardApi.write(java.lang.String,kr.pravusid.dto.BoardDto)
2019-10-28 10:48:14.483  INFO 2580 --- [    Test worker] s.w.s.m.m.a.RequestMappingHandlerMapping : Mapped "{[/api/v1/board],methods=[GET]}" onto public org.springframework.data.domain.Page<kr.pravusid.dto.BoardDto> kr.pravusid.api.v1.BoardApi.list(org.springframework.data.domain.Pageable,kr.pravusid.dto.Pagination)
2019-10-28 10:48:14.483  INFO 2580 --- [    Test worker] s.w.s.m.m.a.RequestMappingHandlerMapping : Mapped "{[/api/v1/board/{id}],methods=[GET]}" onto public kr.pravusid.dto.BoardDto kr.pravusid.api.v1.BoardApi.readOne(java.lang.Long)
2019-10-28 10:48:14.483  INFO 2580 --- [    Test worker] s.w.s.m.m.a.RequestMappingHandlerMapping : Mapped "{[/api/v1/board/{id}],methods=[DELETE]}" onto public void kr.pravusid.api.v1.BoardApi.deleteOne(java.lang.String,java.lang.Long)
2019-10-28 10:48:14.484  INFO 2580 --- [    Test worker] s.w.s.m.m.a.RequestMappingHandlerMapping : Mapped "{[/api/v1/board/{id}],methods=[PUT]}" onto public void kr.pravusid.api.v1.BoardApi.modifyOne(java.lang.String,java.lang.Long,kr.pravusid.dto.BoardDto)
2019-10-28 10:48:14.485 DEBUG 2580 --- [    Test worker] s.w.s.m.m.a.RequestMappingHandlerMapping : 4 request handler methods found on class kr.pravusid.api.v1.CommentApi: {public void kr.pravusid.api.v1.CommentApi.delete(java.lang.Long,java.lang.Long,java.lang.String)={[/api/v1/board/{boardId}/comment/{id}],methods=[DELETE]}, public java.util.List kr.pravusid.api.v1.CommentApi.comments(java.lang.Long)={[/api/v1/board/{boardId}/comment],methods=[GET]}, public void kr.pravusid.api.v1.CommentApi.reply(java.lang.Long,java.lang.String,kr.pravusid.dto.CommentDto)={[/api/v1/board/{boardId}/comment],methods=[POST]}, public void kr.pravusid.api.v1.CommentApi.modify(java.lang.Long,java.lang.Long,java.lang.String,kr.pravusid.dto.CommentDto)={[/api/v1/board/{boardId}/comment/{id}],methods=[PUT]}}
2019-10-28 10:48:14.486  INFO 2580 --- [    Test worker] s.w.s.m.m.a.RequestMappingHandlerMapping : Mapped "{[/api/v1/board/{boardId}/comment/{id}],methods=[DELETE]}" onto public void kr.pravusid.api.v1.CommentApi.delete(java.lang.Long,java.lang.Long,java.lang.String)
2019-10-28 10:48:14.486  INFO 2580 --- [    Test worker] s.w.s.m.m.a.RequestMappingHandlerMapping : Mapped "{[/api/v1/board/{boardId}/comment],methods=[GET]}" onto public java.util.List<kr.pravusid.dto.CommentDto> kr.pravusid.api.v1.CommentApi.comments(java.lang.Long)
2019-10-28 10:48:14.486  INFO 2580 --- [    Test worker] s.w.s.m.m.a.RequestMappingHandlerMapping : Mapped "{[/api/v1/board/{boardId}/comment],methods=[POST]}" onto public void kr.pravusid.api.v1.CommentApi.reply(java.lang.Long,java.lang.String,kr.pravusid.dto.CommentDto)
2019-10-28 10:48:14.486  INFO 2580 --- [    Test worker] s.w.s.m.m.a.RequestMappingHandlerMapping : Mapped "{[/api/v1/board/{boardId}/comment/{id}],methods=[PUT]}" onto public void kr.pravusid.api.v1.CommentApi.modify(java.lang.Long,java.lang.Long,java.lang.String,kr.pravusid.dto.CommentDto)
2019-10-28 10:48:14.487 DEBUG 2580 --- [    Test worker] s.w.s.m.m.a.RequestMappingHandlerMapping : 4 request handler methods found on class kr.pravusid.api.v1.UserApi: {public java.util.List kr.pravusid.api.v1.UserApi.list()={[/api/v1/user],methods=[GET]}, public kr.pravusid.dto.UserDto kr.pravusid.api.v1.UserApi.detail(java.lang.String,java.lang.String)={[/api/v1/user/{username}],methods=[GET]}, public void kr.pravusid.api.v1.UserApi.modify(java.lang.String,kr.pravusid.dto.UserDto,java.lang.String)={[/api/v1/user/{username}],methods=[PUT]}, public void kr.pravusid.api.v1.UserApi.signup(kr.pravusid.dto.UserDto)={[/api/v1/user/signup],methods=[POST]}}
2019-10-28 10:48:14.488  INFO 2580 --- [    Test worker] s.w.s.m.m.a.RequestMappingHandlerMapping : Mapped "{[/api/v1/user],methods=[GET]}" onto public java.util.List<kr.pravusid.dto.UserDto> kr.pravusid.api.v1.UserApi.list()
2019-10-28 10:48:14.488  INFO 2580 --- [    Test worker] s.w.s.m.m.a.RequestMappingHandlerMapping : Mapped "{[/api/v1/user/{username}],methods=[GET]}" onto public kr.pravusid.dto.UserDto kr.pravusid.api.v1.UserApi.detail(java.lang.String,java.lang.String)
2019-10-28 10:48:14.488  INFO 2580 --- [    Test worker] s.w.s.m.m.a.RequestMappingHandlerMapping : Mapped "{[/api/v1/user/{username}],methods=[PUT]}" onto public void kr.pravusid.api.v1.UserApi.modify(java.lang.String,kr.pravusid.dto.UserDto,java.lang.String)
2019-10-28 10:48:14.489  INFO 2580 --- [    Test worker] s.w.s.m.m.a.RequestMappingHandlerMapping : Mapped "{[/api/v1/user/signup],methods=[POST]}" onto public void kr.pravusid.api.v1.UserApi.signup(kr.pravusid.dto.UserDto)
2019-10-28 10:48:14.490 DEBUG 2580 --- [    Test worker] s.w.s.m.m.a.RequestMappingHandlerMapping : 7 request handler methods found on class kr.pravusid.web.BoardController: {public java.lang.String kr.pravusid.web.BoardController.write(kr.pravusid.dto.BoardDto)={[/board],methods=[POST]}, public java.lang.String kr.pravusid.web.BoardController.write()={[/board/write],methods=[GET]}, public java.lang.String kr.pravusid.web.BoardController.delete(kr.pravusid.dto.BoardDto)={[/board],methods=[DELETE]}, public java.lang.String kr.pravusid.web.BoardController.list(org.springframework.data.domain.Pageable,kr.pravusid.dto.Pagination,org.springframework.ui.Model)={[/board],methods=[GET]}, public java.lang.String kr.pravusid.web.BoardController.detail(java.lang.Long,javax.servlet.http.HttpServletRequest,org.springframework.security.core.Authentication,org.springframework.ui.Model)={[/board/{id}],methods=[GET]}, public java.lang.String kr.pravusid.web.BoardController.modify(java.lang.Long,kr.pravusid.dto.BoardDto,java.lang.String)={[/board/{id}],methods=[PUT]}, public java.lang.String kr.pravusid.web.BoardController.modify(java.lang.Long,javax.servlet.http.HttpServletRequest,org.springframework.ui.Model)={[/board/{id}/modify],methods=[GET]}}
2019-10-28 10:48:14.491  INFO 2580 --- [    Test worker] s.w.s.m.m.a.RequestMappingHandlerMapping : Mapped "{[/board],methods=[POST]}" onto public java.lang.String kr.pravusid.web.BoardController.write(kr.pravusid.dto.BoardDto)
2019-10-28 10:48:14.491  INFO 2580 --- [    Test worker] s.w.s.m.m.a.RequestMappingHandlerMapping : Mapped "{[/board/write],methods=[GET]}" onto public java.lang.String kr.pravusid.web.BoardController.write()
2019-10-28 10:48:14.491  INFO 2580 --- [    Test worker] s.w.s.m.m.a.RequestMappingHandlerMapping : Mapped "{[/board],methods=[DELETE]}" onto public java.lang.String kr.pravusid.web.BoardController.delete(kr.pravusid.dto.BoardDto)
2019-10-28 10:48:14.491  INFO 2580 --- [    Test worker] s.w.s.m.m.a.RequestMappingHandlerMapping : Mapped "{[/board],methods=[GET]}" onto public java.lang.String kr.pravusid.web.BoardController.list(org.springframework.data.domain.Pageable,kr.pravusid.dto.Pagination,org.springframework.ui.Model)
2019-10-28 10:48:14.491  INFO 2580 --- [    Test worker] s.w.s.m.m.a.RequestMappingHandlerMapping : Mapped "{[/board/{id}],methods=[GET]}" onto public java.lang.String kr.pravusid.web.BoardController.detail(java.lang.Long,javax.servlet.http.HttpServletRequest,org.springframework.security.core.Authentication,org.springframework.ui.Model)
2019-10-28 10:48:14.492  INFO 2580 --- [    Test worker] s.w.s.m.m.a.RequestMappingHandlerMapping : Mapped "{[/board/{id}],methods=[PUT]}" onto public java.lang.String kr.pravusid.web.BoardController.modify(java.lang.Long,kr.pravusid.dto.BoardDto,java.lang.String)
2019-10-28 10:48:14.492  INFO 2580 --- [    Test worker] s.w.s.m.m.a.RequestMappingHandlerMapping : Mapped "{[/board/{id}/modify],methods=[GET]}" onto public java.lang.String kr.pravusid.web.BoardController.modify(java.lang.Long,javax.servlet.http.HttpServletRequest,org.springframework.ui.Model)
2019-10-28 10:48:14.493 DEBUG 2580 --- [    Test worker] s.w.s.m.m.a.RequestMappingHandlerMapping : 3 request handler methods found on class kr.pravusid.web.CommentController: {public java.lang.String kr.pravusid.web.CommentController.delete(java.lang.Long,java.lang.Long,java.lang.String)={[/board/{boardId}/comment/{id}],methods=[DELETE]}, public java.lang.String kr.pravusid.web.CommentController.reply(java.lang.Long,java.lang.String,kr.pravusid.dto.CommentDto)={[/board/{boardId}/comment],methods=[POST]}, public java.lang.String kr.pravusid.web.CommentController.modify(java.lang.Long,java.lang.Long,java.lang.String,kr.pravusid.dto.CommentDto)={[/board/{boardId}/comment/{id}],methods=[PUT]}}
2019-10-28 10:48:14.493  INFO 2580 --- [    Test worker] s.w.s.m.m.a.RequestMappingHandlerMapping : Mapped "{[/board/{boardId}/comment/{id}],methods=[DELETE]}" onto public java.lang.String kr.pravusid.web.CommentController.delete(java.lang.Long,java.lang.Long,java.lang.String)
2019-10-28 10:48:14.493  INFO 2580 --- [    Test worker] s.w.s.m.m.a.RequestMappingHandlerMapping : Mapped "{[/board/{boardId}/comment],methods=[POST]}" onto public java.lang.String kr.pravusid.web.CommentController.reply(java.lang.Long,java.lang.String,kr.pravusid.dto.CommentDto)
2019-10-28 10:48:14.493  INFO 2580 --- [    Test worker] s.w.s.m.m.a.RequestMappingHandlerMapping : Mapped "{[/board/{boardId}/comment/{id}],methods=[PUT]}" onto public java.lang.String kr.pravusid.web.CommentController.modify(java.lang.Long,java.lang.Long,java.lang.String,kr.pravusid.dto.CommentDto)
2019-10-28 10:48:14.494 DEBUG 2580 --- [    Test worker] s.w.s.m.m.a.RequestMappingHandlerMapping : 2 request handler methods found on class kr.pravusid.web.MainController: {public java.lang.String kr.pravusid.web.MainController.accessDenied()={[/denied],methods=[GET]}, public java.lang.String kr.pravusid.web.MainController.mainPage()={[/],methods=[GET]}}
2019-10-28 10:48:14.494  INFO 2580 --- [    Test worker] s.w.s.m.m.a.RequestMappingHandlerMapping : Mapped "{[/denied],methods=[GET]}" onto public java.lang.String kr.pravusid.web.MainController.accessDenied()
2019-10-28 10:48:14.494  INFO 2580 --- [    Test worker] s.w.s.m.m.a.RequestMappingHandlerMapping : Mapped "{[/],methods=[GET]}" onto public java.lang.String kr.pravusid.web.MainController.mainPage()
2019-10-28 10:48:14.495 DEBUG 2580 --- [    Test worker] s.w.s.m.m.a.RequestMappingHandlerMapping : 6 request handler methods found on class kr.pravusid.web.UserController: {public java.lang.String kr.pravusid.web.UserController.list(org.springframework.ui.Model)={[/user],methods=[GET]}, public java.lang.String kr.pravusid.web.UserController.login()={[/login],methods=[GET]}, public java.lang.String kr.pravusid.web.UserController.detail(java.lang.Long,org.springframework.ui.Model)={[/user/{id}],methods=[GET]}, public java.lang.String kr.pravusid.web.UserController.modify(java.lang.Long,kr.pravusid.dto.UserDto)={[/user/{id}],methods=[PUT]}, public java.lang.String kr.pravusid.web.UserController.signup(kr.pravusid.dto.UserDto)={[/signup],methods=[GET]}, public java.lang.String kr.pravusid.web.UserController.signup(kr.pravusid.dto.UserDto,org.springframework.validation.BindingResult)={[/signup],methods=[POST]}}
2019-10-28 10:48:14.495  INFO 2580 --- [    Test worker] s.w.s.m.m.a.RequestMappingHandlerMapping : Mapped "{[/user],methods=[GET]}" onto public java.lang.String kr.pravusid.web.UserController.list(org.springframework.ui.Model)
2019-10-28 10:48:14.495  INFO 2580 --- [    Test worker] s.w.s.m.m.a.RequestMappingHandlerMapping : Mapped "{[/login],methods=[GET]}" onto public java.lang.String kr.pravusid.web.UserController.login()
2019-10-28 10:48:14.495  INFO 2580 --- [    Test worker] s.w.s.m.m.a.RequestMappingHandlerMapping : Mapped "{[/user/{id}],methods=[GET]}" onto public java.lang.String kr.pravusid.web.UserController.detail(java.lang.Long,org.springframework.ui.Model)
2019-10-28 10:48:14.496  INFO 2580 --- [    Test worker] s.w.s.m.m.a.RequestMappingHandlerMapping : Mapped "{[/user/{id}],methods=[PUT]}" onto public java.lang.String kr.pravusid.web.UserController.modify(java.lang.Long,kr.pravusid.dto.UserDto)
2019-10-28 10:48:14.496  INFO 2580 --- [    Test worker] s.w.s.m.m.a.RequestMappingHandlerMapping : Mapped "{[/signup],methods=[GET]}" onto public java.lang.String kr.pravusid.web.UserController.signup(kr.pravusid.dto.UserDto)
2019-10-28 10:48:14.496  INFO 2580 --- [    Test worker] s.w.s.m.m.a.RequestMappingHandlerMapping : Mapped "{[/signup],methods=[POST]}" onto public java.lang.String kr.pravusid.web.UserController.signup(kr.pravusid.dto.UserDto,org.springframework.validation.BindingResult)
2019-10-28 10:48:14.497 DEBUG 2580 --- [    Test worker] s.w.s.m.m.a.RequestMappingHandlerMapping : 2 request handler methods found on class org.springframework.boot.autoconfigure.web.BasicErrorController: {public org.springframework.http.ResponseEntity org.springframework.boot.autoconfigure.web.BasicErrorController.error(javax.servlet.http.HttpServletRequest)={[/error]}, public org.springframework.web.servlet.ModelAndView org.springframework.boot.autoconfigure.web.BasicErrorController.errorHtml(javax.servlet.http.HttpServletRequest,javax.servlet.http.HttpServletResponse)={[/error],produces=[text/html]}}
2019-10-28 10:48:14.497  INFO 2580 --- [    Test worker] s.w.s.m.m.a.RequestMappingHandlerMapping : Mapped "{[/error]}" onto public org.springframework.http.ResponseEntity<java.util.Map<java.lang.String, java.lang.Object>> org.springframework.boot.autoconfigure.web.BasicErrorController.error(javax.servlet.http.HttpServletRequest)
2019-10-28 10:48:14.497  INFO 2580 --- [    Test worker] s.w.s.m.m.a.RequestMappingHandlerMapping : Mapped "{[/error],produces=[text/html]}" onto public org.springframework.web.servlet.ModelAndView org.springframework.boot.autoconfigure.web.BasicErrorController.errorHtml(javax.servlet.http.HttpServletRequest,javax.servlet.http.HttpServletResponse)
2019-10-28 10:48:14.525 DEBUG 2580 --- [    Test worker] o.s.w.s.h.BeanNameUrlHandlerMapping      : Looking for URL mappings in application context: org.springframework.web.context.support.GenericWebApplicationContext@7363c50: startup date [Mon Oct 28 10:48:12 KST 2019]; root of context hierarchy
2019-10-28 10:48:14.525 DEBUG 2580 --- [    Test worker] o.s.w.s.h.BeanNameUrlHandlerMapping      : Rejected bean name 'org.springframework.boot.test.mock.mockito.MockitoPostProcessor$SpyPostProcessor': no URL paths identified
2019-10-28 10:48:14.525 DEBUG 2580 --- [    Test worker] o.s.w.s.h.BeanNameUrlHandlerMapping      : Rejected bean name 'org.springframework.boot.test.mock.mockito.MockitoPostProcessor': no URL paths identified
2019-10-28 10:48:14.525 DEBUG 2580 --- [    Test worker] o.s.w.s.h.BeanNameUrlHandlerMapping      : Rejected bean name 'org.springframework.context.annotation.internalConfigurationAnnotationProcessor': no URL paths identified
2019-10-28 10:48:14.525 DEBUG 2580 --- [    Test worker] o.s.w.s.h.BeanNameUrlHandlerMapping      : Rejected bean name 'org.springframework.context.annotation.internalAutowiredAnnotationProcessor': no URL paths identified
2019-10-28 10:48:14.525 DEBUG 2580 --- [    Test worker] o.s.w.s.h.BeanNameUrlHandlerMapping      : Rejected bean name 'org.springframework.context.annotation.internalRequiredAnnotationProcessor': no URL paths identified
2019-10-28 10:48:14.525 DEBUG 2580 --- [    Test worker] o.s.w.s.h.BeanNameUrlHandlerMapping      : Rejected bean name 'org.springframework.context.annotation.internalCommonAnnotationProcessor': no URL paths identified
2019-10-28 10:48:14.525 DEBUG 2580 --- [    Test worker] o.s.w.s.h.BeanNameUrlHandlerMapping      : Rejected bean name 'org.springframework.context.annotation.internalPersistenceAnnotationProcessor': no URL paths identified
2019-10-28 10:48:14.525 DEBUG 2580 --- [    Test worker] o.s.w.s.h.BeanNameUrlHandlerMapping      : Rejected bean name 'org.springframework.context.event.internalEventListenerProcessor': no URL paths identified
2019-10-28 10:48:14.526 DEBUG 2580 --- [    Test worker] o.s.w.s.h.BeanNameUrlHandlerMapping      : Rejected bean name 'org.springframework.context.event.internalEventListenerFactory': no URL paths identified
2019-10-28 10:48:14.526 DEBUG 2580 --- [    Test worker] o.s.w.s.h.BeanNameUrlHandlerMapping      : Rejected bean name 'webApplication': no URL paths identified
2019-10-28 10:48:14.526 DEBUG 2580 --- [    Test worker] o.s.w.s.h.BeanNameUrlHandlerMapping      : Rejected bean name 'org.springframework.boot.autoconfigure.internalCachingMetadataReaderFactory': no URL paths identified
2019-10-28 10:48:14.526 DEBUG 2580 --- [    Test worker] o.s.w.s.h.BeanNameUrlHandlerMapping      : Rejected bean name 'boardApi': no URL paths identified
2019-10-28 10:48:14.526 DEBUG 2580 --- [    Test worker] o.s.w.s.h.BeanNameUrlHandlerMapping      : Rejected bean name 'commentApi': no URL paths identified
2019-10-28 10:48:14.526 DEBUG 2580 --- [    Test worker] o.s.w.s.h.BeanNameUrlHandlerMapping      : Rejected bean name 'userApi': no URL paths identified
2019-10-28 10:48:14.526 DEBUG 2580 --- [    Test worker] o.s.w.s.h.BeanNameUrlHandlerMapping      : Rejected bean name 'authorizationSeverConfig': no URL paths identified
2019-10-28 10:48:14.526 DEBUG 2580 --- [    Test worker] o.s.w.s.h.BeanNameUrlHandlerMapping      : Rejected bean name 'customCorsFilter': no URL paths identified
2019-10-28 10:48:14.526 DEBUG 2580 --- [    Test worker] o.s.w.s.h.BeanNameUrlHandlerMapping      : Rejected bean name 'resourceServerConfig': no URL paths identified
2019-10-28 10:48:14.526 DEBUG 2580 --- [    Test worker] o.s.w.s.h.BeanNameUrlHandlerMapping      : Rejected bean name 'securityConfig': no URL paths identified
2019-10-28 10:48:14.526 DEBUG 2580 --- [    Test worker] o.s.w.s.h.BeanNameUrlHandlerMapping      : Rejected bean name 'webConfig': no URL paths identified
2019-10-28 10:48:14.526 DEBUG 2580 --- [    Test worker] o.s.w.s.h.BeanNameUrlHandlerMapping      : Rejected bean name 'persistentTokenRepositoryImpl': no URL paths identified
2019-10-28 10:48:14.526 DEBUG 2580 --- [    Test worker] o.s.w.s.h.BeanNameUrlHandlerMapping      : Rejected bean name 'boardService': no URL paths identified
2019-10-28 10:48:14.527 DEBUG 2580 --- [    Test worker] o.s.w.s.h.BeanNameUrlHandlerMapping      : Rejected bean name 'commentService': no URL paths identified
2019-10-28 10:48:14.527 DEBUG 2580 --- [    Test worker] o.s.w.s.h.BeanNameUrlHandlerMapping      : Rejected bean name 'jwtUserService': no URL paths identified
2019-10-28 10:48:14.527 DEBUG 2580 --- [    Test worker] o.s.w.s.h.BeanNameUrlHandlerMapping      : Rejected bean name 'sessionUserService': no URL paths identified
2019-10-28 10:48:14.527 DEBUG 2580 --- [    Test worker] o.s.w.s.h.BeanNameUrlHandlerMapping      : Rejected bean name 'userService': no URL paths identified
2019-10-28 10:48:14.527 DEBUG 2580 --- [    Test worker] o.s.w.s.h.BeanNameUrlHandlerMapping      : Rejected bean name 'boardController': no URL paths identified
2019-10-28 10:48:14.527 DEBUG 2580 --- [    Test worker] o.s.w.s.h.BeanNameUrlHandlerMapping      : Rejected bean name 'commentController': no URL paths identified
2019-10-28 10:48:14.527 DEBUG 2580 --- [    Test worker] o.s.w.s.h.BeanNameUrlHandlerMapping      : Rejected bean name 'mainController': no URL paths identified
2019-10-28 10:48:14.527 DEBUG 2580 --- [    Test worker] o.s.w.s.h.BeanNameUrlHandlerMapping      : Rejected bean name 'userController': no URL paths identified
2019-10-28 10:48:14.527 DEBUG 2580 --- [    Test worker] o.s.w.s.h.BeanNameUrlHandlerMapping      : Rejected bean name 'org.springframework.security.oauth2.config.annotation.web.configuration.AuthorizationServerEndpointsConfiguration$TokenKeyEndpointRegistrar': no URL paths identified
2019-10-28 10:48:14.527 DEBUG 2580 --- [    Test worker] o.s.w.s.h.BeanNameUrlHandlerMapping      : Rejected bean name 'org.springframework.security.oauth2.config.annotation.web.configuration.AuthorizationServerEndpointsConfiguration': no URL paths identified
2019-10-28 10:48:14.527 DEBUG 2580 --- [    Test worker] o.s.w.s.h.BeanNameUrlHandlerMapping      : Rejected bean name 'authorizationEndpoint': no URL paths identified
2019-10-28 10:48:14.527 DEBUG 2580 --- [    Test worker] o.s.w.s.h.BeanNameUrlHandlerMapping      : Rejected bean name 'tokenEndpoint': no URL paths identified
2019-10-28 10:48:14.527 DEBUG 2580 --- [    Test worker] o.s.w.s.h.BeanNameUrlHandlerMapping      : Rejected bean name 'checkTokenEndpoint': no URL paths identified
2019-10-28 10:48:14.528 DEBUG 2580 --- [    Test worker] o.s.w.s.h.BeanNameUrlHandlerMapping      : Rejected bean name 'whitelabelApprovalEndpoint': no URL paths identified
2019-10-28 10:48:14.528 DEBUG 2580 --- [    Test worker] o.s.w.s.h.BeanNameUrlHandlerMapping      : Rejected bean name 'whitelabelErrorEndpoint': no URL paths identified
2019-10-28 10:48:14.528 DEBUG 2580 --- [    Test worker] o.s.w.s.h.BeanNameUrlHandlerMapping      : Rejected bean name 'oauth2EndpointHandlerMapping': no URL paths identified
2019-10-28 10:48:14.528 DEBUG 2580 --- [    Test worker] o.s.w.s.h.BeanNameUrlHandlerMapping      : Rejected bean name 'consumerTokenServices': no URL paths identified
2019-10-28 10:48:14.528 DEBUG 2580 --- [    Test worker] o.s.w.s.h.BeanNameUrlHandlerMapping      : Rejected bean name 'defaultAuthorizationServerTokenServices': no URL paths identified
2019-10-28 10:48:14.528 DEBUG 2580 --- [    Test worker] o.s.w.s.h.BeanNameUrlHandlerMapping      : Rejected bean name 'org.springframework.security.oauth2.config.annotation.configuration.ClientDetailsServiceConfiguration': no URL paths identified
2019-10-28 10:48:14.528 DEBUG 2580 --- [    Test worker] o.s.w.s.h.BeanNameUrlHandlerMapping      : Rejected bean name 'clientDetailsServiceConfigurer': no URL paths identified
2019-10-28 10:48:14.528 DEBUG 2580 --- [    Test worker] o.s.w.s.h.BeanNameUrlHandlerMapping      : Rejected bean name 'scopedTarget.clientDetailsService': no URL paths identified
2019-10-28 10:48:14.528 DEBUG 2580 --- [    Test worker] o.s.w.s.h.BeanNameUrlHandlerMapping      : Rejected bean name 'clientDetailsService': no URL paths identified
2019-10-28 10:48:14.528 DEBUG 2580 --- [    Test worker] o.s.w.s.h.BeanNameUrlHandlerMapping      : Rejected bean name 'org.springframework.security.oauth2.config.annotation.web.configuration.AuthorizationServerSecurityConfiguration': no URL paths identified
2019-10-28 10:48:14.528 DEBUG 2580 --- [    Test worker] o.s.w.s.h.BeanNameUrlHandlerMapping      : Rejected bean name 'tokenStore': no URL paths identified
2019-10-28 10:48:14.529 DEBUG 2580 --- [    Test worker] o.s.w.s.h.BeanNameUrlHandlerMapping      : Rejected bean name 'accessTokenConverter': no URL paths identified
2019-10-28 10:48:14.529 DEBUG 2580 --- [    Test worker] o.s.w.s.h.BeanNameUrlHandlerMapping      : Rejected bean name 'tokenService': no URL paths identified
2019-10-28 10:48:14.529 DEBUG 2580 --- [    Test worker] o.s.w.s.h.BeanNameUrlHandlerMapping      : Rejected bean name 'org.springframework.security.oauth2.config.annotation.web.configuration.ResourceServerConfiguration': no URL paths identified
2019-10-28 10:48:14.529 DEBUG 2580 --- [    Test worker] o.s.w.s.h.BeanNameUrlHandlerMapping      : Rejected bean name 'org.springframework.security.config.annotation.configuration.ObjectPostProcessorConfiguration': no URL paths identified
2019-10-28 10:48:14.529 DEBUG 2580 --- [    Test worker] o.s.w.s.h.BeanNameUrlHandlerMapping      : Rejected bean name 'objectPostProcessor': no URL paths identified
2019-10-28 10:48:14.529 DEBUG 2580 --- [    Test worker] o.s.w.s.h.BeanNameUrlHandlerMapping      : Rejected bean name 'org.springframework.security.config.annotation.authentication.configuration.AuthenticationConfiguration': no URL paths identified
2019-10-28 10:48:14.529 DEBUG 2580 --- [    Test worker] o.s.w.s.h.BeanNameUrlHandlerMapping      : Rejected bean name 'authenticationManagerBuilder': no URL paths identified
2019-10-28 10:48:14.529 DEBUG 2580 --- [    Test worker] o.s.w.s.h.BeanNameUrlHandlerMapping      : Rejected bean name 'enableGlobalAuthenticationAutowiredConfigurer': no URL paths identified
2019-10-28 10:48:14.529 DEBUG 2580 --- [    Test worker] o.s.w.s.h.BeanNameUrlHandlerMapping      : Rejected bean name 'initializeUserDetailsBeanManagerConfigurer': no URL paths identified
2019-10-28 10:48:14.529 DEBUG 2580 --- [    Test worker] o.s.w.s.h.BeanNameUrlHandlerMapping      : Rejected bean name 'initializeAuthenticationProviderBeanManagerConfigurer': no URL paths identified
2019-10-28 10:48:14.529 DEBUG 2580 --- [    Test worker] o.s.w.s.h.BeanNameUrlHandlerMapping      : Rejected bean name 'org.springframework.security.config.annotation.web.configuration.WebSecurityConfiguration': no URL paths identified
2019-10-28 10:48:14.529 DEBUG 2580 --- [    Test worker] o.s.w.s.h.BeanNameUrlHandlerMapping      : Rejected bean name 'delegatingApplicationListener': no URL paths identified
2019-10-28 10:48:14.529 DEBUG 2580 --- [    Test worker] o.s.w.s.h.BeanNameUrlHandlerMapping      : Rejected bean name 'webSecurityExpressionHandler': no URL paths identified
2019-10-28 10:48:14.529 DEBUG 2580 --- [    Test worker] o.s.w.s.h.BeanNameUrlHandlerMapping      : Rejected bean name 'springSecurityFilterChain': no URL paths identified
2019-10-28 10:48:14.530 DEBUG 2580 --- [    Test worker] o.s.w.s.h.BeanNameUrlHandlerMapping      : Rejected bean name 'privilegeEvaluator': no URL paths identified
2019-10-28 10:48:14.530 DEBUG 2580 --- [    Test worker] o.s.w.s.h.BeanNameUrlHandlerMapping      : Rejected bean name 'autowiredWebSecurityConfigurersIgnoreParents': no URL paths identified
2019-10-28 10:48:14.530 DEBUG 2580 --- [    Test worker] o.s.w.s.h.BeanNameUrlHandlerMapping      : Rejected bean name 'org.springframework.security.config.annotation.web.configuration.WebMvcSecurityConfiguration': no URL paths identified
2019-10-28 10:48:14.530 DEBUG 2580 --- [    Test worker] o.s.w.s.h.BeanNameUrlHandlerMapping      : Rejected bean name 'requestDataValueProcessor': no URL paths identified
2019-10-28 10:48:14.530 DEBUG 2580 --- [    Test worker] o.s.w.s.h.BeanNameUrlHandlerMapping      : Rejected bean name 'org.springframework.security.config.annotation.method.configuration.GlobalMethodSecurityConfiguration': no URL paths identified
2019-10-28 10:48:14.530 DEBUG 2580 --- [    Test worker] o.s.w.s.h.BeanNameUrlHandlerMapping      : Rejected bean name 'methodSecurityInterceptor': no URL paths identified
2019-10-28 10:48:14.530 DEBUG 2580 --- [    Test worker] o.s.w.s.h.BeanNameUrlHandlerMapping      : Rejected bean name 'methodSecurityMetadataSource': no URL paths identified
2019-10-28 10:48:14.530 DEBUG 2580 --- [    Test worker] o.s.w.s.h.BeanNameUrlHandlerMapping      : Rejected bean name 'preInvocationAuthorizationAdvice': no URL paths identified
2019-10-28 10:48:14.530 DEBUG 2580 --- [    Test worker] o.s.w.s.h.BeanNameUrlHandlerMapping      : Rejected bean name 'passwordEncoder': no URL paths identified
2019-10-28 10:48:14.530 DEBUG 2580 --- [    Test worker] o.s.w.s.h.BeanNameUrlHandlerMapping      : Rejected bean name 'authenticationProvider': no URL paths identified
2019-10-28 10:48:14.530 DEBUG 2580 --- [    Test worker] o.s.w.s.h.BeanNameUrlHandlerMapping      : Rejected bean name 'persistentTokenBasedRememberMeServices': no URL paths identified
2019-10-28 10:48:14.530 DEBUG 2580 --- [    Test worker] o.s.w.s.h.BeanNameUrlHandlerMapping      : Rejected bean name 'corsConfigurationSource': no URL paths identified
2019-10-28 10:48:14.530 DEBUG 2580 --- [    Test worker] o.s.w.s.h.BeanNameUrlHandlerMapping      : Rejected bean name 'metaDataSourceAdvisor': no URL paths identified
2019-10-28 10:48:14.530 DEBUG 2580 --- [    Test worker] o.s.w.s.h.BeanNameUrlHandlerMapping      : Rejected bean name 'org.springframework.aop.config.internalAutoProxyCreator': no URL paths identified
2019-10-28 10:48:14.530 DEBUG 2580 --- [    Test worker] o.s.w.s.h.BeanNameUrlHandlerMapping      : Rejected bean name 'errorAttributes': no URL paths identified
2019-10-28 10:48:14.530 DEBUG 2580 --- [    Test worker] o.s.w.s.h.BeanNameUrlHandlerMapping      : Rejected bean name 'org.springframework.boot.autoconfigure.AutoConfigurationPackages': no URL paths identified
2019-10-28 10:48:14.531 DEBUG 2580 --- [    Test worker] o.s.w.s.h.BeanNameUrlHandlerMapping      : Rejected bean name 'org.springframework.context.config.internalBeanConfigurerAspect': no URL paths identified
2019-10-28 10:48:14.531 DEBUG 2580 --- [    Test worker] o.s.w.s.h.BeanNameUrlHandlerMapping      : Rejected bean name 'jpaAuditingHandler': no URL paths identified
2019-10-28 10:48:14.531 DEBUG 2580 --- [    Test worker] o.s.w.s.h.BeanNameUrlHandlerMapping      : Rejected bean name 'jpaMappingContext': no URL paths identified
2019-10-28 10:48:14.531 DEBUG 2580 --- [    Test worker] o.s.w.s.h.BeanNameUrlHandlerMapping      : Rejected bean name 'org.springframework.data.jpa.domain.support.AuditingEntityListener': no URL paths identified
2019-10-28 10:48:14.531 DEBUG 2580 --- [    Test worker] o.s.w.s.h.BeanNameUrlHandlerMapping      : Rejected bean name 'org.springframework.data.jpa.domain.support.AuditingBeanFactoryPostProcessor': no URL paths identified
2019-10-28 10:48:14.531 DEBUG 2580 --- [    Test worker] o.s.w.s.h.BeanNameUrlHandlerMapping      : Rejected bean name 'org.springframework.boot.autoconfigure.context.PropertyPlaceholderAutoConfiguration': no URL paths identified
2019-10-28 10:48:14.531 DEBUG 2580 --- [    Test worker] o.s.w.s.h.BeanNameUrlHandlerMapping      : Rejected bean name 'org.springframework.boot.autoconfigure.condition.BeanTypeRegistry': no URL paths identified
2019-10-28 10:48:14.531 DEBUG 2580 --- [    Test worker] o.s.w.s.h.BeanNameUrlHandlerMapping      : Rejected bean name 'propertySourcesPlaceholderConfigurer': no URL paths identified
2019-10-28 10:48:14.531 DEBUG 2580 --- [    Test worker] o.s.w.s.h.BeanNameUrlHandlerMapping      : Rejected bean name 'org.springframework.boot.autoconfigure.jackson.JacksonAutoConfiguration$Jackson2ObjectMapperBuilderCustomizerConfiguration': no URL paths identified
2019-10-28 10:48:14.531 DEBUG 2580 --- [    Test worker] o.s.w.s.h.BeanNameUrlHandlerMapping      : Rejected bean name 'standardJacksonObjectMapperBuilderCustomizer': no URL paths identified
2019-10-28 10:48:14.531 DEBUG 2580 --- [    Test worker] o.s.w.s.h.BeanNameUrlHandlerMapping      : Rejected bean name 'spring.jackson-org.springframework.boot.autoconfigure.jackson.JacksonProperties': no URL paths identified
2019-10-28 10:48:14.531 DEBUG 2580 --- [    Test worker] o.s.w.s.h.BeanNameUrlHandlerMapping      : Rejected bean name 'org.springframework.boot.context.properties.ConfigurationPropertiesBindingPostProcessor': no URL paths identified
2019-10-28 10:48:14.531 DEBUG 2580 --- [    Test worker] o.s.w.s.h.BeanNameUrlHandlerMapping      : Rejected bean name 'org.springframework.boot.context.properties.ConfigurationPropertiesBindingPostProcessor.store': no URL paths identified
2019-10-28 10:48:14.531 DEBUG 2580 --- [    Test worker] o.s.w.s.h.BeanNameUrlHandlerMapping      : Rejected bean name 'org.springframework.boot.autoconfigure.jackson.JacksonAutoConfiguration$JacksonObjectMapperBuilderConfiguration': no URL paths identified
2019-10-28 10:48:14.531 DEBUG 2580 --- [    Test worker] o.s.w.s.h.BeanNameUrlHandlerMapping      : Rejected bean name 'jacksonObjectMapperBuilder': no URL paths identified
2019-10-28 10:48:14.531 DEBUG 2580 --- [    Test worker] o.s.w.s.h.BeanNameUrlHandlerMapping      : Rejected bean name 'org.springframework.boot.autoconfigure.jackson.JacksonAutoConfiguration$JacksonObjectMapperConfiguration': no URL paths identified
2019-10-28 10:48:14.532 DEBUG 2580 --- [    Test worker] o.s.w.s.h.BeanNameUrlHandlerMapping      : Rejected bean name 'jacksonObjectMapper': no URL paths identified
2019-10-28 10:48:14.532 DEBUG 2580 --- [    Test worker] o.s.w.s.h.BeanNameUrlHandlerMapping      : Rejected bean name 'org.springframework.boot.autoconfigure.jackson.JacksonAutoConfiguration': no URL paths identified
2019-10-28 10:48:14.532 DEBUG 2580 --- [    Test worker] o.s.w.s.h.BeanNameUrlHandlerMapping      : Rejected bean name 'jsonComponentModule': no URL paths identified
2019-10-28 10:48:14.532 DEBUG 2580 --- [    Test worker] o.s.w.s.h.BeanNameUrlHandlerMapping      : Rejected bean name 'org.springframework.boot.autoconfigure.websocket.WebSocketAutoConfiguration$TomcatWebSocketConfiguration': no URL paths identified
2019-10-28 10:48:14.532 DEBUG 2580 --- [    Test worker] o.s.w.s.h.BeanNameUrlHandlerMapping      : Rejected bean name 'websocketContainerCustomizer': no URL paths identified
2019-10-28 10:48:14.532 DEBUG 2580 --- [    Test worker] o.s.w.s.h.BeanNameUrlHandlerMapping      : Rejected bean name 'org.springframework.boot.autoconfigure.websocket.WebSocketAutoConfiguration': no URL paths identified
2019-10-28 10:48:14.532 DEBUG 2580 --- [    Test worker] o.s.w.s.h.BeanNameUrlHandlerMapping      : Rejected bean name 'org.springframework.boot.autoconfigure.web.EmbeddedServletContainerAutoConfiguration$EmbeddedTomcat': no URL paths identified
2019-10-28 10:48:14.532 DEBUG 2580 --- [    Test worker] o.s.w.s.h.BeanNameUrlHandlerMapping      : Rejected bean name 'tomcatEmbeddedServletContainerFactory': no URL paths identified
2019-10-28 10:48:14.532 DEBUG 2580 --- [    Test worker] o.s.w.s.h.BeanNameUrlHandlerMapping      : Rejected bean name 'org.springframework.boot.autoconfigure.web.EmbeddedServletContainerAutoConfiguration': no URL paths identified
2019-10-28 10:48:14.532 DEBUG 2580 --- [    Test worker] o.s.w.s.h.BeanNameUrlHandlerMapping      : Rejected bean name 'embeddedServletContainerCustomizerBeanPostProcessor': no URL paths identified
2019-10-28 10:48:14.532 DEBUG 2580 --- [    Test worker] o.s.w.s.h.BeanNameUrlHandlerMapping      : Rejected bean name 'errorPageRegistrarBeanPostProcessor': no URL paths identified
2019-10-28 10:48:14.532 DEBUG 2580 --- [    Test worker] o.s.w.s.h.BeanNameUrlHandlerMapping      : Rejected bean name 'org.springframework.boot.autoconfigure.web.DispatcherServletAutoConfiguration$DispatcherServletConfiguration': no URL paths identified
2019-10-28 10:48:14.532 DEBUG 2580 --- [    Test worker] o.s.w.s.h.BeanNameUrlHandlerMapping      : Rejected bean name 'dispatcherServlet': no URL paths identified
2019-10-28 10:48:14.532 DEBUG 2580 --- [    Test worker] o.s.w.s.h.BeanNameUrlHandlerMapping      : Rejected bean name 'spring.mvc-org.springframework.boot.autoconfigure.web.WebMvcProperties': no URL paths identified
2019-10-28 10:48:14.532 DEBUG 2580 --- [    Test worker] o.s.w.s.h.BeanNameUrlHandlerMapping      : Rejected bean name 'org.springframework.boot.autoconfigure.web.DispatcherServletAutoConfiguration$DispatcherServletRegistrationConfiguration': no URL paths identified
2019-10-28 10:48:14.533 DEBUG 2580 --- [    Test worker] o.s.w.s.h.BeanNameUrlHandlerMapping      : Rejected bean name 'dispatcherServletRegistration': no URL paths identified
2019-10-28 10:48:14.533 DEBUG 2580 --- [    Test worker] o.s.w.s.h.BeanNameUrlHandlerMapping      : Rejected bean name 'org.springframework.boot.autoconfigure.web.DispatcherServletAutoConfiguration': no URL paths identified
2019-10-28 10:48:14.533 DEBUG 2580 --- [    Test worker] o.s.w.s.h.BeanNameUrlHandlerMapping      : Rejected bean name 'org.springframework.boot.autoconfigure.validation.ValidationAutoConfiguration': no URL paths identified
2019-10-28 10:48:14.533 DEBUG 2580 --- [    Test worker] o.s.w.s.h.BeanNameUrlHandlerMapping      : Rejected bean name 'defaultValidator': no URL paths identified
2019-10-28 10:48:14.533 DEBUG 2580 --- [    Test worker] o.s.w.s.h.BeanNameUrlHandlerMapping      : Rejected bean name 'methodValidationPostProcessor': no URL paths identified
2019-10-28 10:48:14.533 DEBUG 2580 --- [    Test worker] o.s.w.s.h.BeanNameUrlHandlerMapping      : Rejected bean name 'org.springframework.boot.autoconfigure.web.ErrorMvcAutoConfiguration$WhitelabelErrorViewConfiguration': no URL paths identified
2019-10-28 10:48:14.533 DEBUG 2580 --- [    Test worker] o.s.w.s.h.BeanNameUrlHandlerMapping      : Rejected bean name 'error': no URL paths identified
2019-10-28 10:48:14.533 DEBUG 2580 --- [    Test worker] o.s.w.s.h.BeanNameUrlHandlerMapping      : Rejected bean name 'beanNameViewResolver': no URL paths identified
2019-10-28 10:48:14.533 DEBUG 2580 --- [    Test worker] o.s.w.s.h.BeanNameUrlHandlerMapping      : Rejected bean name 'org.springframework.boot.autoconfigure.web.ErrorMvcAutoConfiguration$DefaultErrorViewResolverConfiguration': no URL paths identified
2019-10-28 10:48:14.533 DEBUG 2580 --- [    Test worker] o.s.w.s.h.BeanNameUrlHandlerMapping      : Rejected bean name 'conventionErrorViewResolver': no URL paths identified
2019-10-28 10:48:14.533 DEBUG 2580 --- [    Test worker] o.s.w.s.h.BeanNameUrlHandlerMapping      : Rejected bean name 'org.springframework.boot.autoconfigure.web.ErrorMvcAutoConfiguration': no URL paths identified
2019-10-28 10:48:14.533 DEBUG 2580 --- [    Test worker] o.s.w.s.h.BeanNameUrlHandlerMapping      : Rejected bean name 'basicErrorController': no URL paths identified
2019-10-28 10:48:14.533 DEBUG 2580 --- [    Test worker] o.s.w.s.h.BeanNameUrlHandlerMapping      : Rejected bean name 'errorPageCustomizer': no URL paths identified
2019-10-28 10:48:14.533 DEBUG 2580 --- [    Test worker] o.s.w.s.h.BeanNameUrlHandlerMapping      : Rejected bean name 'preserveErrorControllerTargetClassPostProcessor': no URL paths identified
2019-10-28 10:48:14.533 DEBUG 2580 --- [    Test worker] o.s.w.s.h.BeanNameUrlHandlerMapping      : Rejected bean name 'spring.resources-org.springframework.boot.autoconfigure.web.ResourceProperties': no URL paths identified
2019-10-28 10:48:14.534 DEBUG 2580 --- [    Test worker] o.s.w.s.h.BeanNameUrlHandlerMapping      : Rejected bean name 'org.springframework.boot.autoconfigure.security.oauth2.method.OAuth2MethodSecurityConfiguration': no URL paths identified
2019-10-28 10:48:14.534 DEBUG 2580 --- [    Test worker] o.s.w.s.h.BeanNameUrlHandlerMapping      : Rejected bean name 'org.springframework.boot.autoconfigure.security.oauth2.resource.OAuth2ResourceServerConfiguration': no URL paths identified
2019-10-28 10:48:14.534 DEBUG 2580 --- [    Test worker] o.s.w.s.h.BeanNameUrlHandlerMapping      : Rejected bean name 'resourceServerFilterChainOrderProcessor': no URL paths identified
2019-10-28 10:48:14.534 DEBUG 2580 --- [    Test worker] o.s.w.s.h.BeanNameUrlHandlerMapping      : Rejected bean name 'org.springframework.boot.autoconfigure.security.oauth2.client.OAuth2RestOperationsConfiguration': no URL paths identified
2019-10-28 10:48:14.534 DEBUG 2580 --- [    Test worker] o.s.w.s.h.BeanNameUrlHandlerMapping      : Rejected bean name 'org.springframework.boot.autoconfigure.security.oauth2.OAuth2AutoConfiguration': no URL paths identified
2019-10-28 10:48:14.534 DEBUG 2580 --- [    Test worker] o.s.w.s.h.BeanNameUrlHandlerMapping      : Rejected bean name 'resourceServerProperties': no URL paths identified
2019-10-28 10:48:14.534 DEBUG 2580 --- [    Test worker] o.s.w.s.h.BeanNameUrlHandlerMapping      : Rejected bean name 'security.oauth2.client-org.springframework.boot.autoconfigure.security.oauth2.OAuth2ClientProperties': no URL paths identified
2019-10-28 10:48:14.534 DEBUG 2580 --- [    Test worker] o.s.w.s.h.BeanNameUrlHandlerMapping      : Rejected bean name 'org.springframework.boot.autoconfigure.web.WebMvcAutoConfiguration$EnableWebMvcConfiguration': no URL paths identified
2019-10-28 10:48:14.534 DEBUG 2580 --- [    Test worker] o.s.w.s.h.BeanNameUrlHandlerMapping      : Rejected bean name 'requestMappingHandlerAdapter': no URL paths identified
2019-10-28 10:48:14.534 DEBUG 2580 --- [    Test worker] o.s.w.s.h.BeanNameUrlHandlerMapping      : Rejected bean name 'requestMappingHandlerMapping': no URL paths identified
2019-10-28 10:48:14.534 DEBUG 2580 --- [    Test worker] o.s.w.s.h.BeanNameUrlHandlerMapping      : Rejected bean name 'mvcValidator': no URL paths identified
2019-10-28 10:48:14.534 DEBUG 2580 --- [    Test worker] o.s.w.s.h.BeanNameUrlHandlerMapping      : Rejected bean name 'mvcContentNegotiationManager': no URL paths identified
2019-10-28 10:48:14.535 DEBUG 2580 --- [    Test worker] o.s.w.s.h.BeanNameUrlHandlerMapping      : Rejected bean name 'mvcPathMatcher': no URL paths identified
2019-10-28 10:48:14.535 DEBUG 2580 --- [    Test worker] o.s.w.s.h.BeanNameUrlHandlerMapping      : Rejected bean name 'mvcUrlPathHelper': no URL paths identified
2019-10-28 10:48:14.535 DEBUG 2580 --- [    Test worker] o.s.w.s.h.BeanNameUrlHandlerMapping      : Rejected bean name 'viewControllerHandlerMapping': no URL paths identified
2019-10-28 10:48:14.535 DEBUG 2580 --- [    Test worker] o.s.w.s.h.BeanNameUrlHandlerMapping      : Rejected bean name 'beanNameHandlerMapping': no URL paths identified
2019-10-28 10:48:14.535 DEBUG 2580 --- [    Test worker] o.s.w.s.h.BeanNameUrlHandlerMapping      : Rejected bean name 'resourceHandlerMapping': no URL paths identified
2019-10-28 10:48:14.535 DEBUG 2580 --- [    Test worker] o.s.w.s.h.BeanNameUrlHandlerMapping      : Rejected bean name 'mvcResourceUrlProvider': no URL paths identified
2019-10-28 10:48:14.535 DEBUG 2580 --- [    Test worker] o.s.w.s.h.BeanNameUrlHandlerMapping      : Rejected bean name 'defaultServletHandlerMapping': no URL paths identified
2019-10-28 10:48:14.535 DEBUG 2580 --- [    Test worker] o.s.w.s.h.BeanNameUrlHandlerMapping      : Rejected bean name 'mvcConversionService': no URL paths identified
2019-10-28 10:48:14.535 DEBUG 2580 --- [    Test worker] o.s.w.s.h.BeanNameUrlHandlerMapping      : Rejected bean name 'mvcUriComponentsContributor': no URL paths identified
2019-10-28 10:48:14.535 DEBUG 2580 --- [    Test worker] o.s.w.s.h.BeanNameUrlHandlerMapping      : Rejected bean name 'httpRequestHandlerAdapter': no URL paths identified
2019-10-28 10:48:14.535 DEBUG 2580 --- [    Test worker] o.s.w.s.h.BeanNameUrlHandlerMapping      : Rejected bean name 'simpleControllerHandlerAdapter': no URL paths identified
2019-10-28 10:48:14.536 DEBUG 2580 --- [    Test worker] o.s.w.s.h.BeanNameUrlHandlerMapping      : Rejected bean name 'handlerExceptionResolver': no URL paths identified
2019-10-28 10:48:14.536 DEBUG 2580 --- [    Test worker] o.s.w.s.h.BeanNameUrlHandlerMapping      : Rejected bean name 'mvcViewResolver': no URL paths identified
2019-10-28 10:48:14.536 DEBUG 2580 --- [    Test worker] o.s.w.s.h.BeanNameUrlHandlerMapping      : Rejected bean name 'mvcHandlerMappingIntrospector': no URL paths identified
2019-10-28 10:48:14.536 DEBUG 2580 --- [    Test worker] o.s.w.s.h.BeanNameUrlHandlerMapping      : Rejected bean name 'org.springframework.boot.autoconfigure.web.WebMvcAutoConfiguration$WebMvcAutoConfigurationAdapter$FaviconConfiguration': no URL paths identified
2019-10-28 10:48:14.536 DEBUG 2580 --- [    Test worker] o.s.w.s.h.BeanNameUrlHandlerMapping      : Rejected bean name 'faviconHandlerMapping': no URL paths identified
2019-10-28 10:48:14.536 DEBUG 2580 --- [    Test worker] o.s.w.s.h.BeanNameUrlHandlerMapping      : Rejected bean name 'faviconRequestHandler': no URL paths identified
2019-10-28 10:48:14.536 DEBUG 2580 --- [    Test worker] o.s.w.s.h.BeanNameUrlHandlerMapping      : Rejected bean name 'org.springframework.boot.autoconfigure.web.WebMvcAutoConfiguration$WebMvcAutoConfigurationAdapter': no URL paths identified
2019-10-28 10:48:14.536 DEBUG 2580 --- [    Test worker] o.s.w.s.h.BeanNameUrlHandlerMapping      : Rejected bean name 'defaultViewResolver': no URL paths identified
2019-10-28 10:48:14.536 DEBUG 2580 --- [    Test worker] o.s.w.s.h.BeanNameUrlHandlerMapping      : Rejected bean name 'viewResolver': no URL paths identified
2019-10-28 10:48:14.536 DEBUG 2580 --- [    Test worker] o.s.w.s.h.BeanNameUrlHandlerMapping      : Rejected bean name 'welcomePageHandlerMapping': no URL paths identified
2019-10-28 10:48:14.536 DEBUG 2580 --- [    Test worker] o.s.w.s.h.BeanNameUrlHandlerMapping      : Rejected bean name 'requestContextFilter': no URL paths identified
2019-10-28 10:48:14.536 DEBUG 2580 --- [    Test worker] o.s.w.s.h.BeanNameUrlHandlerMapping      : Rejected bean name 'org.springframework.boot.autoconfigure.web.WebMvcAutoConfiguration': no URL paths identified
2019-10-28 10:48:14.537 DEBUG 2580 --- [    Test worker] o.s.w.s.h.BeanNameUrlHandlerMapping      : Rejected bean name 'hiddenHttpMethodFilter': no URL paths identified
2019-10-28 10:48:14.537 DEBUG 2580 --- [    Test worker] o.s.w.s.h.BeanNameUrlHandlerMapping      : Rejected bean name 'httpPutFormContentFilter': no URL paths identified
2019-10-28 10:48:14.537 DEBUG 2580 --- [    Test worker] o.s.w.s.h.BeanNameUrlHandlerMapping      : Rejected bean name 'org.springframework.boot.autoconfigure.aop.AopAutoConfiguration$JdkDynamicAutoProxyConfiguration': no URL paths identified
2019-10-28 10:48:14.537 DEBUG 2580 --- [    Test worker] o.s.w.s.h.BeanNameUrlHandlerMapping      : Rejected bean name 'org.springframework.boot.autoconfigure.aop.AopAutoConfiguration': no URL paths identified
2019-10-28 10:48:14.537 DEBUG 2580 --- [    Test worker] o.s.w.s.h.BeanNameUrlHandlerMapping      : Rejected bean name 'org.springframework.boot.autoconfigure.transaction.jta.JtaAutoConfiguration': no URL paths identified
2019-10-28 10:48:14.537 DEBUG 2580 --- [    Test worker] o.s.w.s.h.BeanNameUrlHandlerMapping      : Rejected bean name 'spring.jta-org.springframework.boot.autoconfigure.transaction.jta.JtaProperties': no URL paths identified
2019-10-28 10:48:14.537 DEBUG 2580 --- [    Test worker] o.s.w.s.h.BeanNameUrlHandlerMapping      : Rejected bean name 'org.springframework.boot.autoconfigure.jdbc.DataSourceConfiguration$Tomcat': no URL paths identified
2019-10-28 10:48:14.537 DEBUG 2580 --- [    Test worker] o.s.w.s.h.BeanNameUrlHandlerMapping      : Rejected bean name 'dataSource': no URL paths identified
2019-10-28 10:48:14.538 DEBUG 2580 --- [    Test worker] o.s.w.s.h.BeanNameUrlHandlerMapping      : Rejected bean name 'org.springframework.boot.autoconfigure.jdbc.DataSourceAutoConfiguration$PooledDataSourceConfiguration': no URL paths identified
2019-10-28 10:48:14.538 DEBUG 2580 --- [    Test worker] o.s.w.s.h.BeanNameUrlHandlerMapping      : Rejected bean name 'org.springframework.boot.autoconfigure.jdbc.metadata.DataSourcePoolMetadataProvidersConfiguration$TomcatDataSourcePoolMetadataProviderConfiguration': no URL paths identified
2019-10-28 10:48:14.538 DEBUG 2580 --- [    Test worker] o.s.w.s.h.BeanNameUrlHandlerMapping      : Rejected bean name 'tomcatPoolDataSourceMetadataProvider': no URL paths identified
2019-10-28 10:48:14.538 DEBUG 2580 --- [    Test worker] o.s.w.s.h.BeanNameUrlHandlerMapping      : Rejected bean name 'org.springframework.boot.autoconfigure.jdbc.metadata.DataSourcePoolMetadataProvidersConfiguration': no URL paths identified
2019-10-28 10:48:14.538 DEBUG 2580 --- [    Test worker] o.s.w.s.h.BeanNameUrlHandlerMapping      : Rejected bean name 'org.springframework.boot.autoconfigure.jdbc.DataSourceAutoConfiguration': no URL paths identified
2019-10-28 10:48:14.538 DEBUG 2580 --- [    Test worker] o.s.w.s.h.BeanNameUrlHandlerMapping      : Rejected bean name 'dataSourceInitializer': no URL paths identified
2019-10-28 10:48:14.538 DEBUG 2580 --- [    Test worker] o.s.w.s.h.BeanNameUrlHandlerMapping      : Rejected bean name 'spring.datasource-org.springframework.boot.autoconfigure.jdbc.DataSourceProperties': no URL paths identified
2019-10-28 10:48:14.539 DEBUG 2580 --- [    Test worker] o.s.w.s.h.BeanNameUrlHandlerMapping      : Rejected bean name 'dataSourceInitializerPostProcessor': no URL paths identified
2019-10-28 10:48:14.539 DEBUG 2580 --- [    Test worker] o.s.w.s.h.BeanNameUrlHandlerMapping      : Rejected bean name 'org.springframework.boot.autoconfigure.orm.jpa.JpaBaseConfiguration$JpaWebConfiguration$JpaWebMvcConfiguration': no URL paths identified
2019-10-28 10:48:14.539 DEBUG 2580 --- [    Test worker] o.s.w.s.h.BeanNameUrlHandlerMapping      : Rejected bean name 'openEntityManagerInViewInterceptor': no URL paths identified
2019-10-28 10:48:14.539 DEBUG 2580 --- [    Test worker] o.s.w.s.h.BeanNameUrlHandlerMapping      : Rejected bean name 'org.springframework.boot.autoconfigure.orm.jpa.JpaBaseConfiguration$JpaWebConfiguration': no URL paths identified
2019-10-28 10:48:14.539 DEBUG 2580 --- [    Test worker] o.s.w.s.h.BeanNameUrlHandlerMapping      : Rejected bean name 'org.springframework.boot.autoconfigure.orm.jpa.HibernateJpaAutoConfiguration': no URL paths identified
2019-10-28 10:48:14.539 DEBUG 2580 --- [    Test worker] o.s.w.s.h.BeanNameUrlHandlerMapping      : Rejected bean name 'transactionManager': no URL paths identified
2019-10-28 10:48:14.539 DEBUG 2580 --- [    Test worker] o.s.w.s.h.BeanNameUrlHandlerMapping      : Rejected bean name 'jpaVendorAdapter': no URL paths identified
2019-10-28 10:48:14.539 DEBUG 2580 --- [    Test worker] o.s.w.s.h.BeanNameUrlHandlerMapping      : Rejected bean name 'entityManagerFactoryBuilder': no URL paths identified
2019-10-28 10:48:14.539 DEBUG 2580 --- [    Test worker] o.s.w.s.h.BeanNameUrlHandlerMapping      : Rejected bean name 'entityManagerFactory': no URL paths identified
2019-10-28 10:48:14.540 DEBUG 2580 --- [    Test worker] o.s.w.s.h.BeanNameUrlHandlerMapping      : Rejected bean name 'spring.jpa-org.springframework.boot.autoconfigure.orm.jpa.JpaProperties': no URL paths identified
2019-10-28 10:48:14.540 DEBUG 2580 --- [    Test worker] o.s.w.s.h.BeanNameUrlHandlerMapping      : Rejected bean name 'dataSourceInitializedPublisher': no URL paths identified
[...]
2019-10-28 10:48:15.082 DEBUG 2580 --- [    Test worker] org.hibernate.SQL                        : select board0_.id as id1_0_, board0_.moddate as moddate2_0_, board0_.regdate as regdate3_0_, board0_.content as content4_0_, board0_.hit as hit5_0_, board0_.title as title6_0_, board0_.user_id as user_id7_0_ from board board0_
Hibernate: select board0_.id as id1_0_, board0_.moddate as moddate2_0_, board0_.regdate as regdate3_0_, board0_.content as content4_0_, board0_.hit as hit5_0_, board0_.title as title6_0_, board0_.user_id as user_id7_0_ from board board0_
2019-10-28 10:48:15.083 DEBUG 2580 --- [    Test worker] org.hibernate.SQL                        : select user0_.id as id1_4_0_, user0_.moddate as moddate2_4_0_, user0_.regdate as regdate3_4_0_, user0_.email as email4_4_0_, user0_.name as name5_4_0_, user0_.password as password6_4_0_, user0_.username as username7_4_0_, authoritie1_.user_id as user_id1_5_1_, authoritie1_.authority as authorit2_5_1_, persistent2_.series as series1_3_2_, persistent2_.last_used as last_use2_3_2_, persistent2_.token as token3_3_2_, persistent2_.user_id as user_id4_3_2_ from user user0_ left outer join user_authorities authoritie1_ on user0_.id=authoritie1_.user_id left outer join persistent_logins persistent2_ on user0_.id=persistent2_.user_id where user0_.id=?
Hibernate: select user0_.id as id1_4_0_, user0_.moddate as moddate2_4_0_, user0_.regdate as regdate3_4_0_, user0_.email as email4_4_0_, user0_.name as name5_4_0_, user0_.password as password6_4_0_, user0_.username as username7_4_0_, authoritie1_.user_id as user_id1_5_1_, authoritie1_.authority as authorit2_5_1_, persistent2_.series as series1_3_2_, persistent2_.last_used as last_use2_3_2_, persistent2_.token as token3_3_2_, persistent2_.user_id as user_id4_3_2_ from user user0_ left outer join user_authorities authoritie1_ on user0_.id=authoritie1_.user_id left outer join persistent_logins persistent2_ on user0_.id=persistent2_.user_id where user0_.id=?
2019-10-28 10:48:15.083 DEBUG 2580 --- [    Test worker] org.hibernate.SQL                        : delete from board where id=?
Hibernate: delete from board where id=?
2019-10-28 10:48:15.084 DEBUG 2580 --- [    Test worker] org.hibernate.SQL                        : delete from board where id=?
Hibernate: delete from board where id=?
2019-10-28 10:48:15.089 DEBUG 2580 --- [    Test worker] org.hibernate.SQL                        : insert into board (id, moddate, regdate, content, hit, title, user_id) values (null, ?, ?, ?, ?, ?, ?)
Hibernate: insert into board (id, moddate, regdate, content, hit, title, user_id) values (null, ?, ?, ?, ?, ?, ?)
2019-10-28 10:48:15.090 DEBUG 2580 --- [    Test worker] org.hibernate.SQL                        : insert into board (id, moddate, regdate, content, hit, title, user_id) values (null, ?, ?, ?, ?, ?, ?)
Hibernate: insert into board (id, moddate, regdate, content, hit, title, user_id) values (null, ?, ?, ?, ?, ?, ?)
2019-10-28 10:48:15.092 DEBUG 2580 --- [    Test worker] org.hibernate.SQL                        : insert into board (id, moddate, regdate, content, hit, title, user_id) values (null, ?, ?, ?, ?, ?, ?)
Hibernate: insert into board (id, moddate, regdate, content, hit, title, user_id) values (null, ?, ?, ?, ?, ?, ?)
2019-10-28 10:48:15.093 DEBUG 2580 --- [    Test worker] org.hibernate.SQL                        : select board0_.id as id1_0_, board0_.moddate as moddate2_0_, board0_.regdate as regdate3_0_, board0_.content as content4_0_, board0_.hit as hit5_0_, board0_.title as title6_0_, board0_.user_id as user_id7_0_ from board board0_
Hibernate: select board0_.id as id1_0_, board0_.moddate as moddate2_0_, board0_.regdate as regdate3_0_, board0_.content as content4_0_, board0_.hit as hit5_0_, board0_.title as title6_0_, board0_.user_id as user_id7_0_ from board board0_
2019-10-28 10:48:15.094 DEBUG 2580 --- [    Test worker] org.hibernate.SQL                        : select user0_.id as id1_4_0_, user0_.moddate as moddate2_4_0_, user0_.regdate as regdate3_4_0_, user0_.email as email4_4_0_, user0_.name as name5_4_0_, user0_.password as password6_4_0_, user0_.username as username7_4_0_, authoritie1_.user_id as user_id1_5_1_, authoritie1_.authority as authorit2_5_1_, persistent2_.series as series1_3_2_, persistent2_.last_used as last_use2_3_2_, persistent2_.token as token3_3_2_, persistent2_.user_id as user_id4_3_2_ from user user0_ left outer join user_authorities authoritie1_ on user0_.id=authoritie1_.user_id left outer join persistent_logins persistent2_ on user0_.id=persistent2_.user_id where user0_.id=?
Hibernate: select user0_.id as id1_4_0_, user0_.moddate as moddate2_4_0_, user0_.regdate as regdate3_4_0_, user0_.email as email4_4_0_, user0_.name as name5_4_0_, user0_.password as password6_4_0_, user0_.username as username7_4_0_, authoritie1_.user_id as user_id1_5_1_, authoritie1_.authority as authorit2_5_1_, persistent2_.series as series1_3_2_, persistent2_.last_used as last_use2_3_2_, persistent2_.token as token3_3_2_, persistent2_.user_id as user_id4_3_2_ from user user0_ left outer join user_authorities authoritie1_ on user0_.id=authoritie1_.user_id left outer join persistent_logins persistent2_ on user0_.id=persistent2_.user_id where user0_.id=?
2019-10-28 10:48:15.095 DEBUG 2580 --- [    Test worker] org.hibernate.SQL                        : select board0_.id as id1_0_0_, board0_.moddate as moddate2_0_0_, board0_.regdate as regdate3_0_0_, board0_.content as content4_0_0_, board0_.hit as hit5_0_0_, board0_.title as title6_0_0_, board0_.user_id as user_id7_0_0_, user1_.id as id1_4_1_, user1_.moddate as moddate2_4_1_, user1_.regdate as regdate3_4_1_, user1_.email as email4_4_1_, user1_.name as name5_4_1_, user1_.password as password6_4_1_, user1_.username as username7_4_1_, authoritie2_.user_id as user_id1_5_2_, authoritie2_.authority as authorit2_5_2_, persistent3_.series as series1_3_3_, persistent3_.last_used as last_use2_3_3_, persistent3_.token as token3_3_3_, persistent3_.user_id as user_id4_3_3_ from board board0_ left outer join user user1_ on board0_.user_id=user1_.id left outer join user_authorities authoritie2_ on user1_.id=authoritie2_.user_id left outer join persistent_logins persistent3_ on user1_.id=persistent3_.user_id where board0_.id=?
Hibernate: select board0_.id as id1_0_0_, board0_.moddate as moddate2_0_0_, board0_.regdate as regdate3_0_0_, board0_.content as content4_0_0_, board0_.hit as hit5_0_0_, board0_.title as title6_0_0_, board0_.user_id as user_id7_0_0_, user1_.id as id1_4_1_, user1_.moddate as moddate2_4_1_, user1_.regdate as regdate3_4_1_, user1_.email as email4_4_1_, user1_.name as name5_4_1_, user1_.password as password6_4_1_, user1_.username as username7_4_1_, authoritie2_.user_id as user_id1_5_2_, authoritie2_.authority as authorit2_5_2_, persistent3_.series as series1_3_3_, persistent3_.last_used as last_use2_3_3_, persistent3_.token as token3_3_3_, persistent3_.user_id as user_id4_3_3_ from board board0_ left outer join user user1_ on board0_.user_id=user1_.id left outer join user_authorities authoritie2_ on user1_.id=authoritie2_.user_id left outer join persistent_logins persistent3_ on user1_.id=persistent3_.user_id where board0_.id=?
2019-10-28 10:48:15.097 DEBUG 2580 --- [    Test worker] org.hibernate.SQL                        : select board0_.id as id1_0_0_, board0_.moddate as moddate2_0_0_, board0_.regdate as regdate3_0_0_, board0_.content as content4_0_0_, board0_.hit as hit5_0_0_, board0_.title as title6_0_0_, board0_.user_id as user_id7_0_0_, user1_.id as id1_4_1_, user1_.moddate as moddate2_4_1_, user1_.regdate as regdate3_4_1_, user1_.email as email4_4_1_, user1_.name as name5_4_1_, user1_.password as password6_4_1_, user1_.username as username7_4_1_, authoritie2_.user_id as user_id1_5_2_, authoritie2_.authority as authorit2_5_2_, persistent3_.series as series1_3_3_, persistent3_.last_used as last_use2_3_3_, persistent3_.token as token3_3_3_, persistent3_.user_id as user_id4_3_3_ from board board0_ left outer join user user1_ on board0_.user_id=user1_.id left outer join user_authorities authoritie2_ on user1_.id=authoritie2_.user_id left outer join persistent_logins persistent3_ on user1_.id=persistent3_.user_id where board0_.id=?
Hibernate: select board0_.id as id1_0_0_, board0_.moddate as moddate2_0_0_, board0_.regdate as regdate3_0_0_, board0_.content as content4_0_0_, board0_.hit as hit5_0_0_, board0_.title as title6_0_0_, board0_.user_id as user_id7_0_0_, user1_.id as id1_4_1_, user1_.moddate as moddate2_4_1_, user1_.regdate as regdate3_4_1_, user1_.email as email4_4_1_, user1_.name as name5_4_1_, user1_.password as password6_4_1_, user1_.username as username7_4_1_, authoritie2_.user_id as user_id1_5_2_, authoritie2_.authority as authorit2_5_2_, persistent3_.series as series1_3_3_, persistent3_.last_used as last_use2_3_3_, persistent3_.token as token3_3_3_, persistent3_.user_id as user_id4_3_3_ from board board0_ left outer join user user1_ on board0_.user_id=user1_.id left outer join user_authorities authoritie2_ on user1_.id=authoritie2_.user_id left outer join persistent_logins persistent3_ on user1_.id=persistent3_.user_id where board0_.id=?
2019-10-28 10:48:15.099 DEBUG 2580 --- [    Test worker] org.hibernate.SQL                        : select board0_.id as id1_0_, board0_.moddate as moddate2_0_, board0_.regdate as regdate3_0_, board0_.content as content4_0_, board0_.hit as hit5_0_, board0_.title as title6_0_, board0_.user_id as user_id7_0_ from board board0_
Hibernate: select board0_.id as id1_0_, board0_.moddate as moddate2_0_, board0_.regdate as regdate3_0_, board0_.content as content4_0_, board0_.hit as hit5_0_, board0_.title as title6_0_, board0_.user_id as user_id7_0_ from board board0_
2019-10-28 10:48:15.100 DEBUG 2580 --- [    Test worker] org.hibernate.SQL                        : select user0_.id as id1_4_0_, user0_.moddate as moddate2_4_0_, user0_.regdate as regdate3_4_0_, user0_.email as email4_4_0_, user0_.name as name5_4_0_, user0_.password as password6_4_0_, user0_.username as username7_4_0_, authoritie1_.user_id as user_id1_5_1_, authoritie1_.authority as authorit2_5_1_, persistent2_.series as series1_3_2_, persistent2_.last_used as last_use2_3_2_, persistent2_.token as token3_3_2_, persistent2_.user_id as user_id4_3_2_ from user user0_ left outer join user_authorities authoritie1_ on user0_.id=authoritie1_.user_id left outer join persistent_logins persistent2_ on user0_.id=persistent2_.user_id where user0_.id=?
Hibernate: select user0_.id as id1_4_0_, user0_.moddate as moddate2_4_0_, user0_.regdate as regdate3_4_0_, user0_.email as email4_4_0_, user0_.name as name5_4_0_, user0_.password as password6_4_0_, user0_.username as username7_4_0_, authoritie1_.user_id as user_id1_5_1_, authoritie1_.authority as authorit2_5_1_, persistent2_.series as series1_3_2_, persistent2_.last_used as last_use2_3_2_, persistent2_.token as token3_3_2_, persistent2_.user_id as user_id4_3_2_ from user user0_ left outer join user_authorities authoritie1_ on user0_.id=authoritie1_.user_id left outer join persistent_logins persistent2_ on user0_.id=persistent2_.user_id where user0_.id=?
2019-10-28 10:48:15.101 DEBUG 2580 --- [    Test worker] org.hibernate.SQL                        : delete from board where id=?
Hibernate: delete from board where id=?
2019-10-28 10:48:15.102 DEBUG 2580 --- [    Test worker] org.hibernate.SQL                        : delete from board where id=?
Hibernate: delete from board where id=?
2019-10-28 10:48:15.102 DEBUG 2580 --- [    Test worker] org.hibernate.SQL                        : delete from board where id=?
Hibernate: delete from board where id=?
2019-10-28 10:48:15.107 DEBUG 2580 --- [    Test worker] org.hibernate.SQL                        : insert into board (id, moddate, regdate, content, hit, title, user_id) values (null, ?, ?, ?, ?, ?, ?)
Hibernate: insert into board (id, moddate, regdate, content, hit, title, user_id) values (null, ?, ?, ?, ?, ?, ?)
2019-10-28 10:48:15.109 DEBUG 2580 --- [    Test worker] org.hibernate.SQL                        : insert into board (id, moddate, regdate, content, hit, title, user_id) values (null, ?, ?, ?, ?, ?, ?)
Hibernate: insert into board (id, moddate, regdate, content, hit, title, user_id) values (null, ?, ?, ?, ?, ?, ?)
2019-10-28 10:48:15.110 DEBUG 2580 --- [    Test worker] org.hibernate.SQL                        : insert into board (id, moddate, regdate, content, hit, title, user_id) values (null, ?, ?, ?, ?, ?, ?)
Hibernate: insert into board (id, moddate, regdate, content, hit, title, user_id) values (null, ?, ?, ?, ?, ?, ?)
2019-10-28 10:48:15.113 DEBUG 2580 --- [    Test worker] org.hibernate.SQL                        : select board0_.id as id1_0_, board0_.moddate as moddate2_0_, board0_.regdate as regdate3_0_, board0_.content as content4_0_, board0_.hit as hit5_0_, board0_.title as title6_0_, board0_.user_id as user_id7_0_ from board board0_ order by board0_.id desc limit ?
Hibernate: select board0_.id as id1_0_, board0_.moddate as moddate2_0_, board0_.regdate as regdate3_0_, board0_.content as content4_0_, board0_.hit as hit5_0_, board0_.title as title6_0_, board0_.user_id as user_id7_0_ from board board0_ order by board0_.id desc limit ?
2019-10-28 10:48:15.114 DEBUG 2580 --- [    Test worker] org.hibernate.SQL                        : select user0_.id as id1_4_0_, user0_.moddate as moddate2_4_0_, user0_.regdate as regdate3_4_0_, user0_.email as email4_4_0_, user0_.name as name5_4_0_, user0_.password as password6_4_0_, user0_.username as username7_4_0_, authoritie1_.user_id as user_id1_5_1_, authoritie1_.authority as authorit2_5_1_, persistent2_.series as series1_3_2_, persistent2_.last_used as last_use2_3_2_, persistent2_.token as token3_3_2_, persistent2_.user_id as user_id4_3_2_ from user user0_ left outer join user_authorities authoritie1_ on user0_.id=authoritie1_.user_id left outer join persistent_logins persistent2_ on user0_.id=persistent2_.user_id where user0_.id=?
Hibernate: select user0_.id as id1_4_0_, user0_.moddate as moddate2_4_0_, user0_.regdate as regdate3_4_0_, user0_.email as email4_4_0_, user0_.name as name5_4_0_, user0_.password as password6_4_0_, user0_.username as username7_4_0_, authoritie1_.user_id as user_id1_5_1_, authoritie1_.authority as authorit2_5_1_, persistent2_.series as series1_3_2_, persistent2_.last_used as last_use2_3_2_, persistent2_.token as token3_3_2_, persistent2_.user_id as user_id4_3_2_ from user user0_ left outer join user_authorities authoritie1_ on user0_.id=authoritie1_.user_id left outer join persistent_logins persistent2_ on user0_.id=persistent2_.user_id where user0_.id=?
2019-10-28 10:48:15.116 DEBUG 2580 --- [    Test worker] org.hibernate.SQL                        : select board0_.id as id1_0_, board0_.moddate as moddate2_0_, board0_.regdate as regdate3_0_, board0_.content as content4_0_, board0_.hit as hit5_0_, board0_.title as title6_0_, board0_.user_id as user_id7_0_ from board board0_
Hibernate: select board0_.id as id1_0_, board0_.moddate as moddate2_0_, board0_.regdate as regdate3_0_, board0_.content as content4_0_, board0_.hit as hit5_0_, board0_.title as title6_0_, board0_.user_id as user_id7_0_ from board board0_
2019-10-28 10:48:15.117 DEBUG 2580 --- [    Test worker] org.hibernate.SQL                        : select user0_.id as id1_4_0_, user0_.moddate as moddate2_4_0_, user0_.regdate as regdate3_4_0_, user0_.email as email4_4_0_, user0_.name as name5_4_0_, user0_.password as password6_4_0_, user0_.username as username7_4_0_, authoritie1_.user_id as user_id1_5_1_, authoritie1_.authority as authorit2_5_1_, persistent2_.series as series1_3_2_, persistent2_.last_used as last_use2_3_2_, persistent2_.token as token3_3_2_, persistent2_.user_id as user_id4_3_2_ from user user0_ left outer join user_authorities authoritie1_ on user0_.id=authoritie1_.user_id left outer join persistent_logins persistent2_ on user0_.id=persistent2_.user_id where user0_.id=?
Hibernate: select user0_.id as id1_4_0_, user0_.moddate as moddate2_4_0_, user0_.regdate as regdate3_4_0_, user0_.email as email4_4_0_, user0_.name as name5_4_0_, user0_.password as password6_4_0_, user0_.username as username7_4_0_, authoritie1_.user_id as user_id1_5_1_, authoritie1_.authority as authorit2_5_1_, persistent2_.series as series1_3_2_, persistent2_.last_used as last_use2_3_2_, persistent2_.token as token3_3_2_, persistent2_.user_id as user_id4_3_2_ from user user0_ left outer join user_authorities authoritie1_ on user0_.id=authoritie1_.user_id left outer join persistent_logins persistent2_ on user0_.id=persistent2_.user_id where user0_.id=?
2019-10-28 10:48:15.118 DEBUG 2580 --- [    Test worker] org.hibernate.SQL                        : select board0_.id as id1_0_, board0_.moddate as moddate2_0_, board0_.regdate as regdate3_0_, board0_.content as content4_0_, board0_.hit as hit5_0_, board0_.title as title6_0_, board0_.user_id as user_id7_0_ from board board0_
Hibernate: select board0_.id as id1_0_, board0_.moddate as moddate2_0_, board0_.regdate as regdate3_0_, board0_.content as content4_0_, board0_.hit as hit5_0_, board0_.title as title6_0_, board0_.user_id as user_id7_0_ from board board0_
2019-10-28 10:48:15.119 DEBUG 2580 --- [    Test worker] org.hibernate.SQL                        : select user0_.id as id1_4_0_, user0_.moddate as moddate2_4_0_, user0_.regdate as regdate3_4_0_, user0_.email as email4_4_0_, user0_.name as name5_4_0_, user0_.password as password6_4_0_, user0_.username as username7_4_0_, authoritie1_.user_id as user_id1_5_1_, authoritie1_.authority as authorit2_5_1_, persistent2_.series as series1_3_2_, persistent2_.last_used as last_use2_3_2_, persistent2_.token as token3_3_2_, persistent2_.user_id as user_id4_3_2_ from user user0_ left outer join user_authorities authoritie1_ on user0_.id=authoritie1_.user_id left outer join persistent_logins persistent2_ on user0_.id=persistent2_.user_id where user0_.id=?
Hibernate: select user0_.id as id1_4_0_, user0_.moddate as moddate2_4_0_, user0_.regdate as regdate3_4_0_, user0_.email as email4_4_0_, user0_.name as name5_4_0_, user0_.password as password6_4_0_, user0_.username as username7_4_0_, authoritie1_.user_id as user_id1_5_1_, authoritie1_.authority as authorit2_5_1_, persistent2_.series as series1_3_2_, persistent2_.last_used as last_use2_3_2_, persistent2_.token as token3_3_2_, persistent2_.user_id as user_id4_3_2_ from user user0_ left outer join user_authorities authoritie1_ on user0_.id=authoritie1_.user_id left outer join persistent_logins persistent2_ on user0_.id=persistent2_.user_id where user0_.id=?
2019-10-28 10:48:15.120 DEBUG 2580 --- [    Test worker] org.hibernate.SQL                        : delete from board where id=?
Hibernate: delete from board where id=?
2019-10-28 10:48:15.120 DEBUG 2580 --- [    Test worker] org.hibernate.SQL                        : delete from board where id=?
Hibernate: delete from board where id=?
2019-10-28 10:48:15.120 DEBUG 2580 --- [    Test worker] org.hibernate.SQL                        : delete from board where id=?
Hibernate: delete from board where id=?
]]></system-out>
  <system-err><![CDATA[]]></system-err>
</testsuite>
