<?xml version="1.0" encoding="UTF-8"?>
<testsuite name="kr.pravusid.domain.comment.CommentRepositoryTest" tests="5" skipped="0" failures="0" errors="0" timestamp="2019-10-28T01:48:10" hostname="DESKTOP-KVCQHCD" time="0.207">
  <properties/>
  <testcase name="댓글_Order는_댓글이없으면_0을_반환함" classname="kr.pravusid.domain.comment.CommentRepositoryTest" time="0.13"/>
  <testcase name="댓글_2개가있는_게시물을_연속입력시_Order의_최고값은_둘다_2이다" classname="kr.pravusid.domain.comment.CommentRepositoryTest" time="0.027"/>
  <testcase name="특정_게시물_댓글_Order의_최고값을_가지고_온다" classname="kr.pravusid.domain.comment.CommentRepositoryTest" time="0.012"/>
  <testcase name="댓글이_0개인_특정게시물의_댓글_전체를_가져온다" classname="kr.pravusid.domain.comment.CommentRepositoryTest" time="0.02"/>
  <testcase name="댓글이_2개인_특정게시물의_댓글_전체를_가져온다" classname="kr.pravusid.domain.comment.CommentRepositoryTest" time="0.016"/>
  <system-out><![CDATA[10:48:08.209 [Test worker] DEBUG org.springframework.test.context.junit4.SpringJUnit4ClassRunner - SpringJUnit4ClassRunner constructor called with [class kr.pravusid.domain.comment.CommentRepositoryTest]
10:48:08.214 [Test worker] DEBUG org.springframework.test.context.BootstrapUtils - Instantiating CacheAwareContextLoaderDelegate from class [org.springframework.test.context.cache.DefaultCacheAwareContextLoaderDelegate]
10:48:08.219 [Test worker] DEBUG org.springframework.test.context.BootstrapUtils - Instantiating BootstrapContext using constructor [public org.springframework.test.context.support.DefaultBootstrapContext(java.lang.Class,org.springframework.test.context.CacheAwareContextLoaderDelegate)]
10:48:08.230 [Test worker] DEBUG org.springframework.test.context.BootstrapUtils - Instantiating TestContextBootstrapper for test class [kr.pravusid.domain.comment.CommentRepositoryTest] from class [org.springframework.boot.test.context.SpringBootTestContextBootstrapper]
10:48:08.242 [Test worker] INFO org.springframework.boot.test.context.SpringBootTestContextBootstrapper - Neither @ContextConfiguration nor @ContextHierarchy found for test class [kr.pravusid.domain.comment.CommentRepositoryTest], using SpringBootContextLoader
10:48:08.245 [Test worker] DEBUG org.springframework.test.context.support.AbstractContextLoader - Did not detect default resource location for test class [kr.pravusid.domain.comment.CommentRepositoryTest]: class path resource [kr/pravusid/domain/comment/CommentRepositoryTest-context.xml] does not exist
10:48:08.245 [Test worker] DEBUG org.springframework.test.context.support.AbstractContextLoader - Did not detect default resource location for test class [kr.pravusid.domain.comment.CommentRepositoryTest]: class path resource [kr/pravusid/domain/comment/CommentRepositoryTestContext.groovy] does not exist
10:48:08.245 [Test worker] INFO org.springframework.test.context.support.AbstractContextLoader - Could not detect default resource locations for test class [kr.pravusid.domain.comment.CommentRepositoryTest]: no resource found for suffixes {-context.xml, Context.groovy}.
10:48:08.246 [Test worker] INFO org.springframework.test.context.support.AnnotationConfigContextLoaderUtils - Could not detect default configuration classes for test class [kr.pravusid.domain.comment.CommentRepositoryTest]: CommentRepositoryTest does not declare any static, non-private, non-final, nested classes annotated with @Configuration.
10:48:08.295 [Test worker] DEBUG org.springframework.test.context.support.ActiveProfilesUtils - Could not find an 'annotation declaring class' for annotation type [org.springframework.test.context.ActiveProfiles] and class [kr.pravusid.domain.comment.CommentRepositoryTest]
10:48:08.300 [Test worker] DEBUG org.springframework.core.env.StandardEnvironment - Adding PropertySource 'systemProperties' with lowest search precedence
10:48:08.300 [Test worker] DEBUG org.springframework.core.env.StandardEnvironment - Adding PropertySource 'systemEnvironment' with lowest search precedence
10:48:08.300 [Test worker] DEBUG org.springframework.core.env.StandardEnvironment - Initialized StandardEnvironment with PropertySources [MapPropertySource@154863424 {name='systemProperties', properties={java.runtime.name=Java(TM) SE Runtime Environment, sun.boot.library.path=C:\Program Files\Java\jdk1.8.0_191\jre\bin, java.vm.version=25.191-b12, java.vm.vendor=Oracle Corporation, java.vendor.url=http://java.oracle.com/, path.separator=;, java.vm.name=Java HotSpot(TM) 64-Bit Server VM, file.encoding.pkg=sun.io, user.script=, sun.java.launcher=SUN_STANDARD, user.country=KR, sun.os.patch.level=, java.vm.specification.name=Java Virtual Machine Specification, user.dir=C:\ssafy\vuex\vuex-springBoot\springboot-vue.js-bbs, java.runtime.version=1.8.0_191-b12, java.awt.graphicsenv=sun.awt.Win32GraphicsEnvironment, java.endorsed.dirs=C:\Program Files\Java\jdk1.8.0_191\jre\lib\endorsed, os.arch=amd64, java.io.tmpdir=C:\Users\MULTIC~1\AppData\Local\Temp\, line.separator=
, java.vm.specification.vendor=Oracle Corporation, user.variant=, os.name=Windows 10, sun.jnu.encoding=MS949, java.library.path=C:\Program Files\Java\jdk1.8.0_191\bin;C:\Windows\Sun\Java\bin;C:\Windows\system32;C:\Windows;C:\Program Files\Git\mingw64\bin;C:\Program Files\Git\usr\bin;C:\Users\multicampus\bin;C:\Users\multicampus\bin;C:\Program Files\Git\mingw64\bin;C:\Program Files\Git\usr\local\bin;C:\Program Files\Git\usr\bin;C:\Program Files\Git\usr\bin;C:\Program Files\Git\mingw64\bin;C:\Program Files\Git\usr\bin;C:\Users\multicampus\bin;C:\Program Files\Python36\Scripts;C:\Program Files\Python36;C:\Program Files\NVIDIA GPU Computing Toolkit\CUDA\v10.0\bin;C:\Program Files\NVIDIA GPU Computing Toolkit\CUDA\v10.0\libnvvp;C:\Program Files (x86)\Common Files\Oracle\Java\javapath;C:\Program Files (x86)\Intel\Intel(R) Management Engine Components\iCLS;C:\Program Files\Intel\Intel(R) Management Engine Components\iCLS;C:\Windows\system32;C:\Windows;C:\Windows\System32\Wbem;C:\Windows\System32\WindowsPowerShell\v1.0;C:\Windows\System32\OpenSSH;C:\Program Files (x86)\NVIDIA Corporation\PhysX\Common;C:\Program Files\Intel\WiFi\bin;C:\Program Files\Common Files\Intel\WirelessCommon;C:\Program Files (x86)\Intel\Intel(R) Management Engine Components\DAL;C:\Program Files\Intel\Intel(R) Management Engine Components\DAL;C:\Program Files (x86)\Intel\Intel(R) Management Engine Components\IPT;C:\Program Files\Intel\Intel(R) Management Engine Components\IPT;C:\Program Files\Java\jdk1.8.0_191\bin;%JAVA_HOME%\bin;D:\SSAFY\node-v10.16.0-x64;C:\ProgramData\chocolatey\bin;C:\Program Files\nodejs;C:\Program Files\Git\cmd;C:\HashiCorp\Vagrant\bin;C:\Program Files\Zulu\zulu-8\bin;C:\Program Files\Microsoft SQL Server\130\Tools\Binn;C:\Program Files\PuTTY;C:\Users\multicampus\AppData\Local\Microsoft\WindowsApps;C:\Users\multicampus\AppData\Roaming\npm;C:\Users\multicampus\AppData\Local\Programs\Microsoft VS Code\bin;C:\Users\multicampus\AppData\Local\atom\bin;C:\Program Files\Bandizip;C:\Program Files\Git\usr\bin\vendor_perl;C:\Program Files\Git\usr\bin\core_perl;., java.specification.name=Java Platform API Specification, java.class.version=52.0, org.gradle.native=false, sun.management.compiler=HotSpot 64-Bit Tiered Compilers, os.version=10.0, user.home=C:\Users\multicampus, user.timezone=Asia/Seoul, java.awt.printerjob=sun.awt.windows.WPrinterJob, file.encoding=x-windows-949, java.specification.version=1.8, java.class.path=C:\ssafy\vuex\vuex-springBoot\springboot-vue.js-bbs\build\classes\java\test;C:\ssafy\vuex\vuex-springBoot\springboot-vue.js-bbs\build\resources\test;C:\ssafy\vuex\vuex-springBoot\springboot-vue.js-bbs\build\classes\java\main;C:\ssafy\vuex\vuex-springBoot\springboot-vue.js-bbs\build\resources\main;C:\Users\multicampus\.gradle\caches\modules-2\files-2.1\org.springframework.boot\spring-boot-starter-web\1.5.16.RELEASE\51a6058bdb32108d3b8856860211e99565bd76d0\spring-boot-starter-web-1.5.16.RELEASE.jar;C:\Users\multicampus\.gradle\caches\modules-2\files-2.1\org.springframework.boot\spring-boot-starter-data-jpa\1.5.16.RELEASE\b49a422cf8d3e40c13be643f3b2613847bf7f1c4\spring-boot-starter-data-jpa-1.5.16.RELEASE.jar;C:\Users\multicampus\.gradle\caches\modules-2\files-2.1\org.springframework.boot\spring-boot-starter-aop\1.5.16.RELEASE\7e214ec910da5670c5f2b6c50e894117f5c0ed2a\spring-boot-starter-aop-1.5.16.RELEASE.jar;C:\Users\multicampus\.gradle\caches\modules-2\files-2.1\org.springframework.boot\spring-boot-starter-security\1.5.16.RELEASE\acd9785a91d3ac752f423d0b8790d96be8814634\spring-boot-starter-security-1.5.16.RELEASE.jar;C:\Users\multicampus\.gradle\caches\modules-2\files-2.1\org.springframework.security\spring-security-jwt\1.0.9.RELEASE\3b060c3c397a7638b07c2a4850e03affd335097f\spring-security-jwt-1.0.9.RELEASE.jar;C:\Users\multicampus\.gradle\caches\modules-2\files-2.1\org.springframework.security.oauth\spring-security-oauth2\2.0.15.RELEASE\791b7060abe9172bd29033c321f6d455e299e48f\spring-security-oauth2-2.0.15.RELEASE.jar;C:\Users\multicampus\.gradle\caches\modules-2\files-2.1\org.thymeleaf\thymeleaf-spring4\3.0.1.RELEASE\d613783d602795748fe51eb5bfa4af707be592fa\thymeleaf-spring4-3.0.1.RELEASE.jar;C:\Users\multicampus\.gradle\caches\modules-2\files-2.1\org.thymeleaf\thymeleaf\3.0.1.RELEASE\21a8d9d296aaf622a72fed3bd7b0f625ba5c3836\thymeleaf-3.0.1.RELEASE.jar;C:\Users\multicampus\.gradle\caches\modules-2\files-2.1\org.thymeleaf.extras\thymeleaf-extras-springsecurity4\3.0.1.RELEASE\6d190bc54defea0707d1d0969b12eea1f55fa293\thymeleaf-extras-springsecurity4-3.0.1.RELEASE.jar;C:\Users\multicampus\.gradle\caches\modules-2\files-2.1\mysql\mysql-connector-java\5.1.47\9de4159aaf2d08817a276610b8114a825fca6cfd\mysql-connector-java-5.1.47.jar;C:\Users\multicampus\.gradle\caches\modules-2\files-2.1\com.h2database\h2\1.4.197\bb391050048ca8ae3e32451b5a3714ecd3596a46\h2-1.4.197.jar;C:\Users\multicampus\.gradle\caches\modules-2\files-2.1\org.springframework.boot\spring-boot-devtools\1.5.16.RELEASE\187c2a58c3c97bc58c6b0a2f54282647858d5822\spring-boot-devtools-1.5.16.RELEASE.jar;C:\Users\multicampus\.gradle\caches\modules-2\files-2.1\org.springframework.boot\spring-boot-starter-test\1.5.16.RELEASE\684ccfd0e652a55c653f1e30e5bdc65cf849e4d5\spring-boot-starter-test-1.5.16.RELEASE.jar;C:\Users\multicampus\.gradle\caches\modules-2\files-2.1\org.springframework.security\spring-security-test\4.2.8.RELEASE\ab42a94b1e252d74825867d927cf372c0961167e\spring-security-test-4.2.8.RELEASE.jar;C:\Users\multicampus\.gradle\caches\modules-2\files-2.1\org.springframework.boot\spring-boot-starter-jdbc\1.5.16.RELEASE\64908e9bbddd51ceddef66982c184ecb9cf631ce\spring-boot-starter-jdbc-1.5.16.RELEASE.jar;C:\Users\multicampus\.gradle\caches\modules-2\files-2.1\org.springframework.boot\spring-boot-starter\1.5.16.RELEASE\f4fde2cdb903502a2010714139490872d0819926\spring-boot-starter-1.5.16.RELEASE.jar;C:\Users\multicampus\.gradle\caches\modules-2\files-2.1\org.springframework.boot\spring-boot-starter-tomcat\1.5.16.RELEASE\b753680d2d1b77efeabd8a96fc65f927fbd0a2e6\spring-boot-starter-tomcat-1.5.16.RELEASE.jar;C:\Users\multicampus\.gradle\caches\modules-2\files-2.1\org.hibernate\hibernate-validator\5.3.6.Final\4c730be8bf55a8e9a61e79a2f2c079abf48b718\hibernate-validator-5.3.6.Final.jar;C:\Users\multicampus\.gradle\caches\modules-2\files-2.1\com.fasterxml.jackson.core\jackson-databind\2.8.11.2\2c5051e8e84d2c16316b758ebf746f9e90bef5a4\jackson-databind-2.8.11.2.jar;C:\Users\multicampus\.gradle\caches\modules-2\files-2.1\org.springframework\spring-webmvc\4.3.19.RELEASE\a868662db5210599fd5db5a4e5a793d7143cf830\spring-webmvc-4.3.19.RELEASE.jar;C:\Users\multicampus\.gradle\caches\modules-2\files-2.1\org.springframework.security\spring-security-web\4.2.8.RELEASE\3ad0d2508ab66e699b53ff3b302f6de16c8fa36f\spring-security-web-4.2.8.RELEASE.jar;C:\Users\multicampus\.gradle\caches\modules-2\files-2.1\org.springframework\spring-web\4.3.19.RELEASE\586f1391142ed1309b302197b80229fce77d1599\spring-web-4.3.19.RELEASE.jar;C:\Users\multicampus\.gradle\caches\modules-2\files-2.1\org.springframework.security\spring-security-config\4.2.8.RELEASE\4a48248d7acc97051702670213c71baf877024ec\spring-security-config-4.2.8.RELEASE.jar;C:\Users\multicampus\.gradle\caches\modules-2\files-2.1\org.springframework.security\spring-security-core\4.2.8.RELEASE\559b89a92bd6d6dd0a0400a13ce5b44b4bdec16f\spring-security-core-4.2.8.RELEASE.jar;C:\Users\multicampus\.gradle\caches\modules-2\files-2.1\org.springframework.data\spring-data-jpa\1.11.15.RELEASE\a23ee7fd61945cd23115faae8cfbf3021cc1129\spring-data-jpa-1.11.15.RELEASE.jar;C:\Users\multicampus\.gradle\caches\modules-2\files-2.1\org.springframework.boot\spring-boot-test-autoconfigure\1.5.16.RELEASE\c15f72fdadeb685ec02ebb75569b0f11084d1f1a\spring-boot-test-autoconfigure-1.5.16.RELEASE.jar;C:\Users\multicampus\.gradle\caches\modules-2\files-2.1\org.springframework.boot\spring-boot-autoconfigure\1.5.16.RELEASE\32b6dd3ac882cd5bad2bae7f1e299d1b1411990e\spring-boot-autoconfigure-1.5.16.RELEASE.jar;C:\Users\multicampus\.gradle\caches\modules-2\files-2.1\org.springframework.boot\spring-boot-test\1.5.16.RELEASE\4e948099ac392fe74461562c82f09dfbc18c5360\spring-boot-test-1.5.16.RELEASE.jar;C:\Users\multicampus\.gradle\caches\modules-2\files-2.1\org.springframework.boot\spring-boot\1.5.16.RELEASE\b0d5e696bea06749372aa892dbbd3b3c4b6cc59c\spring-boot-1.5.16.RELEASE.jar;C:\Users\multicampus\.gradle\caches\modules-2\files-2.1\org.springframework\spring-context\4.3.19.RELEASE\ea103d73207f4f17f824de2eb5e128b06bdf050a\spring-context-4.3.19.RELEASE.jar;C:\Users\multicampus\.gradle\caches\modules-2\files-2.1\org.springframework\spring-aop\4.3.19.RELEASE\1f475ad8e9cbd6df169f61a5e4106306ecd7d370\spring-aop-4.3.19.RELEASE.jar;C:\Users\multicampus\.gradle\caches\modules-2\files-2.1\org.springframework\spring-aspects\4.3.19.RELEASE\482bf07dd5c49fda6e1bf819b71d177d04a36911\spring-aspects-4.3.19.RELEASE.jar;C:\Users\multicampus\.gradle\caches\modules-2\files-2.1\org.aspectj\aspectjweaver\1.8.13\ad94df2a28d658a40dc27bbaff6a1ce5fbf04e9b\aspectjweaver-1.8.13.jar;C:\Users\multicampus\.gradle\caches\modules-2\files-2.1\org.bouncycastle\bcpkix-jdk15on\1.56\4648af70268b6fdb24674fb1fd7c1fcc73db1231\bcpkix-jdk15on-1.56.jar;C:\Users\multicampus\.gradle\caches\modules-2\files-2.1\org.springframework\spring-orm\4.3.19.RELEASE\55e5bc778a092bb4b75e6901fd839e1e2c5006cc\spring-orm-4.3.19.RELEASE.jar;C:\Users\multicampus\.gradle\caches\modules-2\files-2.1\org.springframework\spring-jdbc\4.3.19.RELEASE\503dfe394c891e38a385ff9620b4159fdc13b1e2\spring-jdbc-4.3.19.RELEASE.jar;C:\Users\multicampus\.gradle\caches\modules-2\files-2.1\org.springframework.data\spring-data-commons\1.13.15.RELEASE\d6e42d2fb2d76a59ec523594c51eb9b00f3d4320\spring-data-commons-1.13.15.RELEASE.jar;C:\Users\multicampus\.gradle\caches\modules-2\files-2.1\org.springframework\spring-tx\4.3.19.RELEASE\a829456fc9f0f043471f972d0632bccd4d3c5aeb\spring-tx-4.3.19.RELEASE.jar;C:\Users\multicampus\.gradle\caches\modules-2\files-2.1\org.springframework\spring-beans\4.3.19.RELEASE\5bd5eb9e4dc86f985c4e6936e0463eee75e24781\spring-beans-4.3.19.RELEASE.jar;C:\Users\multicampus\.gradle\caches\modules-2\files-2.1\org.springframework\spring-test\4.3.19.RELEASE\18c2f40a229e4f36d83840ed3cc26361941658e5\spring-test-4.3.19.RELEASE.jar;C:\Users\multicampus\.gradle\caches\modules-2\files-2.1\org.springframework\spring-expression\4.3.19.RELEASE\6d4998d23d22ae976fd8f807f8ceeff5df0925d4\spring-expression-4.3.19.RELEASE.jar;C:\Users\multicampus\.gradle\caches\modules-2\files-2.1\org.springframework\spring-core\4.3.19.RELEASE\519cfdf4887adefbda2f13bbc45e8e933a0cd894\spring-core-4.3.19.RELEASE.jar;C:\Users\multicampus\.gradle\caches\modules-2\files-2.1\commons-codec\commons-codec\1.10\4b95f4897fa13f2cd904aee711aeafc0c5295cd8\commons-codec-1.10.jar;C:\Users\multicampus\.gradle\caches\modules-2\files-2.1\org.codehaus.jackson\jackson-mapper-asl\1.9.13\1ee2f2bed0e5dd29d1cb155a166e6f8d50bbddb7\jackson-mapper-asl-1.9.13.jar;C:\Users\multicampus\.gradle\caches\modules-2\files-2.1\org.hibernate\hibernate-entitymanager\5.0.12.Final\302a526f5058290e9cbd719a5caf9f248d344719\hibernate-entitymanager-5.0.12.Final.jar;C:\Users\multicampus\.gradle\caches\modules-2\files-2.1\org.hibernate\hibernate-core\5.0.12.Final\e58bf1c660e6706d8e2cbb53bae110f574366102\hibernate-core-5.0.12.Final.jar;C:\Users\multicampus\.gradle\caches\modules-2\files-2.1\javax.transaction\javax.transaction-api\1.2\d81aff979d603edd90dcd8db2abc1f4ce6479e3e\javax.transaction-api-1.2.jar;C:\Users\multicampus\.gradle\caches\modules-2\files-2.1\ognl\ognl\3.1.3\7a5e5b532f0d20745d6559da4e8ea6d73f9dbbd7\ognl-3.1.3.jar;C:\Users\multicampus\.gradle\caches\modules-2\files-2.1\org.javassist\javassist\3.21.0-GA\598244f595db5c5fb713731eddbb1c91a58d959b\javassist-3.21.0-GA.jar;C:\Users\multicampus\.gradle\caches\modules-2\files-2.1\org.attoparser\attoparser\2.0.0.RELEASE\c139ec3be4169da28ca1007689db2d6a4abe6b34\attoparser-2.0.0.RELEASE.jar;C:\Users\multicampus\.gradle\caches\modules-2\files-2.1\org.unbescape\unbescape\1.1.3.RELEASE\7bc2ae80017a41a3b18706a249e8342fbbffa469\unbescape-1.1.3.RELEASE.jar;C:\Users\multicampus\.gradle\caches\modules-2\files-2.1\com.jayway.jsonpath\json-path\2.2.0\22290d17944bd239fabf5ac69005a60a7ecbbbcb\json-path-2.2.0.jar;C:\Users\multicampus\.gradle\caches\modules-2\files-2.1\org.springframework.boot\spring-boot-starter-logging\1.5.16.RELEASE\28429e43bd3ae3cd710bf47bcba84af38e5e69cb\spring-boot-starter-logging-1.5.16.RELEASE.jar;C:\Users\multicampus\.gradle\caches\modules-2\files-2.1\org.slf4j\jcl-over-slf4j\1.7.25\f8c32b13ff142a513eeb5b6330b1588dcb2c0461\jcl-over-slf4j-1.7.25.jar;C:\Users\multicampus\.gradle\caches\modules-2\files-2.1\ch.qos.logback\logback-classic\1.1.11\ccedfbacef4a6515d2983e3f89ed753d5d4fb665\logback-classic-1.1.11.jar;C:\Users\multicampus\.gradle\caches\modules-2\files-2.1\org.slf4j\jul-to-slf4j\1.7.25\af5364cd6679bfffb114f0dec8a157aaa283b76\jul-to-slf4j-1.7.25.jar;C:\Users\multicampus\.gradle\caches\modules-2\files-2.1\org.slf4j\log4j-over-slf4j\1.7.25\a87bb47468f47ee7aabbd54f93e133d4215769c3\log4j-over-slf4j-1.7.25.jar;C:\Users\multicampus\.gradle\caches\modules-2\files-2.1\org.slf4j\slf4j-api\1.7.25\da76ca59f6a57ee3102f8f9bd9cee742973efa8a\slf4j-api-1.7.25.jar;C:\Users\multicampus\.gradle\caches\modules-2\files-2.1\junit\junit\4.12\2973d150c0dc1fefe998f834810d68f278ea58ec\junit-4.12.jar;C:\Users\multicampus\.gradle\caches\modules-2\files-2.1\org.assertj\assertj-core\2.6.0\b532c3fc4f66bcfee4989a3514f1cd56203a33ad\assertj-core-2.6.0.jar;C:\Users\multicampus\.gradle\caches\modules-2\files-2.1\org.mockito\mockito-core\1.10.19\e8546f5bef4e061d8dd73895b4e8f40e3fe6effe\mockito-core-1.10.19.jar;C:\Users\multicampus\.gradle\caches\modules-2\files-2.1\org.hamcrest\hamcrest-library\1.3\4785a3c21320980282f9f33d0d1264a69040538f\hamcrest-library-1.3.jar;C:\Users\multicampus\.gradle\caches\modules-2\files-2.1\org.hamcrest\hamcrest-core\1.3\42a25dc3219429f0e5d060061f71acb49bf010a0\hamcrest-core-1.3.jar;C:\Users\multicampus\.gradle\caches\modules-2\files-2.1\org.skyscreamer\jsonassert\1.4.0\9cdbb373a06f6513e51e8c545ee6a5e981463edb\jsonassert-1.4.0.jar;C:\Users\multicampus\.gradle\caches\modules-2\files-2.1\org.yaml\snakeyaml\1.17\7a27ea250c5130b2922b86dea63cbb1cc10a660c\snakeyaml-1.17.jar;C:\Users\multicampus\.gradle\caches\modules-2\files-2.1\org.apache.tomcat.embed\tomcat-embed-websocket\8.5.34\5f86906367c2540b21e6aeecc277d2ce9ec939b0\tomcat-embed-websocket-8.5.34.jar;C:\Users\multicampus\.gradle\caches\modules-2\files-2.1\org.apache.tomcat.embed\tomcat-embed-core\8.5.34\a038040d68a90397f95dd1e11b979fe364a5000f\tomcat-embed-core-8.5.34.jar;C:\Users\multicampus\.gradle\caches\modules-2\files-2.1\org.apache.tomcat.embed\tomcat-embed-el\8.5.34\be71a9a5bdd001db7cf97c47429eec0bdd3b7b88\tomcat-embed-el-8.5.34.jar;C:\Users\multicampus\.gradle\caches\modules-2\files-2.1\javax.validation\validation-api\1.1.0.Final\8613ae82954779d518631e05daa73a6a954817d5\validation-api-1.1.0.Final.jar;C:\Users\multicampus\.gradle\caches\modules-2\files-2.1\org.hibernate.common\hibernate-commons-annotations\5.0.1.Final\71e1cff3fcb20d3b3af4f3363c3ddb24d33c6879\hibernate-commons-annotations-5.0.1.Final.jar;C:\Users\multicampus\.gradle\caches\modules-2\files-2.1\org.jboss.logging\jboss-logging\3.3.2.Final\3789d00e859632e6c6206adc0c71625559e6e3b0\jboss-logging-3.3.2.Final.jar;C:\Users\multicampus\.gradle\caches\modules-2\files-2.1\com.fasterxml\classmate\1.3.4\3d5f48f10bbe4eb7bd862f10c0583be2e0053c6\classmate-1.3.4.jar;C:\Users\multicampus\.gradle\caches\modules-2\files-2.1\com.fasterxml.jackson.core\jackson-annotations\2.8.0\45b426f7796b741035581a176744d91090e2e6fb\jackson-annotations-2.8.0.jar;C:\Users\multicampus\.gradle\caches\modules-2\files-2.1\com.fasterxml.jackson.core\jackson-core\2.8.11\876ead1db19f0c9e79c9789273a3ef8c6fd6c29b\jackson-core-2.8.11.jar;C:\Users\multicampus\.gradle\caches\modules-2\files-2.1\aopalliance\aopalliance\1.0\235ba8b489512805ac13a8f9ea77a1ca5ebe3e8\aopalliance-1.0.jar;C:\Users\multicampus\.gradle\caches\modules-2\files-2.1\org.bouncycastle\bcprov-jdk15on\1.56\a153c6f9744a3e9dd6feab5e210e1c9861362ec7\bcprov-jdk15on-1.56.jar;C:\Users\multicampus\.gradle\caches\modules-2\files-2.1\org.codehaus.jackson\jackson-core-asl\1.9.13\3c304d70f42f832e0a86d45bd437f692129299a4\jackson-core-asl-1.9.13.jar;C:\Users\multicampus\.gradle\caches\modules-2\files-2.1\org.apache.tomcat\tomcat-jdbc\8.5.34\237071622552f7441f350cf27a9359c30ef9a761\tomcat-jdbc-8.5.34.jar;C:\Users\multicampus\.gradle\caches\modules-2\files-2.1\org.hibernate.javax.persistence\hibernate-jpa-2.1-api\1.0.0.Final\5e731d961297e5a07290bfaf3db1fbc8bbbf405a\hibernate-jpa-2.1-api-1.0.0.Final.jar;C:\Users\multicampus\.gradle\caches\modules-2\files-2.1\antlr\antlr\2.7.7\83cd2cd674a217ade95a4bb83a8a14f351f48bd0\antlr-2.7.7.jar;C:\Users\multicampus\.gradle\caches\modules-2\files-2.1\org.jboss\jandex\2.0.0.Final\3e899258936f94649c777193e1be846387ed54b3\jandex-2.0.0.Final.jar;C:\Users\multicampus\.gradle\caches\modules-2\files-2.1\dom4j\dom4j\1.6.1\5d3ccc056b6f056dbf0dddfdf43894b9065a8f94\dom4j-1.6.1.jar;C:\Users\multicampus\.gradle\caches\modules-2\files-2.1\net.minidev\json-smart\2.2.1\5b9e5df7a62d1279b70dc882b041d249c4f0b002\json-smart-2.2.1.jar;C:\Users\multicampus\.gradle\caches\modules-2\files-2.1\org.objenesis\objenesis\2.1\87c0ea803b69252868d09308b4618f766f135a96\objenesis-2.1.jar;C:\Users\multicampus\.gradle\caches\modules-2\files-2.1\com.vaadin.external.google\android-json\0.0.20131108.vaadin1\fa26d351fe62a6a17f5cda1287c1c6110dec413f\android-json-0.0.20131108.vaadin1.jar;C:\Users\multicampus\.gradle\caches\modules-2\files-2.1\org.apache.tomcat\tomcat-annotations-api\8.5.34\edd8e694ef125878e277d198bc0c333c2250d2c2\tomcat-annotations-api-8.5.34.jar;C:\Users\multicampus\.gradle\caches\modules-2\files-2.1\org.apache.tomcat\tomcat-juli\8.5.34\483c263f31e806aaf0ca92a16c9c3a13149e9641\tomcat-juli-8.5.34.jar;C:\Users\multicampus\.gradle\caches\modules-2\files-2.1\net.minidev\accessors-smart\1.1\a527213f2fea112a04c9bdf0ec0264e34104cd08\accessors-smart-1.1.jar;C:\Users\multicampus\.gradle\caches\modules-2\files-2.1\ch.qos.logback\logback-core\1.1.11\88b8df40340eed549fb07e2613879bf6b006704d\logback-core-1.1.11.jar;C:\Users\multicampus\.gradle\caches\modules-2\files-2.1\org.ow2.asm\asm\5.0.3\dcc2193db20e19e1feca8b1240dbbc4e190824fa\asm-5.0.3.jar, user.name=multicampus, java.vm.specification.version=1.8, sun.java.command=worker.org.gradle.process.internal.worker.GradleWorkerMain 'Gradle Test Executor 1', java.home=C:\Program Files\Java\jdk1.8.0_191\jre, sun.arch.data.model=64, user.language=ko, java.specification.vendor=Oracle Corporation, awt.toolkit=sun.awt.windows.WToolkit, java.vm.info=mixed mode, java.version=1.8.0_191, java.ext.dirs=C:\Program Files\Java\jdk1.8.0_191\jre\lib\ext;C:\Windows\Sun\Java\lib\ext, sun.boot.class.path=C:\Program Files\Java\jdk1.8.0_191\jre\lib\resources.jar;C:\Program Files\Java\jdk1.8.0_191\jre\lib\rt.jar;C:\Program Files\Java\jdk1.8.0_191\jre\lib\sunrsasign.jar;C:\Program Files\Java\jdk1.8.0_191\jre\lib\jsse.jar;C:\Program Files\Java\jdk1.8.0_191\jre\lib\jce.jar;C:\Program Files\Java\jdk1.8.0_191\jre\lib\charsets.jar;C:\Program Files\Java\jdk1.8.0_191\jre\lib\jfr.jar;C:\Program Files\Java\jdk1.8.0_191\jre\classes, java.vendor=Oracle Corporation, org.gradle.test.worker=1, file.separator=\, java.vendor.url.bug=http://bugreport.sun.com/bugreport/, sun.io.unicode.encoding=UnicodeLittle, sun.cpu.endian=little, sun.desktop=windows, sun.cpu.isalist=amd64}}, SystemEnvironmentPropertySource@516243710 {name='systemEnvironment', properties={PATH=C:\Program Files\Git\mingw64\bin;C:\Program Files\Git\usr\bin;C:\Users\multicampus\bin;C:\Users\multicampus\bin;C:\Program Files\Git\mingw64\bin;C:\Program Files\Git\usr\local\bin;C:\Program Files\Git\usr\bin;C:\Program Files\Git\usr\bin;C:\Program Files\Git\mingw64\bin;C:\Program Files\Git\usr\bin;C:\Users\multicampus\bin;C:\Program Files\Python36\Scripts;C:\Program Files\Python36;C:\Program Files\NVIDIA GPU Computing Toolkit\CUDA\v10.0\bin;C:\Program Files\NVIDIA GPU Computing Toolkit\CUDA\v10.0\libnvvp;C:\Program Files (x86)\Common Files\Oracle\Java\javapath;C:\Program Files (x86)\Intel\Intel(R) Management Engine Components\iCLS;C:\Program Files\Intel\Intel(R) Management Engine Components\iCLS;C:\Windows\system32;C:\Windows;C:\Windows\System32\Wbem;C:\Windows\System32\WindowsPowerShell\v1.0;C:\Windows\System32\OpenSSH;C:\Program Files (x86)\NVIDIA Corporation\PhysX\Common;C:\Program Files\Intel\WiFi\bin;C:\Program Files\Common Files\Intel\WirelessCommon;C:\Program Files (x86)\Intel\Intel(R) Management Engine Components\DAL;C:\Program Files\Intel\Intel(R) Management Engine Components\DAL;C:\Program Files (x86)\Intel\Intel(R) Management Engine Components\IPT;C:\Program Files\Intel\Intel(R) Management Engine Components\IPT;C:\Program Files\Java\jdk1.8.0_191\bin;%JAVA_HOME%\bin;D:\SSAFY\node-v10.16.0-x64;C:\ProgramData\chocolatey\bin;C:\Program Files\nodejs;C:\Program Files\Git\cmd;C:\HashiCorp\Vagrant\bin;C:\Program Files\Zulu\zulu-8\bin;C:\Program Files\Microsoft SQL Server\130\Tools\Binn;C:\Program Files\PuTTY;C:\Users\multicampus\AppData\Local\Microsoft\WindowsApps;C:\Users\multicampus\AppData\Roaming\npm;C:\Users\multicampus\AppData\Local\Programs\Microsoft VS Code\bin;C:\Users\multicampus\AppData\Local\atom\bin;C:\Program Files\Bandizip;C:\Program Files\Git\usr\bin\vendor_perl;C:\Program Files\Git\usr\bin\core_perl, USERDOMAIN_ROAMINGPROFILE=DESKTOP-KVCQHCD, PKG_CONFIG_PATH=C:\Program Files\Git\mingw64\lib\pkgconfig;C:\Program Files\Git\mingw64\share\pkgconfig, MSYSTEM_PREFIX=C:/Program Files/Git/mingw64, PROCESSOR_LEVEL=6, SYSTEMDRIVE=C:, CONFIG_SITE=C:/Program Files/Git/mingw64/etc/config.site, SESSIONNAME=Console, ALLUSERSPROFILE=C:\ProgramData, PROCESSOR_ARCHITECTURE=AMD64, MSYSTEM_CHOST=x86_64-w64-mingw32, PSModulePath=C:\Program Files\WindowsPowerShell\Modules;C:\Windows\system32\WindowsPowerShell\v1.0\Modules, ORIGINAL_TEMP=C:/Users/MULTIC~1/AppData/Local/Temp, PROGRAMFILES=C:\Program Files, COLORTERM=truecolor, USERNAME=multicampus, APPLICATION_INSIGHTS_NO_DIAGNOSTIC_CHANNEL=true, PWD=C:/ssafy/vuex/vuex-springBoot/springboot-vue.js-bbs, TERM_PROGRAM_VERSION=1.39.2, ProgramFiles(x86)=C:\Program Files (x86), INFOPATH=C:\Program Files\Git\usr\local\info;C:\Program Files\Git\usr\share\info;C:\Program Files\Git\usr\info;C:\Program Files\Git\share\info, FPS_BROWSER_USER_PROFILE_STRING=Default, CUDA_PATH_V10_0=C:\Program Files\NVIDIA GPU Computing Toolkit\CUDA\v10.0, PATHEXT=.COM;.EXE;.BAT;.CMD;.VBS;.VBE;.JS;.JSE;.WSF;.WSH;.MSC;.PY;.PYW, SHELL=C:\Program Files\Git\usr\bin\bash.exe, DriverData=C:\Windows\System32\Drivers\DriverData, ORIGINAL_TMP=C:/Users/MULTIC~1/AppData/Local/Temp, OLDPWD=C:/ssafy/vuex/vuex-springBoot/springboot-vue.js-bbs, TMPDIR=C:\Users\MULTIC~1\AppData\Local\Temp, WINDIR=C:\Windows, ProgramData=C:\ProgramData, ProgramW6432=C:\Program Files, SSH_ASKPASS=C:/Program Files/Git/mingw64/libexec/git-core/git-gui--askpass, HOMEPATH=\Users\multicampus, PROCESSOR_IDENTIFIER=Intel64 Family 6 Model 158 Stepping 10, GenuineIntel, PUBLIC=C:\Users\Public, MINGW_CHOST=x86_64-w64-mingw32, EXEPATH=C:\Program Files\Git\bin, SHLVL=3, LOCALAPPDATA=C:\Users\multicampus\AppData\Local, ChocolateyLastPathUpdate=132053129233936938, ORIGINAL_PATH=C:\Program Files\Git\mingw64\bin;C:\Program Files\Git\usr\bin;C:\Users\multicampus\bin;C:\Program Files\Python36\Scripts;C:\Program Files\Python36;C:\Program Files\NVIDIA GPU Computing Toolkit\CUDA\v10.0\bin;C:\Program Files\NVIDIA GPU Computing Toolkit\CUDA\v10.0\libnvvp;C:\Program Files (x86)\Common Files\Oracle\Java\javapath;C:\Program Files (x86)\Intel\Intel(R) Management Engine Components\iCLS;C:\Program Files\Intel\Intel(R) Management Engine Components\iCLS;C:\Windows\system32;C:\Windows;C:\Windows\System32\Wbem;C:\Windows\System32\WindowsPowerShell\v1.0;C:\Windows\System32\OpenSSH;C:\Program Files (x86)\NVIDIA Corporation\PhysX\Common;C:\Program Files\Intel\WiFi\bin;C:\Program Files\Common Files\Intel\WirelessCommon;C:\Program Files (x86)\Intel\Intel(R) Management Engine Components\DAL;C:\Program Files\Intel\Intel(R) Management Engine Components\DAL;C:\Program Files (x86)\Intel\Intel(R) Management Engine Components\IPT;C:\Program Files\Intel\Intel(R) Management Engine Components\IPT;C:\Program Files\Java\jdk1.8.0_191\bin;%JAVA_HOME%\bin;D:\SSAFY\node-v10.16.0-x64;C:\ProgramData\chocolatey\bin;C:\Program Files\nodejs;C:\Program Files\Git\cmd;C:\HashiCorp\Vagrant\bin;C:\Program Files\Zulu\zulu-8\bin;C:\Program Files\Microsoft SQL Server\130\Tools\Binn;C:\Program Files\PuTTY;C:\Users\multicampus\AppData\Local\Microsoft\WindowsApps;C:\Users\multicampus\AppData\Roaming\npm;C:\Users\multicampus\AppData\Local\Programs\Microsoft VS Code\bin;C:\Users\multicampus\AppData\Local\atom\bin;C:\Program Files\Bandizip, MANPATH=C:\Program Files\Git\mingw64\local\man;C:\Program Files\Git\mingw64\share\man;C:\Program Files\Git\usr\local\man;C:\Program Files\Git\usr\share\man;C:\Program Files\Git\usr\man;C:\Program Files\Git\share\man, MINGW_PACKAGE_PREFIX=mingw-w64-x86_64, USERDOMAIN=DESKTOP-KVCQHCD, FPS_BROWSER_APP_PROFILE_STRING=Internet Explorer, LOGONSERVER=\\DESKTOP-KVCQHCD, PLINK_PROTOCOL=ssh, NVCUDASAMPLES10_0_ROOT=C:\ProgramData\NVIDIA Corporation\CUDA Samples\v10.0, TERM=xterm, LANG=ko_KR.UTF-8, MINGW_PREFIX=C:/Program Files/Git/mingw64, DISPLAY=needs-to-be-defined, MSYSTEM=MINGW64, OneDrive=C:\Users\multicampus\OneDrive, APPDATA=C:\Users\multicampus\AppData\Roaming, SYSTEMROOT=C:\Windows, ChocolateyInstall=C:\ProgramData\chocolatey, VBOX_MSI_INSTALL_PATH=C:\Program Files\Oracle\VirtualBox\, OS=Windows_NT, TERM_PROGRAM=vscode, COMPUTERNAME=DESKTOP-KVCQHCD, COMMONPROGRAMFILES=C:\Program Files\Common Files, COMSPEC=C:\Windows\system32\cmd.exe, NVCUDASAMPLES_ROOT=C:\ProgramData\NVIDIA Corporation\CUDA Samples\v10.0, CATALINA_HOME=C:\ssafy\Spring\apache-tomcat-8.5.46, CUDA_PATH=C:\Program Files\NVIDIA GPU Computing Toolkit\CUDA\v10.0, PROCESSOR_REVISION=9e0a, CommonProgramW6432=C:\Program Files\Common Files, ACLOCAL_PATH=C:\Program Files\Git\mingw64\share\aclocal;C:\Program Files\Git\usr\share\aclocal, MSYSTEM_CARCH=x86_64, TEMP=C:\Users\MULTIC~1\AppData\Local\Temp, HOSTNAME=DESKTOP-KVCQHCD, HOMEDRIVE=C:, USERPROFILE=C:\Users\multicampus, TMP=C:\Users\MULTIC~1\AppData\Local\Temp, CommonProgramFiles(x86)=C:\Program Files (x86)\Common Files, NUMBER_OF_PROCESSORS=12, HOME=C:\Users\multicampus}}]
10:48:08.310 [Test worker] DEBUG org.springframework.core.io.support.PathMatchingResourcePatternResolver - Resolved classpath location [kr/pravusid/domain/comment/] to resources [URL [file:/C:/ssafy/vuex/vuex-springBoot/springboot-vue.js-bbs/build/classes/java/test/kr/pravusid/domain/comment/], URL [file:/C:/ssafy/vuex/vuex-springBoot/springboot-vue.js-bbs/build/classes/java/main/kr/pravusid/domain/comment/]]
10:48:08.311 [Test worker] DEBUG org.springframework.core.io.support.PathMatchingResourcePatternResolver - Looking for matching resources in directory tree [C:\ssafy\vuex\vuex-springBoot\springboot-vue.js-bbs\build\classes\java\test\kr\pravusid\domain\comment]
10:48:08.311 [Test worker] DEBUG org.springframework.core.io.support.PathMatchingResourcePatternResolver - Searching directory [C:\ssafy\vuex\vuex-springBoot\springboot-vue.js-bbs\build\classes\java\test\kr\pravusid\domain\comment] for files matching pattern [C:/ssafy/vuex/vuex-springBoot/springboot-vue.js-bbs/build/classes/java/test/kr/pravusid/domain/comment/*.class]
10:48:08.313 [Test worker] DEBUG org.springframework.core.io.support.PathMatchingResourcePatternResolver - Looking for matching resources in directory tree [C:\ssafy\vuex\vuex-springBoot\springboot-vue.js-bbs\build\classes\java\main\kr\pravusid\domain\comment]
10:48:08.314 [Test worker] DEBUG org.springframework.core.io.support.PathMatchingResourcePatternResolver - Searching directory [C:\ssafy\vuex\vuex-springBoot\springboot-vue.js-bbs\build\classes\java\main\kr\pravusid\domain\comment] for files matching pattern [C:/ssafy/vuex/vuex-springBoot/springboot-vue.js-bbs/build/classes/java/main/kr/pravusid/domain/comment/*.class]
10:48:08.314 [Test worker] DEBUG org.springframework.core.io.support.PathMatchingResourcePatternResolver - Resolved location pattern [classpath*:kr/pravusid/domain/comment/*.class] to resources [file [C:\ssafy\vuex\vuex-springBoot\springboot-vue.js-bbs\build\classes\java\test\kr\pravusid\domain\comment\CommentRepositoryTest.class], file [C:\ssafy\vuex\vuex-springBoot\springboot-vue.js-bbs\build\classes\java\test\kr\pravusid\domain\comment\CommentTest.class], file [C:\ssafy\vuex\vuex-springBoot\springboot-vue.js-bbs\build\classes\java\main\kr\pravusid\domain\comment\Comment.class], file [C:\ssafy\vuex\vuex-springBoot\springboot-vue.js-bbs\build\classes\java\main\kr\pravusid\domain\comment\CommentRepository.class]]
10:48:08.330 [Test worker] DEBUG org.springframework.core.io.support.PathMatchingResourcePatternResolver - Resolved classpath location [kr/pravusid/domain/] to resources [URL [file:/C:/ssafy/vuex/vuex-springBoot/springboot-vue.js-bbs/build/classes/java/test/kr/pravusid/domain/], URL [file:/C:/ssafy/vuex/vuex-springBoot/springboot-vue.js-bbs/build/classes/java/main/kr/pravusid/domain/]]
10:48:08.330 [Test worker] DEBUG org.springframework.core.io.support.PathMatchingResourcePatternResolver - Looking for matching resources in directory tree [C:\ssafy\vuex\vuex-springBoot\springboot-vue.js-bbs\build\classes\java\test\kr\pravusid\domain]
10:48:08.330 [Test worker] DEBUG org.springframework.core.io.support.PathMatchingResourcePatternResolver - Searching directory [C:\ssafy\vuex\vuex-springBoot\springboot-vue.js-bbs\build\classes\java\test\kr\pravusid\domain] for files matching pattern [C:/ssafy/vuex/vuex-springBoot/springboot-vue.js-bbs/build/classes/java/test/kr/pravusid/domain/*.class]
10:48:08.330 [Test worker] DEBUG org.springframework.core.io.support.PathMatchingResourcePatternResolver - Looking for matching resources in directory tree [C:\ssafy\vuex\vuex-springBoot\springboot-vue.js-bbs\build\classes\java\main\kr\pravusid\domain]
10:48:08.330 [Test worker] DEBUG org.springframework.core.io.support.PathMatchingResourcePatternResolver - Searching directory [C:\ssafy\vuex\vuex-springBoot\springboot-vue.js-bbs\build\classes\java\main\kr\pravusid\domain] for files matching pattern [C:/ssafy/vuex/vuex-springBoot/springboot-vue.js-bbs/build/classes/java/main/kr/pravusid/domain/*.class]
10:48:08.331 [Test worker] DEBUG org.springframework.core.io.support.PathMatchingResourcePatternResolver - Resolved location pattern [classpath*:kr/pravusid/domain/*.class] to resources [file [C:\ssafy\vuex\vuex-springBoot\springboot-vue.js-bbs\build\classes\java\main\kr\pravusid\domain\BaseEntity.class], file [C:\ssafy\vuex\vuex-springBoot\springboot-vue.js-bbs\build\classes\java\main\kr\pravusid\domain\UserVerifiable.class]]
10:48:08.333 [Test worker] DEBUG org.springframework.core.io.support.PathMatchingResourcePatternResolver - Resolved classpath location [kr/pravusid/] to resources [URL [file:/C:/ssafy/vuex/vuex-springBoot/springboot-vue.js-bbs/build/classes/java/test/kr/pravusid/], URL [file:/C:/ssafy/vuex/vuex-springBoot/springboot-vue.js-bbs/build/classes/java/main/kr/pravusid/]]
10:48:08.333 [Test worker] DEBUG org.springframework.core.io.support.PathMatchingResourcePatternResolver - Looking for matching resources in directory tree [C:\ssafy\vuex\vuex-springBoot\springboot-vue.js-bbs\build\classes\java\test\kr\pravusid]
10:48:08.333 [Test worker] DEBUG org.springframework.core.io.support.PathMatchingResourcePatternResolver - Searching directory [C:\ssafy\vuex\vuex-springBoot\springboot-vue.js-bbs\build\classes\java\test\kr\pravusid] for files matching pattern [C:/ssafy/vuex/vuex-springBoot/springboot-vue.js-bbs/build/classes/java/test/kr/pravusid/*.class]
10:48:08.333 [Test worker] DEBUG org.springframework.core.io.support.PathMatchingResourcePatternResolver - Looking for matching resources in directory tree [C:\ssafy\vuex\vuex-springBoot\springboot-vue.js-bbs\build\classes\java\main\kr\pravusid]
10:48:08.333 [Test worker] DEBUG org.springframework.core.io.support.PathMatchingResourcePatternResolver - Searching directory [C:\ssafy\vuex\vuex-springBoot\springboot-vue.js-bbs\build\classes\java\main\kr\pravusid] for files matching pattern [C:/ssafy/vuex/vuex-springBoot/springboot-vue.js-bbs/build/classes/java/main/kr/pravusid/*.class]
10:48:08.334 [Test worker] DEBUG org.springframework.core.io.support.PathMatchingResourcePatternResolver - Resolved location pattern [classpath*:kr/pravusid/*.class] to resources [file [C:\ssafy\vuex\vuex-springBoot\springboot-vue.js-bbs\build\classes\java\main\kr\pravusid\WebApplication.class]]
10:48:08.348 [Test worker] DEBUG org.springframework.context.annotation.ClassPathScanningCandidateComponentProvider - Identified candidate component class: file [C:\ssafy\vuex\vuex-springBoot\springboot-vue.js-bbs\build\classes\java\main\kr\pravusid\WebApplication.class]
10:48:08.349 [Test worker] INFO org.springframework.boot.test.context.SpringBootTestContextBootstrapper - Found @SpringBootConfiguration kr.pravusid.WebApplication for test class kr.pravusid.domain.comment.CommentRepositoryTest
10:48:08.351 [Test worker] DEBUG org.springframework.boot.test.context.SpringBootTestContextBootstrapper - @TestExecutionListeners is not present for class [kr.pravusid.domain.comment.CommentRepositoryTest]: using defaults.
10:48:08.360 [Test worker] INFO org.springframework.boot.test.context.SpringBootTestContextBootstrapper - Loaded default TestExecutionListener class names from location [META-INF/spring.factories]: [org.springframework.security.test.context.support.WithSecurityContextTestExecutionListener, org.springframework.boot.test.autoconfigure.restdocs.RestDocsTestExecutionListener, org.springframework.boot.test.autoconfigure.web.client.MockRestServiceServerResetTestExecutionListener, org.springframework.boot.test.autoconfigure.web.servlet.MockMvcPrintOnlyOnFailureTestExecutionListener, org.springframework.boot.test.autoconfigure.web.servlet.WebDriverTestExecutionListener, org.springframework.boot.test.mock.mockito.MockitoTestExecutionListener, org.springframework.boot.test.mock.mockito.ResetMocksTestExecutionListener, org.springframework.test.context.web.ServletTestExecutionListener, org.springframework.test.context.support.DirtiesContextBeforeModesTestExecutionListener, org.springframework.test.context.support.DependencyInjectionTestExecutionListener, org.springframework.test.context.support.DirtiesContextTestExecutionListener, org.springframework.test.context.transaction.TransactionalTestExecutionListener, org.springframework.test.context.jdbc.SqlScriptsTestExecutionListener]
10:48:08.377 [Test worker] INFO org.springframework.boot.test.context.SpringBootTestContextBootstrapper - Using TestExecutionListeners: [org.springframework.test.context.web.ServletTestExecutionListener@7c71c072, org.springframework.test.context.support.DirtiesContextBeforeModesTestExecutionListener@5cdcc53c, org.springframework.boot.test.mock.mockito.MockitoTestExecutionListener@2b0bab4, org.springframework.boot.test.autoconfigure.SpringBootDependencyInjectionTestExecutionListener@61ceeca2, org.springframework.test.context.support.DirtiesContextTestExecutionListener@134ed2b9, org.springframework.test.context.transaction.TransactionalTestExecutionListener@298100c9, org.springframework.test.context.jdbc.SqlScriptsTestExecutionListener@2ee37a57, org.springframework.security.test.context.support.WithSecurityContextTestExecutionListener@38de28d5, org.springframework.boot.test.autoconfigure.restdocs.RestDocsTestExecutionListener@5d60fe6d, org.springframework.boot.test.autoconfigure.web.client.MockRestServiceServerResetTestExecutionListener@7cc62a40, org.springframework.boot.test.autoconfigure.web.servlet.MockMvcPrintOnlyOnFailureTestExecutionListener@49c2c64d, org.springframework.boot.test.autoconfigure.web.servlet.WebDriverTestExecutionListener@13c720, org.springframework.boot.test.mock.mockito.ResetMocksTestExecutionListener@5a5ad2d9]
10:48:08.378 [Test worker] DEBUG org.springframework.test.annotation.ProfileValueUtils - Retrieved @ProfileValueSourceConfiguration [null] for test class [kr.pravusid.domain.comment.CommentRepositoryTest]
10:48:08.379 [Test worker] DEBUG org.springframework.test.annotation.ProfileValueUtils - Retrieved ProfileValueSource type [class org.springframework.test.annotation.SystemProfileValueSource] for class [kr.pravusid.domain.comment.CommentRepositoryTest]
10:48:08.379 [Test worker] DEBUG org.springframework.test.annotation.ProfileValueUtils - Retrieved @ProfileValueSourceConfiguration [null] for test class [kr.pravusid.domain.comment.CommentRepositoryTest]
10:48:08.379 [Test worker] DEBUG org.springframework.test.annotation.ProfileValueUtils - Retrieved ProfileValueSource type [class org.springframework.test.annotation.SystemProfileValueSource] for class [kr.pravusid.domain.comment.CommentRepositoryTest]
10:48:08.382 [Test worker] DEBUG org.springframework.test.context.support.AbstractDirtiesContextTestExecutionListener - Before test class: context [DefaultTestContext@96e714d testClass = CommentRepositoryTest, testInstance = [null], testMethod = [null], testException = [null], mergedContextConfiguration = [MergedContextConfiguration@423d2001 testClass = CommentRepositoryTest, locations = '{}', classes = '{class kr.pravusid.WebApplication}', contextInitializerClasses = '[]', activeProfiles = '{}', propertySourceLocations = '{}', propertySourceProperties = '{org.springframework.boot.test.context.SpringBootTestContextBootstrapper=true}', contextCustomizers = set[org.springframework.boot.test.autoconfigure.OverrideAutoConfigurationContextCustomizerFactory$DisableAutoConfigurationContextCustomizer@52a8ca53, org.springframework.boot.test.autoconfigure.filter.TypeExcludeFiltersContextCustomizer@351584c0, org.springframework.boot.test.autoconfigure.properties.PropertyMappingContextCustomizer@2b3d3f2c, org.springframework.boot.test.autoconfigure.web.servlet.WebDriverContextCustomizerFactory$Customizer@2dd3e1fe, [ImportsContextCustomizer@99e361a key = [org.springframework.boot.autoconfigure.cache.CacheAutoConfiguration, org.springframework.boot.autoconfigure.data.jpa.JpaRepositoriesAutoConfiguration, org.springframework.boot.autoconfigure.flyway.FlywayAutoConfiguration, org.springframework.boot.autoconfigure.jdbc.DataSourceAutoConfiguration, org.springframework.boot.autoconfigure.jdbc.DataSourceTransactionManagerAutoConfiguration, org.springframework.boot.autoconfigure.jdbc.JdbcTemplateAutoConfiguration, org.springframework.boot.autoconfigure.liquibase.LiquibaseAutoConfiguration, org.springframework.boot.autoconfigure.orm.jpa.HibernateJpaAutoConfiguration, org.springframework.boot.autoconfigure.transaction.TransactionAutoConfiguration, org.springframework.boot.test.autoconfigure.jdbc.TestDatabaseAutoConfiguration, org.springframework.boot.test.autoconfigure.orm.jpa.TestEntityManagerAutoConfiguration]], org.springframework.boot.test.context.filter.ExcludeFilterContextCustomizer@3363cb8a, org.springframework.boot.test.json.DuplicateJsonObjectContextCustomizerFactory$DuplicateJsonObjectContextCustomizer@2e42b7c3, org.springframework.boot.test.mock.mockito.MockitoContextCustomizer@0], contextLoader = 'org.springframework.boot.test.context.SpringBootContextLoader', parent = [null]]], class annotated with @DirtiesContext [false] with mode [null].
10:48:08.383 [Test worker] DEBUG org.springframework.test.annotation.ProfileValueUtils - Retrieved @ProfileValueSourceConfiguration [null] for test class [kr.pravusid.domain.comment.CommentRepositoryTest]
10:48:08.383 [Test worker] DEBUG org.springframework.test.annotation.ProfileValueUtils - Retrieved ProfileValueSource type [class org.springframework.test.annotation.SystemProfileValueSource] for class [kr.pravusid.domain.comment.CommentRepositoryTest]
10:48:08.384 [Test worker] DEBUG org.springframework.test.context.support.DependencyInjectionTestExecutionListener - Performing dependency injection for test context [[DefaultTestContext@96e714d testClass = CommentRepositoryTest, testInstance = kr.pravusid.domain.comment.CommentRepositoryTest@6a952c83, testMethod = [null], testException = [null], mergedContextConfiguration = [MergedContextConfiguration@423d2001 testClass = CommentRepositoryTest, locations = '{}', classes = '{class kr.pravusid.WebApplication}', contextInitializerClasses = '[]', activeProfiles = '{}', propertySourceLocations = '{}', propertySourceProperties = '{org.springframework.boot.test.context.SpringBootTestContextBootstrapper=true}', contextCustomizers = set[org.springframework.boot.test.autoconfigure.OverrideAutoConfigurationContextCustomizerFactory$DisableAutoConfigurationContextCustomizer@52a8ca53, org.springframework.boot.test.autoconfigure.filter.TypeExcludeFiltersContextCustomizer@351584c0, org.springframework.boot.test.autoconfigure.properties.PropertyMappingContextCustomizer@2b3d3f2c, org.springframework.boot.test.autoconfigure.web.servlet.WebDriverContextCustomizerFactory$Customizer@2dd3e1fe, [ImportsContextCustomizer@99e361a key = [org.springframework.boot.autoconfigure.cache.CacheAutoConfiguration, org.springframework.boot.autoconfigure.data.jpa.JpaRepositoriesAutoConfiguration, org.springframework.boot.autoconfigure.flyway.FlywayAutoConfiguration, org.springframework.boot.autoconfigure.jdbc.DataSourceAutoConfiguration, org.springframework.boot.autoconfigure.jdbc.DataSourceTransactionManagerAutoConfiguration, org.springframework.boot.autoconfigure.jdbc.JdbcTemplateAutoConfiguration, org.springframework.boot.autoconfigure.liquibase.LiquibaseAutoConfiguration, org.springframework.boot.autoconfigure.orm.jpa.HibernateJpaAutoConfiguration, org.springframework.boot.autoconfigure.transaction.TransactionAutoConfiguration, org.springframework.boot.test.autoconfigure.jdbc.TestDatabaseAutoConfiguration, org.springframework.boot.test.autoconfigure.orm.jpa.TestEntityManagerAutoConfiguration]], org.springframework.boot.test.context.filter.ExcludeFilterContextCustomizer@3363cb8a, org.springframework.boot.test.json.DuplicateJsonObjectContextCustomizerFactory$DuplicateJsonObjectContextCustomizer@2e42b7c3, org.springframework.boot.test.mock.mockito.MockitoContextCustomizer@0], contextLoader = 'org.springframework.boot.test.context.SpringBootContextLoader', parent = [null]]]].
10:48:08.423 [Test worker] DEBUG org.springframework.core.env.StandardEnvironment - Adding PropertySource 'systemProperties' with lowest search precedence
10:48:08.423 [Test worker] DEBUG org.springframework.core.env.StandardEnvironment - Adding PropertySource 'systemEnvironment' with lowest search precedence
10:48:08.423 [Test worker] DEBUG org.springframework.core.env.StandardEnvironment - Initialized StandardEnvironment with PropertySources [MapPropertySource@1776547524 {name='systemProperties', properties={java.runtime.name=Java(TM) SE Runtime Environment, sun.boot.library.path=C:\Program Files\Java\jdk1.8.0_191\jre\bin, java.vm.version=25.191-b12, java.vm.vendor=Oracle Corporation, java.vendor.url=http://java.oracle.com/, path.separator=;, java.vm.name=Java HotSpot(TM) 64-Bit Server VM, file.encoding.pkg=sun.io, user.script=, sun.java.launcher=SUN_STANDARD, user.country=KR, sun.os.patch.level=, java.vm.specification.name=Java Virtual Machine Specification, user.dir=C:\ssafy\vuex\vuex-springBoot\springboot-vue.js-bbs, java.runtime.version=1.8.0_191-b12, java.awt.graphicsenv=sun.awt.Win32GraphicsEnvironment, java.endorsed.dirs=C:\Program Files\Java\jdk1.8.0_191\jre\lib\endorsed, os.arch=amd64, java.io.tmpdir=C:\Users\MULTIC~1\AppData\Local\Temp\, line.separator=
, java.vm.specification.vendor=Oracle Corporation, user.variant=, os.name=Windows 10, sun.jnu.encoding=MS949, java.library.path=C:\Program Files\Java\jdk1.8.0_191\bin;C:\Windows\Sun\Java\bin;C:\Windows\system32;C:\Windows;C:\Program Files\Git\mingw64\bin;C:\Program Files\Git\usr\bin;C:\Users\multicampus\bin;C:\Users\multicampus\bin;C:\Program Files\Git\mingw64\bin;C:\Program Files\Git\usr\local\bin;C:\Program Files\Git\usr\bin;C:\Program Files\Git\usr\bin;C:\Program Files\Git\mingw64\bin;C:\Program Files\Git\usr\bin;C:\Users\multicampus\bin;C:\Program Files\Python36\Scripts;C:\Program Files\Python36;C:\Program Files\NVIDIA GPU Computing Toolkit\CUDA\v10.0\bin;C:\Program Files\NVIDIA GPU Computing Toolkit\CUDA\v10.0\libnvvp;C:\Program Files (x86)\Common Files\Oracle\Java\javapath;C:\Program Files (x86)\Intel\Intel(R) Management Engine Components\iCLS;C:\Program Files\Intel\Intel(R) Management Engine Components\iCLS;C:\Windows\system32;C:\Windows;C:\Windows\System32\Wbem;C:\Windows\System32\WindowsPowerShell\v1.0;C:\Windows\System32\OpenSSH;C:\Program Files (x86)\NVIDIA Corporation\PhysX\Common;C:\Program Files\Intel\WiFi\bin;C:\Program Files\Common Files\Intel\WirelessCommon;C:\Program Files (x86)\Intel\Intel(R) Management Engine Components\DAL;C:\Program Files\Intel\Intel(R) Management Engine Components\DAL;C:\Program Files (x86)\Intel\Intel(R) Management Engine Components\IPT;C:\Program Files\Intel\Intel(R) Management Engine Components\IPT;C:\Program Files\Java\jdk1.8.0_191\bin;%JAVA_HOME%\bin;D:\SSAFY\node-v10.16.0-x64;C:\ProgramData\chocolatey\bin;C:\Program Files\nodejs;C:\Program Files\Git\cmd;C:\HashiCorp\Vagrant\bin;C:\Program Files\Zulu\zulu-8\bin;C:\Program Files\Microsoft SQL Server\130\Tools\Binn;C:\Program Files\PuTTY;C:\Users\multicampus\AppData\Local\Microsoft\WindowsApps;C:\Users\multicampus\AppData\Roaming\npm;C:\Users\multicampus\AppData\Local\Programs\Microsoft VS Code\bin;C:\Users\multicampus\AppData\Local\atom\bin;C:\Program Files\Bandizip;C:\Program Files\Git\usr\bin\vendor_perl;C:\Program Files\Git\usr\bin\core_perl;., java.specification.name=Java Platform API Specification, java.class.version=52.0, org.gradle.native=false, sun.management.compiler=HotSpot 64-Bit Tiered Compilers, os.version=10.0, user.home=C:\Users\multicampus, user.timezone=Asia/Seoul, java.awt.printerjob=sun.awt.windows.WPrinterJob, file.encoding=x-windows-949, java.specification.version=1.8, java.class.path=C:\ssafy\vuex\vuex-springBoot\springboot-vue.js-bbs\build\classes\java\test;C:\ssafy\vuex\vuex-springBoot\springboot-vue.js-bbs\build\resources\test;C:\ssafy\vuex\vuex-springBoot\springboot-vue.js-bbs\build\classes\java\main;C:\ssafy\vuex\vuex-springBoot\springboot-vue.js-bbs\build\resources\main;C:\Users\multicampus\.gradle\caches\modules-2\files-2.1\org.springframework.boot\spring-boot-starter-web\1.5.16.RELEASE\51a6058bdb32108d3b8856860211e99565bd76d0\spring-boot-starter-web-1.5.16.RELEASE.jar;C:\Users\multicampus\.gradle\caches\modules-2\files-2.1\org.springframework.boot\spring-boot-starter-data-jpa\1.5.16.RELEASE\b49a422cf8d3e40c13be643f3b2613847bf7f1c4\spring-boot-starter-data-jpa-1.5.16.RELEASE.jar;C:\Users\multicampus\.gradle\caches\modules-2\files-2.1\org.springframework.boot\spring-boot-starter-aop\1.5.16.RELEASE\7e214ec910da5670c5f2b6c50e894117f5c0ed2a\spring-boot-starter-aop-1.5.16.RELEASE.jar;C:\Users\multicampus\.gradle\caches\modules-2\files-2.1\org.springframework.boot\spring-boot-starter-security\1.5.16.RELEASE\acd9785a91d3ac752f423d0b8790d96be8814634\spring-boot-starter-security-1.5.16.RELEASE.jar;C:\Users\multicampus\.gradle\caches\modules-2\files-2.1\org.springframework.security\spring-security-jwt\1.0.9.RELEASE\3b060c3c397a7638b07c2a4850e03affd335097f\spring-security-jwt-1.0.9.RELEASE.jar;C:\Users\multicampus\.gradle\caches\modules-2\files-2.1\org.springframework.security.oauth\spring-security-oauth2\2.0.15.RELEASE\791b7060abe9172bd29033c321f6d455e299e48f\spring-security-oauth2-2.0.15.RELEASE.jar;C:\Users\multicampus\.gradle\caches\modules-2\files-2.1\org.thymeleaf\thymeleaf-spring4\3.0.1.RELEASE\d613783d602795748fe51eb5bfa4af707be592fa\thymeleaf-spring4-3.0.1.RELEASE.jar;C:\Users\multicampus\.gradle\caches\modules-2\files-2.1\org.thymeleaf\thymeleaf\3.0.1.RELEASE\21a8d9d296aaf622a72fed3bd7b0f625ba5c3836\thymeleaf-3.0.1.RELEASE.jar;C:\Users\multicampus\.gradle\caches\modules-2\files-2.1\org.thymeleaf.extras\thymeleaf-extras-springsecurity4\3.0.1.RELEASE\6d190bc54defea0707d1d0969b12eea1f55fa293\thymeleaf-extras-springsecurity4-3.0.1.RELEASE.jar;C:\Users\multicampus\.gradle\caches\modules-2\files-2.1\mysql\mysql-connector-java\5.1.47\9de4159aaf2d08817a276610b8114a825fca6cfd\mysql-connector-java-5.1.47.jar;C:\Users\multicampus\.gradle\caches\modules-2\files-2.1\com.h2database\h2\1.4.197\bb391050048ca8ae3e32451b5a3714ecd3596a46\h2-1.4.197.jar;C:\Users\multicampus\.gradle\caches\modules-2\files-2.1\org.springframework.boot\spring-boot-devtools\1.5.16.RELEASE\187c2a58c3c97bc58c6b0a2f54282647858d5822\spring-boot-devtools-1.5.16.RELEASE.jar;C:\Users\multicampus\.gradle\caches\modules-2\files-2.1\org.springframework.boot\spring-boot-starter-test\1.5.16.RELEASE\684ccfd0e652a55c653f1e30e5bdc65cf849e4d5\spring-boot-starter-test-1.5.16.RELEASE.jar;C:\Users\multicampus\.gradle\caches\modules-2\files-2.1\org.springframework.security\spring-security-test\4.2.8.RELEASE\ab42a94b1e252d74825867d927cf372c0961167e\spring-security-test-4.2.8.RELEASE.jar;C:\Users\multicampus\.gradle\caches\modules-2\files-2.1\org.springframework.boot\spring-boot-starter-jdbc\1.5.16.RELEASE\64908e9bbddd51ceddef66982c184ecb9cf631ce\spring-boot-starter-jdbc-1.5.16.RELEASE.jar;C:\Users\multicampus\.gradle\caches\modules-2\files-2.1\org.springframework.boot\spring-boot-starter\1.5.16.RELEASE\f4fde2cdb903502a2010714139490872d0819926\spring-boot-starter-1.5.16.RELEASE.jar;C:\Users\multicampus\.gradle\caches\modules-2\files-2.1\org.springframework.boot\spring-boot-starter-tomcat\1.5.16.RELEASE\b753680d2d1b77efeabd8a96fc65f927fbd0a2e6\spring-boot-starter-tomcat-1.5.16.RELEASE.jar;C:\Users\multicampus\.gradle\caches\modules-2\files-2.1\org.hibernate\hibernate-validator\5.3.6.Final\4c730be8bf55a8e9a61e79a2f2c079abf48b718\hibernate-validator-5.3.6.Final.jar;C:\Users\multicampus\.gradle\caches\modules-2\files-2.1\com.fasterxml.jackson.core\jackson-databind\2.8.11.2\2c5051e8e84d2c16316b758ebf746f9e90bef5a4\jackson-databind-2.8.11.2.jar;C:\Users\multicampus\.gradle\caches\modules-2\files-2.1\org.springframework\spring-webmvc\4.3.19.RELEASE\a868662db5210599fd5db5a4e5a793d7143cf830\spring-webmvc-4.3.19.RELEASE.jar;C:\Users\multicampus\.gradle\caches\modules-2\files-2.1\org.springframework.security\spring-security-web\4.2.8.RELEASE\3ad0d2508ab66e699b53ff3b302f6de16c8fa36f\spring-security-web-4.2.8.RELEASE.jar;C:\Users\multicampus\.gradle\caches\modules-2\files-2.1\org.springframework\spring-web\4.3.19.RELEASE\586f1391142ed1309b302197b80229fce77d1599\spring-web-4.3.19.RELEASE.jar;C:\Users\multicampus\.gradle\caches\modules-2\files-2.1\org.springframework.security\spring-security-config\4.2.8.RELEASE\4a48248d7acc97051702670213c71baf877024ec\spring-security-config-4.2.8.RELEASE.jar;C:\Users\multicampus\.gradle\caches\modules-2\files-2.1\org.springframework.security\spring-security-core\4.2.8.RELEASE\559b89a92bd6d6dd0a0400a13ce5b44b4bdec16f\spring-security-core-4.2.8.RELEASE.jar;C:\Users\multicampus\.gradle\caches\modules-2\files-2.1\org.springframework.data\spring-data-jpa\1.11.15.RELEASE\a23ee7fd61945cd23115faae8cfbf3021cc1129\spring-data-jpa-1.11.15.RELEASE.jar;C:\Users\multicampus\.gradle\caches\modules-2\files-2.1\org.springframework.boot\spring-boot-test-autoconfigure\1.5.16.RELEASE\c15f72fdadeb685ec02ebb75569b0f11084d1f1a\spring-boot-test-autoconfigure-1.5.16.RELEASE.jar;C:\Users\multicampus\.gradle\caches\modules-2\files-2.1\org.springframework.boot\spring-boot-autoconfigure\1.5.16.RELEASE\32b6dd3ac882cd5bad2bae7f1e299d1b1411990e\spring-boot-autoconfigure-1.5.16.RELEASE.jar;C:\Users\multicampus\.gradle\caches\modules-2\files-2.1\org.springframework.boot\spring-boot-test\1.5.16.RELEASE\4e948099ac392fe74461562c82f09dfbc18c5360\spring-boot-test-1.5.16.RELEASE.jar;C:\Users\multicampus\.gradle\caches\modules-2\files-2.1\org.springframework.boot\spring-boot\1.5.16.RELEASE\b0d5e696bea06749372aa892dbbd3b3c4b6cc59c\spring-boot-1.5.16.RELEASE.jar;C:\Users\multicampus\.gradle\caches\modules-2\files-2.1\org.springframework\spring-context\4.3.19.RELEASE\ea103d73207f4f17f824de2eb5e128b06bdf050a\spring-context-4.3.19.RELEASE.jar;C:\Users\multicampus\.gradle\caches\modules-2\files-2.1\org.springframework\spring-aop\4.3.19.RELEASE\1f475ad8e9cbd6df169f61a5e4106306ecd7d370\spring-aop-4.3.19.RELEASE.jar;C:\Users\multicampus\.gradle\caches\modules-2\files-2.1\org.springframework\spring-aspects\4.3.19.RELEASE\482bf07dd5c49fda6e1bf819b71d177d04a36911\spring-aspects-4.3.19.RELEASE.jar;C:\Users\multicampus\.gradle\caches\modules-2\files-2.1\org.aspectj\aspectjweaver\1.8.13\ad94df2a28d658a40dc27bbaff6a1ce5fbf04e9b\aspectjweaver-1.8.13.jar;C:\Users\multicampus\.gradle\caches\modules-2\files-2.1\org.bouncycastle\bcpkix-jdk15on\1.56\4648af70268b6fdb24674fb1fd7c1fcc73db1231\bcpkix-jdk15on-1.56.jar;C:\Users\multicampus\.gradle\caches\modules-2\files-2.1\org.springframework\spring-orm\4.3.19.RELEASE\55e5bc778a092bb4b75e6901fd839e1e2c5006cc\spring-orm-4.3.19.RELEASE.jar;C:\Users\multicampus\.gradle\caches\modules-2\files-2.1\org.springframework\spring-jdbc\4.3.19.RELEASE\503dfe394c891e38a385ff9620b4159fdc13b1e2\spring-jdbc-4.3.19.RELEASE.jar;C:\Users\multicampus\.gradle\caches\modules-2\files-2.1\org.springframework.data\spring-data-commons\1.13.15.RELEASE\d6e42d2fb2d76a59ec523594c51eb9b00f3d4320\spring-data-commons-1.13.15.RELEASE.jar;C:\Users\multicampus\.gradle\caches\modules-2\files-2.1\org.springframework\spring-tx\4.3.19.RELEASE\a829456fc9f0f043471f972d0632bccd4d3c5aeb\spring-tx-4.3.19.RELEASE.jar;C:\Users\multicampus\.gradle\caches\modules-2\files-2.1\org.springframework\spring-beans\4.3.19.RELEASE\5bd5eb9e4dc86f985c4e6936e0463eee75e24781\spring-beans-4.3.19.RELEASE.jar;C:\Users\multicampus\.gradle\caches\modules-2\files-2.1\org.springframework\spring-test\4.3.19.RELEASE\18c2f40a229e4f36d83840ed3cc26361941658e5\spring-test-4.3.19.RELEASE.jar;C:\Users\multicampus\.gradle\caches\modules-2\files-2.1\org.springframework\spring-expression\4.3.19.RELEASE\6d4998d23d22ae976fd8f807f8ceeff5df0925d4\spring-expression-4.3.19.RELEASE.jar;C:\Users\multicampus\.gradle\caches\modules-2\files-2.1\org.springframework\spring-core\4.3.19.RELEASE\519cfdf4887adefbda2f13bbc45e8e933a0cd894\spring-core-4.3.19.RELEASE.jar;C:\Users\multicampus\.gradle\caches\modules-2\files-2.1\commons-codec\commons-codec\1.10\4b95f4897fa13f2cd904aee711aeafc0c5295cd8\commons-codec-1.10.jar;C:\Users\multicampus\.gradle\caches\modules-2\files-2.1\org.codehaus.jackson\jackson-mapper-asl\1.9.13\1ee2f2bed0e5dd29d1cb155a166e6f8d50bbddb7\jackson-mapper-asl-1.9.13.jar;C:\Users\multicampus\.gradle\caches\modules-2\files-2.1\org.hibernate\hibernate-entitymanager\5.0.12.Final\302a526f5058290e9cbd719a5caf9f248d344719\hibernate-entitymanager-5.0.12.Final.jar;C:\Users\multicampus\.gradle\caches\modules-2\files-2.1\org.hibernate\hibernate-core\5.0.12.Final\e58bf1c660e6706d8e2cbb53bae110f574366102\hibernate-core-5.0.12.Final.jar;C:\Users\multicampus\.gradle\caches\modules-2\files-2.1\javax.transaction\javax.transaction-api\1.2\d81aff979d603edd90dcd8db2abc1f4ce6479e3e\javax.transaction-api-1.2.jar;C:\Users\multicampus\.gradle\caches\modules-2\files-2.1\ognl\ognl\3.1.3\7a5e5b532f0d20745d6559da4e8ea6d73f9dbbd7\ognl-3.1.3.jar;C:\Users\multicampus\.gradle\caches\modules-2\files-2.1\org.javassist\javassist\3.21.0-GA\598244f595db5c5fb713731eddbb1c91a58d959b\javassist-3.21.0-GA.jar;C:\Users\multicampus\.gradle\caches\modules-2\files-2.1\org.attoparser\attoparser\2.0.0.RELEASE\c139ec3be4169da28ca1007689db2d6a4abe6b34\attoparser-2.0.0.RELEASE.jar;C:\Users\multicampus\.gradle\caches\modules-2\files-2.1\org.unbescape\unbescape\1.1.3.RELEASE\7bc2ae80017a41a3b18706a249e8342fbbffa469\unbescape-1.1.3.RELEASE.jar;C:\Users\multicampus\.gradle\caches\modules-2\files-2.1\com.jayway.jsonpath\json-path\2.2.0\22290d17944bd239fabf5ac69005a60a7ecbbbcb\json-path-2.2.0.jar;C:\Users\multicampus\.gradle\caches\modules-2\files-2.1\org.springframework.boot\spring-boot-starter-logging\1.5.16.RELEASE\28429e43bd3ae3cd710bf47bcba84af38e5e69cb\spring-boot-starter-logging-1.5.16.RELEASE.jar;C:\Users\multicampus\.gradle\caches\modules-2\files-2.1\org.slf4j\jcl-over-slf4j\1.7.25\f8c32b13ff142a513eeb5b6330b1588dcb2c0461\jcl-over-slf4j-1.7.25.jar;C:\Users\multicampus\.gradle\caches\modules-2\files-2.1\ch.qos.logback\logback-classic\1.1.11\ccedfbacef4a6515d2983e3f89ed753d5d4fb665\logback-classic-1.1.11.jar;C:\Users\multicampus\.gradle\caches\modules-2\files-2.1\org.slf4j\jul-to-slf4j\1.7.25\af5364cd6679bfffb114f0dec8a157aaa283b76\jul-to-slf4j-1.7.25.jar;C:\Users\multicampus\.gradle\caches\modules-2\files-2.1\org.slf4j\log4j-over-slf4j\1.7.25\a87bb47468f47ee7aabbd54f93e133d4215769c3\log4j-over-slf4j-1.7.25.jar;C:\Users\multicampus\.gradle\caches\modules-2\files-2.1\org.slf4j\slf4j-api\1.7.25\da76ca59f6a57ee3102f8f9bd9cee742973efa8a\slf4j-api-1.7.25.jar;C:\Users\multicampus\.gradle\caches\modules-2\files-2.1\junit\junit\4.12\2973d150c0dc1fefe998f834810d68f278ea58ec\junit-4.12.jar;C:\Users\multicampus\.gradle\caches\modules-2\files-2.1\org.assertj\assertj-core\2.6.0\b532c3fc4f66bcfee4989a3514f1cd56203a33ad\assertj-core-2.6.0.jar;C:\Users\multicampus\.gradle\caches\modules-2\files-2.1\org.mockito\mockito-core\1.10.19\e8546f5bef4e061d8dd73895b4e8f40e3fe6effe\mockito-core-1.10.19.jar;C:\Users\multicampus\.gradle\caches\modules-2\files-2.1\org.hamcrest\hamcrest-library\1.3\4785a3c21320980282f9f33d0d1264a69040538f\hamcrest-library-1.3.jar;C:\Users\multicampus\.gradle\caches\modules-2\files-2.1\org.hamcrest\hamcrest-core\1.3\42a25dc3219429f0e5d060061f71acb49bf010a0\hamcrest-core-1.3.jar;C:\Users\multicampus\.gradle\caches\modules-2\files-2.1\org.skyscreamer\jsonassert\1.4.0\9cdbb373a06f6513e51e8c545ee6a5e981463edb\jsonassert-1.4.0.jar;C:\Users\multicampus\.gradle\caches\modules-2\files-2.1\org.yaml\snakeyaml\1.17\7a27ea250c5130b2922b86dea63cbb1cc10a660c\snakeyaml-1.17.jar;C:\Users\multicampus\.gradle\caches\modules-2\files-2.1\org.apache.tomcat.embed\tomcat-embed-websocket\8.5.34\5f86906367c2540b21e6aeecc277d2ce9ec939b0\tomcat-embed-websocket-8.5.34.jar;C:\Users\multicampus\.gradle\caches\modules-2\files-2.1\org.apache.tomcat.embed\tomcat-embed-core\8.5.34\a038040d68a90397f95dd1e11b979fe364a5000f\tomcat-embed-core-8.5.34.jar;C:\Users\multicampus\.gradle\caches\modules-2\files-2.1\org.apache.tomcat.embed\tomcat-embed-el\8.5.34\be71a9a5bdd001db7cf97c47429eec0bdd3b7b88\tomcat-embed-el-8.5.34.jar;C:\Users\multicampus\.gradle\caches\modules-2\files-2.1\javax.validation\validation-api\1.1.0.Final\8613ae82954779d518631e05daa73a6a954817d5\validation-api-1.1.0.Final.jar;C:\Users\multicampus\.gradle\caches\modules-2\files-2.1\org.hibernate.common\hibernate-commons-annotations\5.0.1.Final\71e1cff3fcb20d3b3af4f3363c3ddb24d33c6879\hibernate-commons-annotations-5.0.1.Final.jar;C:\Users\multicampus\.gradle\caches\modules-2\files-2.1\org.jboss.logging\jboss-logging\3.3.2.Final\3789d00e859632e6c6206adc0c71625559e6e3b0\jboss-logging-3.3.2.Final.jar;C:\Users\multicampus\.gradle\caches\modules-2\files-2.1\com.fasterxml\classmate\1.3.4\3d5f48f10bbe4eb7bd862f10c0583be2e0053c6\classmate-1.3.4.jar;C:\Users\multicampus\.gradle\caches\modules-2\files-2.1\com.fasterxml.jackson.core\jackson-annotations\2.8.0\45b426f7796b741035581a176744d91090e2e6fb\jackson-annotations-2.8.0.jar;C:\Users\multicampus\.gradle\caches\modules-2\files-2.1\com.fasterxml.jackson.core\jackson-core\2.8.11\876ead1db19f0c9e79c9789273a3ef8c6fd6c29b\jackson-core-2.8.11.jar;C:\Users\multicampus\.gradle\caches\modules-2\files-2.1\aopalliance\aopalliance\1.0\235ba8b489512805ac13a8f9ea77a1ca5ebe3e8\aopalliance-1.0.jar;C:\Users\multicampus\.gradle\caches\modules-2\files-2.1\org.bouncycastle\bcprov-jdk15on\1.56\a153c6f9744a3e9dd6feab5e210e1c9861362ec7\bcprov-jdk15on-1.56.jar;C:\Users\multicampus\.gradle\caches\modules-2\files-2.1\org.codehaus.jackson\jackson-core-asl\1.9.13\3c304d70f42f832e0a86d45bd437f692129299a4\jackson-core-asl-1.9.13.jar;C:\Users\multicampus\.gradle\caches\modules-2\files-2.1\org.apache.tomcat\tomcat-jdbc\8.5.34\237071622552f7441f350cf27a9359c30ef9a761\tomcat-jdbc-8.5.34.jar;C:\Users\multicampus\.gradle\caches\modules-2\files-2.1\org.hibernate.javax.persistence\hibernate-jpa-2.1-api\1.0.0.Final\5e731d961297e5a07290bfaf3db1fbc8bbbf405a\hibernate-jpa-2.1-api-1.0.0.Final.jar;C:\Users\multicampus\.gradle\caches\modules-2\files-2.1\antlr\antlr\2.7.7\83cd2cd674a217ade95a4bb83a8a14f351f48bd0\antlr-2.7.7.jar;C:\Users\multicampus\.gradle\caches\modules-2\files-2.1\org.jboss\jandex\2.0.0.Final\3e899258936f94649c777193e1be846387ed54b3\jandex-2.0.0.Final.jar;C:\Users\multicampus\.gradle\caches\modules-2\files-2.1\dom4j\dom4j\1.6.1\5d3ccc056b6f056dbf0dddfdf43894b9065a8f94\dom4j-1.6.1.jar;C:\Users\multicampus\.gradle\caches\modules-2\files-2.1\net.minidev\json-smart\2.2.1\5b9e5df7a62d1279b70dc882b041d249c4f0b002\json-smart-2.2.1.jar;C:\Users\multicampus\.gradle\caches\modules-2\files-2.1\org.objenesis\objenesis\2.1\87c0ea803b69252868d09308b4618f766f135a96\objenesis-2.1.jar;C:\Users\multicampus\.gradle\caches\modules-2\files-2.1\com.vaadin.external.google\android-json\0.0.20131108.vaadin1\fa26d351fe62a6a17f5cda1287c1c6110dec413f\android-json-0.0.20131108.vaadin1.jar;C:\Users\multicampus\.gradle\caches\modules-2\files-2.1\org.apache.tomcat\tomcat-annotations-api\8.5.34\edd8e694ef125878e277d198bc0c333c2250d2c2\tomcat-annotations-api-8.5.34.jar;C:\Users\multicampus\.gradle\caches\modules-2\files-2.1\org.apache.tomcat\tomcat-juli\8.5.34\483c263f31e806aaf0ca92a16c9c3a13149e9641\tomcat-juli-8.5.34.jar;C:\Users\multicampus\.gradle\caches\modules-2\files-2.1\net.minidev\accessors-smart\1.1\a527213f2fea112a04c9bdf0ec0264e34104cd08\accessors-smart-1.1.jar;C:\Users\multicampus\.gradle\caches\modules-2\files-2.1\ch.qos.logback\logback-core\1.1.11\88b8df40340eed549fb07e2613879bf6b006704d\logback-core-1.1.11.jar;C:\Users\multicampus\.gradle\caches\modules-2\files-2.1\org.ow2.asm\asm\5.0.3\dcc2193db20e19e1feca8b1240dbbc4e190824fa\asm-5.0.3.jar, user.name=multicampus, java.vm.specification.version=1.8, sun.java.command=worker.org.gradle.process.internal.worker.GradleWorkerMain 'Gradle Test Executor 1', java.home=C:\Program Files\Java\jdk1.8.0_191\jre, sun.arch.data.model=64, user.language=ko, java.specification.vendor=Oracle Corporation, awt.toolkit=sun.awt.windows.WToolkit, java.vm.info=mixed mode, java.version=1.8.0_191, java.ext.dirs=C:\Program Files\Java\jdk1.8.0_191\jre\lib\ext;C:\Windows\Sun\Java\lib\ext, sun.boot.class.path=C:\Program Files\Java\jdk1.8.0_191\jre\lib\resources.jar;C:\Program Files\Java\jdk1.8.0_191\jre\lib\rt.jar;C:\Program Files\Java\jdk1.8.0_191\jre\lib\sunrsasign.jar;C:\Program Files\Java\jdk1.8.0_191\jre\lib\jsse.jar;C:\Program Files\Java\jdk1.8.0_191\jre\lib\jce.jar;C:\Program Files\Java\jdk1.8.0_191\jre\lib\charsets.jar;C:\Program Files\Java\jdk1.8.0_191\jre\lib\jfr.jar;C:\Program Files\Java\jdk1.8.0_191\jre\classes, java.vendor=Oracle Corporation, org.gradle.test.worker=1, file.separator=\, java.vendor.url.bug=http://bugreport.sun.com/bugreport/, sun.io.unicode.encoding=UnicodeLittle, sun.cpu.endian=little, sun.desktop=windows, sun.cpu.isalist=amd64}}, SystemEnvironmentPropertySource@597584053 {name='systemEnvironment', properties={PATH=C:\Program Files\Git\mingw64\bin;C:\Program Files\Git\usr\bin;C:\Users\multicampus\bin;C:\Users\multicampus\bin;C:\Program Files\Git\mingw64\bin;C:\Program Files\Git\usr\local\bin;C:\Program Files\Git\usr\bin;C:\Program Files\Git\usr\bin;C:\Program Files\Git\mingw64\bin;C:\Program Files\Git\usr\bin;C:\Users\multicampus\bin;C:\Program Files\Python36\Scripts;C:\Program Files\Python36;C:\Program Files\NVIDIA GPU Computing Toolkit\CUDA\v10.0\bin;C:\Program Files\NVIDIA GPU Computing Toolkit\CUDA\v10.0\libnvvp;C:\Program Files (x86)\Common Files\Oracle\Java\javapath;C:\Program Files (x86)\Intel\Intel(R) Management Engine Components\iCLS;C:\Program Files\Intel\Intel(R) Management Engine Components\iCLS;C:\Windows\system32;C:\Windows;C:\Windows\System32\Wbem;C:\Windows\System32\WindowsPowerShell\v1.0;C:\Windows\System32\OpenSSH;C:\Program Files (x86)\NVIDIA Corporation\PhysX\Common;C:\Program Files\Intel\WiFi\bin;C:\Program Files\Common Files\Intel\WirelessCommon;C:\Program Files (x86)\Intel\Intel(R) Management Engine Components\DAL;C:\Program Files\Intel\Intel(R) Management Engine Components\DAL;C:\Program Files (x86)\Intel\Intel(R) Management Engine Components\IPT;C:\Program Files\Intel\Intel(R) Management Engine Components\IPT;C:\Program Files\Java\jdk1.8.0_191\bin;%JAVA_HOME%\bin;D:\SSAFY\node-v10.16.0-x64;C:\ProgramData\chocolatey\bin;C:\Program Files\nodejs;C:\Program Files\Git\cmd;C:\HashiCorp\Vagrant\bin;C:\Program Files\Zulu\zulu-8\bin;C:\Program Files\Microsoft SQL Server\130\Tools\Binn;C:\Program Files\PuTTY;C:\Users\multicampus\AppData\Local\Microsoft\WindowsApps;C:\Users\multicampus\AppData\Roaming\npm;C:\Users\multicampus\AppData\Local\Programs\Microsoft VS Code\bin;C:\Users\multicampus\AppData\Local\atom\bin;C:\Program Files\Bandizip;C:\Program Files\Git\usr\bin\vendor_perl;C:\Program Files\Git\usr\bin\core_perl, USERDOMAIN_ROAMINGPROFILE=DESKTOP-KVCQHCD, PKG_CONFIG_PATH=C:\Program Files\Git\mingw64\lib\pkgconfig;C:\Program Files\Git\mingw64\share\pkgconfig, MSYSTEM_PREFIX=C:/Program Files/Git/mingw64, PROCESSOR_LEVEL=6, SYSTEMDRIVE=C:, CONFIG_SITE=C:/Program Files/Git/mingw64/etc/config.site, SESSIONNAME=Console, ALLUSERSPROFILE=C:\ProgramData, PROCESSOR_ARCHITECTURE=AMD64, MSYSTEM_CHOST=x86_64-w64-mingw32, PSModulePath=C:\Program Files\WindowsPowerShell\Modules;C:\Windows\system32\WindowsPowerShell\v1.0\Modules, ORIGINAL_TEMP=C:/Users/MULTIC~1/AppData/Local/Temp, PROGRAMFILES=C:\Program Files, COLORTERM=truecolor, USERNAME=multicampus, APPLICATION_INSIGHTS_NO_DIAGNOSTIC_CHANNEL=true, PWD=C:/ssafy/vuex/vuex-springBoot/springboot-vue.js-bbs, TERM_PROGRAM_VERSION=1.39.2, ProgramFiles(x86)=C:\Program Files (x86), INFOPATH=C:\Program Files\Git\usr\local\info;C:\Program Files\Git\usr\share\info;C:\Program Files\Git\usr\info;C:\Program Files\Git\share\info, FPS_BROWSER_USER_PROFILE_STRING=Default, CUDA_PATH_V10_0=C:\Program Files\NVIDIA GPU Computing Toolkit\CUDA\v10.0, PATHEXT=.COM;.EXE;.BAT;.CMD;.VBS;.VBE;.JS;.JSE;.WSF;.WSH;.MSC;.PY;.PYW, SHELL=C:\Program Files\Git\usr\bin\bash.exe, DriverData=C:\Windows\System32\Drivers\DriverData, ORIGINAL_TMP=C:/Users/MULTIC~1/AppData/Local/Temp, OLDPWD=C:/ssafy/vuex/vuex-springBoot/springboot-vue.js-bbs, TMPDIR=C:\Users\MULTIC~1\AppData\Local\Temp, WINDIR=C:\Windows, ProgramData=C:\ProgramData, ProgramW6432=C:\Program Files, SSH_ASKPASS=C:/Program Files/Git/mingw64/libexec/git-core/git-gui--askpass, HOMEPATH=\Users\multicampus, PROCESSOR_IDENTIFIER=Intel64 Family 6 Model 158 Stepping 10, GenuineIntel, PUBLIC=C:\Users\Public, MINGW_CHOST=x86_64-w64-mingw32, EXEPATH=C:\Program Files\Git\bin, SHLVL=3, LOCALAPPDATA=C:\Users\multicampus\AppData\Local, ChocolateyLastPathUpdate=132053129233936938, ORIGINAL_PATH=C:\Program Files\Git\mingw64\bin;C:\Program Files\Git\usr\bin;C:\Users\multicampus\bin;C:\Program Files\Python36\Scripts;C:\Program Files\Python36;C:\Program Files\NVIDIA GPU Computing Toolkit\CUDA\v10.0\bin;C:\Program Files\NVIDIA GPU Computing Toolkit\CUDA\v10.0\libnvvp;C:\Program Files (x86)\Common Files\Oracle\Java\javapath;C:\Program Files (x86)\Intel\Intel(R) Management Engine Components\iCLS;C:\Program Files\Intel\Intel(R) Management Engine Components\iCLS;C:\Windows\system32;C:\Windows;C:\Windows\System32\Wbem;C:\Windows\System32\WindowsPowerShell\v1.0;C:\Windows\System32\OpenSSH;C:\Program Files (x86)\NVIDIA Corporation\PhysX\Common;C:\Program Files\Intel\WiFi\bin;C:\Program Files\Common Files\Intel\WirelessCommon;C:\Program Files (x86)\Intel\Intel(R) Management Engine Components\DAL;C:\Program Files\Intel\Intel(R) Management Engine Components\DAL;C:\Program Files (x86)\Intel\Intel(R) Management Engine Components\IPT;C:\Program Files\Intel\Intel(R) Management Engine Components\IPT;C:\Program Files\Java\jdk1.8.0_191\bin;%JAVA_HOME%\bin;D:\SSAFY\node-v10.16.0-x64;C:\ProgramData\chocolatey\bin;C:\Program Files\nodejs;C:\Program Files\Git\cmd;C:\HashiCorp\Vagrant\bin;C:\Program Files\Zulu\zulu-8\bin;C:\Program Files\Microsoft SQL Server\130\Tools\Binn;C:\Program Files\PuTTY;C:\Users\multicampus\AppData\Local\Microsoft\WindowsApps;C:\Users\multicampus\AppData\Roaming\npm;C:\Users\multicampus\AppData\Local\Programs\Microsoft VS Code\bin;C:\Users\multicampus\AppData\Local\atom\bin;C:\Program Files\Bandizip, MANPATH=C:\Program Files\Git\mingw64\local\man;C:\Program Files\Git\mingw64\share\man;C:\Program Files\Git\usr\local\man;C:\Program Files\Git\usr\share\man;C:\Program Files\Git\usr\man;C:\Program Files\Git\share\man, MINGW_PACKAGE_PREFIX=mingw-w64-x86_64, USERDOMAIN=DESKTOP-KVCQHCD, FPS_BROWSER_APP_PROFILE_STRING=Internet Explorer, LOGONSERVER=\\DESKTOP-KVCQHCD, PLINK_PROTOCOL=ssh, NVCUDASAMPLES10_0_ROOT=C:\ProgramData\NVIDIA Corporation\CUDA Samples\v10.0, TERM=xterm, LANG=ko_KR.UTF-8, MINGW_PREFIX=C:/Program Files/Git/mingw64, DISPLAY=needs-to-be-defined, MSYSTEM=MINGW64, OneDrive=C:\Users\multicampus\OneDrive, APPDATA=C:\Users\multicampus\AppData\Roaming, SYSTEMROOT=C:\Windows, ChocolateyInstall=C:\ProgramData\chocolatey, VBOX_MSI_INSTALL_PATH=C:\Program Files\Oracle\VirtualBox\, OS=Windows_NT, TERM_PROGRAM=vscode, COMPUTERNAME=DESKTOP-KVCQHCD, COMMONPROGRAMFILES=C:\Program Files\Common Files, COMSPEC=C:\Windows\system32\cmd.exe, NVCUDASAMPLES_ROOT=C:\ProgramData\NVIDIA Corporation\CUDA Samples\v10.0, CATALINA_HOME=C:\ssafy\Spring\apache-tomcat-8.5.46, CUDA_PATH=C:\Program Files\NVIDIA GPU Computing Toolkit\CUDA\v10.0, PROCESSOR_REVISION=9e0a, CommonProgramW6432=C:\Program Files\Common Files, ACLOCAL_PATH=C:\Program Files\Git\mingw64\share\aclocal;C:\Program Files\Git\usr\share\aclocal, MSYSTEM_CARCH=x86_64, TEMP=C:\Users\MULTIC~1\AppData\Local\Temp, HOSTNAME=DESKTOP-KVCQHCD, HOMEDRIVE=C:, USERPROFILE=C:\Users\multicampus, TMP=C:\Users\MULTIC~1\AppData\Local\Temp, CommonProgramFiles(x86)=C:\Program Files (x86)\Common Files, NUMBER_OF_PROCESSORS=12, HOME=C:\Users\multicampus}}]
10:48:08.425 [Test worker] DEBUG org.springframework.core.env.MutablePropertySources - Adding PropertySource 'inline' with highest search precedence
10:48:08.429 [Test worker] DEBUG org.springframework.test.context.support.TestPropertySourceUtils - Adding inlined properties to environment: {spring.jmx.enabled=false, org.springframework.boot.test.context.SpringBootTestContextBootstrapper=true, server.port=-1}
10:48:08.430 [Test worker] DEBUG org.springframework.core.env.StandardEnvironment - Adding PropertySource 'Inlined Test Properties' with highest search precedence

  .   ____          _            __ _ _
 /\\ / ___'_ __ _ _(_)_ __  __ _ \ \ \ \
( ( )\___ | '_ | '_| | '_ \/ _` | \ \ \ \
 \\/  ___)| |_)| | | | | || (_| |  ) ) ) )
  '  |____| .__|_| |_|_| |_\__, | / / / /
 =========|_|==============|___/=/_/_/_/
 :: Spring Boot ::       (v1.5.16.RELEASE)

2019-10-28 10:48:08.742  INFO 2580 --- [    Test worker] k.p.d.comment.CommentRepositoryTest      : Starting CommentRepositoryTest on DESKTOP-KVCQHCD with PID 2580 (started by multicampus in C:\ssafy\vuex\vuex-springBoot\springboot-vue.js-bbs)
2019-10-28 10:48:08.744 DEBUG 2580 --- [    Test worker] k.p.d.comment.CommentRepositoryTest      : Running with Spring Boot v1.5.16.RELEASE, Spring v4.3.19.RELEASE
2019-10-28 10:48:08.744  INFO 2580 --- [    Test worker] k.p.d.comment.CommentRepositoryTest      : The following profiles are active: dev
2019-10-28 10:48:08.754  INFO 2580 --- [    Test worker] s.c.a.AnnotationConfigApplicationContext : Refreshing org.springframework.context.annotation.AnnotationConfigApplicationContext@2cc797fb: startup date [Mon Oct 28 10:48:08 KST 2019]; root of context hierarchy
2019-10-28 10:48:09.119  INFO 2580 --- [    Test worker] beddedDataSourceBeanFactoryPostProcessor : Replacing 'dataSource' DataSource bean with embedded version
2019-10-28 10:48:09.120  INFO 2580 --- [    Test worker] o.s.b.f.s.DefaultListableBeanFactory     : Overriding bean definition for bean 'dataSource' with a different definition: replacing [Root bean: class [null]; scope=; abstract=false; lazyInit=false; autowireMode=3; dependencyCheck=0; autowireCandidate=true; primary=false; factoryBeanName=org.springframework.boot.autoconfigure.jdbc.DataSourceConfiguration$Tomcat; factoryMethodName=dataSource; initMethodName=null; destroyMethodName=(inferred); defined in class path resource [org/springframework/boot/autoconfigure/jdbc/DataSourceConfiguration$Tomcat.class]] with [Root bean: class [org.springframework.boot.test.autoconfigure.jdbc.TestDatabaseAutoConfiguration$EmbeddedDataSourceFactoryBean]; scope=; abstract=false; lazyInit=false; autowireMode=0; dependencyCheck=0; autowireCandidate=true; primary=false; factoryBeanName=null; factoryMethodName=null; initMethodName=null; destroyMethodName=null]
2019-10-28 10:48:09.325  INFO 2580 --- [    Test worker] o.s.j.d.e.EmbeddedDatabaseFactory        : Starting embedded database: url='jdbc:h2:mem:edb07b43-2586-48a2-a92a-df96c10673af;DB_CLOSE_DELAY=-1;DB_CLOSE_ON_EXIT=false', username='sa'
2019-10-28 10:48:09.652  INFO 2580 --- [    Test worker] j.LocalContainerEntityManagerFactoryBean : Building JPA container EntityManagerFactory for persistence unit 'default'
2019-10-28 10:48:09.664  INFO 2580 --- [    Test worker] o.hibernate.jpa.internal.util.LogHelper  : HHH000204: Processing PersistenceUnitInfo [
	name: default
	...]
2019-10-28 10:48:09.726  INFO 2580 --- [    Test worker] org.hibernate.Version                    : HHH000412: Hibernate Core {5.0.12.Final}
2019-10-28 10:48:09.727  INFO 2580 --- [    Test worker] org.hibernate.cfg.Environment            : HHH000206: hibernate.properties not found
2019-10-28 10:48:09.728  INFO 2580 --- [    Test worker] org.hibernate.cfg.Environment            : HHH000021: Bytecode provider name : javassist
2019-10-28 10:48:09.760  INFO 2580 --- [    Test worker] o.hibernate.annotations.common.Version   : HCANN000001: Hibernate Commons Annotations {5.0.1.Final}
2019-10-28 10:48:09.845  INFO 2580 --- [    Test worker] org.hibernate.dialect.Dialect            : HHH000400: Using dialect: org.hibernate.dialect.H2Dialect
2019-10-28 10:48:10.330  INFO 2580 --- [    Test worker] org.hibernate.tool.hbm2ddl.SchemaExport  : HHH000227: Running hbm2ddl schema export
2019-10-28 10:48:10.332 DEBUG 2580 --- [    Test worker] org.hibernate.SQL                        : drop table board if exists
Hibernate: drop table board if exists
2019-10-28 10:48:10.333 DEBUG 2580 --- [    Test worker] org.hibernate.SQL                        : drop table comment if exists
Hibernate: drop table comment if exists
2019-10-28 10:48:10.334 DEBUG 2580 --- [    Test worker] org.hibernate.SQL                        : drop table oauth_client_details if exists
Hibernate: drop table oauth_client_details if exists
[...]
2019-10-28 10:48:11.009 DEBUG 2580 --- [    Test worker] org.hibernate.SQL                        : insert into board (id, moddate, regdate, content, hit, title, user_id) values (null, ?, ?, ?, ?, ?, ?)
Hibernate: insert into board (id, moddate, regdate, content, hit, title, user_id) values (null, ?, ?, ?, ?, ?, ?)
2019-10-28 10:48:11.011 DEBUG 2580 --- [    Test worker] org.hibernate.SQL                        : insert into comment (id, moddate, regdate, board_id, content, reply_depth, reply_order, user_id) values (null, ?, ?, ?, ?, ?, ?, ?)
Hibernate: insert into comment (id, moddate, regdate, board_id, content, reply_depth, reply_order, user_id) values (null, ?, ?, ?, ?, ?, ?, ?)
2019-10-28 10:48:11.012 DEBUG 2580 --- [    Test worker] org.hibernate.SQL                        : insert into comment (id, moddate, regdate, board_id, content, reply_depth, reply_order, user_id) values (null, ?, ?, ?, ?, ?, ?, ?)
Hibernate: insert into comment (id, moddate, regdate, board_id, content, reply_depth, reply_order, user_id) values (null, ?, ?, ?, ?, ?, ?, ?)
2019-10-28 10:48:11.013 DEBUG 2580 --- [    Test worker] org.hibernate.SQL                        : select coalesce(max(comment0_.reply_order), 0) as col_0_0_ from comment comment0_ where comment0_.board_id=?
Hibernate: select coalesce(max(comment0_.reply_order), 0) as col_0_0_ from comment comment0_ where comment0_.board_id=?
2019-10-28 10:48:11.014 DEBUG 2580 --- [    Test worker] org.hibernate.SQL                        : select comment0_.id as id1_1_, comment0_.moddate as moddate2_1_, comment0_.regdate as regdate3_1_, comment0_.board_id as board_id7_1_, comment0_.content as content4_1_, comment0_.reply_depth as reply_de5_1_, comment0_.reply_order as reply_or6_1_, comment0_.user_id as user_id8_1_ from comment comment0_
Hibernate: select comment0_.id as id1_1_, comment0_.moddate as moddate2_1_, comment0_.regdate as regdate3_1_, comment0_.board_id as board_id7_1_, comment0_.content as content4_1_, comment0_.reply_depth as reply_de5_1_, comment0_.reply_order as reply_or6_1_, comment0_.user_id as user_id8_1_ from comment comment0_
2019-10-28 10:48:11.017  INFO 2580 --- [    Test worker] o.s.t.c.transaction.TransactionContext   : Rolled back transaction for test: [DefaultTestContext@96e714d testClass = CommentRepositoryTest, testInstance = kr.pravusid.domain.comment.CommentRepositoryTest@61a8e8ff, testMethod = �듅�젙_寃뚯떆臾�_�뙎湲�_Order�쓽_理쒓퀬媛믪쓣_媛�吏�怨�_�삩�떎@CommentRepositoryTest, testException = [null], mergedContextConfiguration = [MergedContextConfiguration@423d2001 testClass = CommentRepositoryTest, locations = '{}', classes = '{class kr.pravusid.WebApplication}', contextInitializerClasses = '[]', activeProfiles = '{}', propertySourceLocations = '{}', propertySourceProperties = '{org.springframework.boot.test.context.SpringBootTestContextBootstrapper=true}', contextCustomizers = set[org.springframework.boot.test.autoconfigure.OverrideAutoConfigurationContextCustomizerFactory$DisableAutoConfigurationContextCustomizer@52a8ca53, org.springframework.boot.test.autoconfigure.filter.TypeExcludeFiltersContextCustomizer@351584c0, org.springframework.boot.test.autoconfigure.properties.PropertyMappingContextCustomizer@2b3d3f2c, org.springframework.boot.test.autoconfigure.web.servlet.WebDriverContextCustomizerFactory$Customizer@2dd3e1fe, [ImportsContextCustomizer@99e361a key = [org.springframework.boot.autoconfigure.cache.CacheAutoConfiguration, org.springframework.boot.autoconfigure.data.jpa.JpaRepositoriesAutoConfiguration, org.springframework.boot.autoconfigure.flyway.FlywayAutoConfiguration, org.springframework.boot.autoconfigure.jdbc.DataSourceAutoConfiguration, org.springframework.boot.autoconfigure.jdbc.DataSourceTransactionManagerAutoConfiguration, org.springframework.boot.autoconfigure.jdbc.JdbcTemplateAutoConfiguration, org.springframework.boot.autoconfigure.liquibase.LiquibaseAutoConfiguration, org.springframework.boot.autoconfigure.orm.jpa.HibernateJpaAutoConfiguration, org.springframework.boot.autoconfigure.transaction.TransactionAutoConfiguration, org.springframework.boot.test.autoconfigure.jdbc.TestDatabaseAutoConfiguration, org.springframework.boot.test.autoconfigure.orm.jpa.TestEntityManagerAutoConfiguration]], org.springframework.boot.test.context.filter.ExcludeFilterContextCustomizer@3363cb8a, org.springframework.boot.test.json.DuplicateJsonObjectContextCustomizerFactory$DuplicateJsonObjectContextCustomizer@2e42b7c3, org.springframework.boot.test.mock.mockito.MockitoContextCustomizer@0], contextLoader = 'org.springframework.boot.test.context.SpringBootContextLoader', parent = [null]]]
2019-10-28 10:48:11.019  INFO 2580 --- [    Test worker] o.s.t.c.transaction.TransactionContext   : Began transaction (1) for test context [DefaultTestContext@96e714d testClass = CommentRepositoryTest, testInstance = kr.pravusid.domain.comment.CommentRepositoryTest@3a119f2e, testMethod = �뙎湲��씠_0媛쒖씤_�듅�젙寃뚯떆臾쇱쓽_�뙎湲�_�쟾泥대��_媛��졇�삩�떎@CommentRepositoryTest, testException = [null], mergedContextConfiguration = [MergedContextConfiguration@423d2001 testClass = CommentRepositoryTest, locations = '{}', classes = '{class kr.pravusid.WebApplication}', contextInitializerClasses = '[]', activeProfiles = '{}', propertySourceLocations = '{}', propertySourceProperties = '{org.springframework.boot.test.context.SpringBootTestContextBootstrapper=true}', contextCustomizers = set[org.springframework.boot.test.autoconfigure.OverrideAutoConfigurationContextCustomizerFactory$DisableAutoConfigurationContextCustomizer@52a8ca53, org.springframework.boot.test.autoconfigure.filter.TypeExcludeFiltersContextCustomizer@351584c0, org.springframework.boot.test.autoconfigure.properties.PropertyMappingContextCustomizer@2b3d3f2c, org.springframework.boot.test.autoconfigure.web.servlet.WebDriverContextCustomizerFactory$Customizer@2dd3e1fe, [ImportsContextCustomizer@99e361a key = [org.springframework.boot.autoconfigure.cache.CacheAutoConfiguration, org.springframework.boot.autoconfigure.data.jpa.JpaRepositoriesAutoConfiguration, org.springframework.boot.autoconfigure.flyway.FlywayAutoConfiguration, org.springframework.boot.autoconfigure.jdbc.DataSourceAutoConfiguration, org.springframework.boot.autoconfigure.jdbc.DataSourceTransactionManagerAutoConfiguration, org.springframework.boot.autoconfigure.jdbc.JdbcTemplateAutoConfiguration, org.springframework.boot.autoconfigure.liquibase.LiquibaseAutoConfiguration, org.springframework.boot.autoconfigure.orm.jpa.HibernateJpaAutoConfiguration, org.springframework.boot.autoconfigure.transaction.TransactionAutoConfiguration, org.springframework.boot.test.autoconfigure.jdbc.TestDatabaseAutoConfiguration, org.springframework.boot.test.autoconfigure.orm.jpa.TestEntityManagerAutoConfiguration]], org.springframework.boot.test.context.filter.ExcludeFilterContextCustomizer@3363cb8a, org.springframework.boot.test.json.DuplicateJsonObjectContextCustomizerFactory$DuplicateJsonObjectContextCustomizer@2e42b7c3, org.springframework.boot.test.mock.mockito.MockitoContextCustomizer@0], contextLoader = 'org.springframework.boot.test.context.SpringBootContextLoader', parent = [null]]]; transaction manager [org.springframework.orm.jpa.JpaTransactionManager@4fb7fbe2]; rollback [true]
2019-10-28 10:48:11.022 DEBUG 2580 --- [    Test worker] org.hibernate.SQL                        : insert into board (id, moddate, regdate, content, hit, title, user_id) values (null, ?, ?, ?, ?, ?, ?)
Hibernate: insert into board (id, moddate, regdate, content, hit, title, user_id) values (null, ?, ?, ?, ?, ?, ?)
2019-10-28 10:48:11.029 DEBUG 2580 --- [    Test worker] org.hibernate.SQL                        : select comment0_.id as id1_1_, comment0_.moddate as moddate2_1_, comment0_.regdate as regdate3_1_, comment0_.board_id as board_id7_1_, comment0_.content as content4_1_, comment0_.reply_depth as reply_de5_1_, comment0_.reply_order as reply_or6_1_, comment0_.user_id as user_id8_1_ from comment comment0_ left outer join board board1_ on comment0_.board_id=board1_.id where board1_.id=? order by comment0_.reply_order asc
Hibernate: select comment0_.id as id1_1_, comment0_.moddate as moddate2_1_, comment0_.regdate as regdate3_1_, comment0_.board_id as board_id7_1_, comment0_.content as content4_1_, comment0_.reply_depth as reply_de5_1_, comment0_.reply_order as reply_or6_1_, comment0_.user_id as user_id8_1_ from comment comment0_ left outer join board board1_ on comment0_.board_id=board1_.id where board1_.id=? order by comment0_.reply_order asc
2019-10-28 10:48:11.036 DEBUG 2580 --- [    Test worker] org.hibernate.SQL                        : select comment0_.id as id1_1_, comment0_.moddate as moddate2_1_, comment0_.regdate as regdate3_1_, comment0_.board_id as board_id7_1_, comment0_.content as content4_1_, comment0_.reply_depth as reply_de5_1_, comment0_.reply_order as reply_or6_1_, comment0_.user_id as user_id8_1_ from comment comment0_
Hibernate: select comment0_.id as id1_1_, comment0_.moddate as moddate2_1_, comment0_.regdate as regdate3_1_, comment0_.board_id as board_id7_1_, comment0_.content as content4_1_, comment0_.reply_depth as reply_de5_1_, comment0_.reply_order as reply_or6_1_, comment0_.user_id as user_id8_1_ from comment comment0_
2019-10-28 10:48:11.038  INFO 2580 --- [    Test worker] o.s.t.c.transaction.TransactionContext   : Rolled back transaction for test: [DefaultTestContext@96e714d testClass = CommentRepositoryTest, testInstance = kr.pravusid.domain.comment.CommentRepositoryTest@3a119f2e, testMethod = �뙎湲��씠_0媛쒖씤_�듅�젙寃뚯떆臾쇱쓽_�뙎湲�_�쟾泥대��_媛��졇�삩�떎@CommentRepositoryTest, testException = [null], mergedContextConfiguration = [MergedContextConfiguration@423d2001 testClass = CommentRepositoryTest, locations = '{}', classes = '{class kr.pravusid.WebApplication}', contextInitializerClasses = '[]', activeProfiles = '{}', propertySourceLocations = '{}', propertySourceProperties = '{org.springframework.boot.test.context.SpringBootTestContextBootstrapper=true}', contextCustomizers = set[org.springframework.boot.test.autoconfigure.OverrideAutoConfigurationContextCustomizerFactory$DisableAutoConfigurationContextCustomizer@52a8ca53, org.springframework.boot.test.autoconfigure.filter.TypeExcludeFiltersContextCustomizer@351584c0, org.springframework.boot.test.autoconfigure.properties.PropertyMappingContextCustomizer@2b3d3f2c, org.springframework.boot.test.autoconfigure.web.servlet.WebDriverContextCustomizerFactory$Customizer@2dd3e1fe, [ImportsContextCustomizer@99e361a key = [org.springframework.boot.autoconfigure.cache.CacheAutoConfiguration, org.springframework.boot.autoconfigure.data.jpa.JpaRepositoriesAutoConfiguration, org.springframework.boot.autoconfigure.flyway.FlywayAutoConfiguration, org.springframework.boot.autoconfigure.jdbc.DataSourceAutoConfiguration, org.springframework.boot.autoconfigure.jdbc.DataSourceTransactionManagerAutoConfiguration, org.springframework.boot.autoconfigure.jdbc.JdbcTemplateAutoConfiguration, org.springframework.boot.autoconfigure.liquibase.LiquibaseAutoConfiguration, org.springframework.boot.autoconfigure.orm.jpa.HibernateJpaAutoConfiguration, org.springframework.boot.autoconfigure.transaction.TransactionAutoConfiguration, org.springframework.boot.test.autoconfigure.jdbc.TestDatabaseAutoConfiguration, org.springframework.boot.test.autoconfigure.orm.jpa.TestEntityManagerAutoConfiguration]], org.springframework.boot.test.context.filter.ExcludeFilterContextCustomizer@3363cb8a, org.springframework.boot.test.json.DuplicateJsonObjectContextCustomizerFactory$DuplicateJsonObjectContextCustomizer@2e42b7c3, org.springframework.boot.test.mock.mockito.MockitoContextCustomizer@0], contextLoader = 'org.springframework.boot.test.context.SpringBootContextLoader', parent = [null]]]
2019-10-28 10:48:11.040  INFO 2580 --- [    Test worker] o.s.t.c.transaction.TransactionContext   : Began transaction (1) for test context [DefaultTestContext@96e714d testClass = CommentRepositoryTest, testInstance = kr.pravusid.domain.comment.CommentRepositoryTest@61012dc, testMethod = �뙎湲��씠_2媛쒖씤_�듅�젙寃뚯떆臾쇱쓽_�뙎湲�_�쟾泥대��_媛��졇�삩�떎@CommentRepositoryTest, testException = [null], mergedContextConfiguration = [MergedContextConfiguration@423d2001 testClass = CommentRepositoryTest, locations = '{}', classes = '{class kr.pravusid.WebApplication}', contextInitializerClasses = '[]', activeProfiles = '{}', propertySourceLocations = '{}', propertySourceProperties = '{org.springframework.boot.test.context.SpringBootTestContextBootstrapper=true}', contextCustomizers = set[org.springframework.boot.test.autoconfigure.OverrideAutoConfigurationContextCustomizerFactory$DisableAutoConfigurationContextCustomizer@52a8ca53, org.springframework.boot.test.autoconfigure.filter.TypeExcludeFiltersContextCustomizer@351584c0, org.springframework.boot.test.autoconfigure.properties.PropertyMappingContextCustomizer@2b3d3f2c, org.springframework.boot.test.autoconfigure.web.servlet.WebDriverContextCustomizerFactory$Customizer@2dd3e1fe, [ImportsContextCustomizer@99e361a key = [org.springframework.boot.autoconfigure.cache.CacheAutoConfiguration, org.springframework.boot.autoconfigure.data.jpa.JpaRepositoriesAutoConfiguration, org.springframework.boot.autoconfigure.flyway.FlywayAutoConfiguration, org.springframework.boot.autoconfigure.jdbc.DataSourceAutoConfiguration, org.springframework.boot.autoconfigure.jdbc.DataSourceTransactionManagerAutoConfiguration, org.springframework.boot.autoconfigure.jdbc.JdbcTemplateAutoConfiguration, org.springframework.boot.autoconfigure.liquibase.LiquibaseAutoConfiguration, org.springframework.boot.autoconfigure.orm.jpa.HibernateJpaAutoConfiguration, org.springframework.boot.autoconfigure.transaction.TransactionAutoConfiguration, org.springframework.boot.test.autoconfigure.jdbc.TestDatabaseAutoConfiguration, org.springframework.boot.test.autoconfigure.orm.jpa.TestEntityManagerAutoConfiguration]], org.springframework.boot.test.context.filter.ExcludeFilterContextCustomizer@3363cb8a, org.springframework.boot.test.json.DuplicateJsonObjectContextCustomizerFactory$DuplicateJsonObjectContextCustomizer@2e42b7c3, org.springframework.boot.test.mock.mockito.MockitoContextCustomizer@0], contextLoader = 'org.springframework.boot.test.context.SpringBootContextLoader', parent = [null]]]; transaction manager [org.springframework.orm.jpa.JpaTransactionManager@4fb7fbe2]; rollback [true]
2019-10-28 10:48:11.042 DEBUG 2580 --- [    Test worker] org.hibernate.SQL                        : insert into board (id, moddate, regdate, content, hit, title, user_id) values (null, ?, ?, ?, ?, ?, ?)
Hibernate: insert into board (id, moddate, regdate, content, hit, title, user_id) values (null, ?, ?, ?, ?, ?, ?)
2019-10-28 10:48:11.043 DEBUG 2580 --- [    Test worker] org.hibernate.SQL                        : insert into comment (id, moddate, regdate, board_id, content, reply_depth, reply_order, user_id) values (null, ?, ?, ?, ?, ?, ?, ?)
Hibernate: insert into comment (id, moddate, regdate, board_id, content, reply_depth, reply_order, user_id) values (null, ?, ?, ?, ?, ?, ?, ?)
2019-10-28 10:48:11.045 DEBUG 2580 --- [    Test worker] org.hibernate.SQL                        : insert into comment (id, moddate, regdate, board_id, content, reply_depth, reply_order, user_id) values (null, ?, ?, ?, ?, ?, ?, ?)
Hibernate: insert into comment (id, moddate, regdate, board_id, content, reply_depth, reply_order, user_id) values (null, ?, ?, ?, ?, ?, ?, ?)
2019-10-28 10:48:11.046 DEBUG 2580 --- [    Test worker] org.hibernate.SQL                        : select comment0_.id as id1_1_, comment0_.moddate as moddate2_1_, comment0_.regdate as regdate3_1_, comment0_.board_id as board_id7_1_, comment0_.content as content4_1_, comment0_.reply_depth as reply_de5_1_, comment0_.reply_order as reply_or6_1_, comment0_.user_id as user_id8_1_ from comment comment0_ left outer join board board1_ on comment0_.board_id=board1_.id where board1_.id=? order by comment0_.reply_order asc
Hibernate: select comment0_.id as id1_1_, comment0_.moddate as moddate2_1_, comment0_.regdate as regdate3_1_, comment0_.board_id as board_id7_1_, comment0_.content as content4_1_, comment0_.reply_depth as reply_de5_1_, comment0_.reply_order as reply_or6_1_, comment0_.user_id as user_id8_1_ from comment comment0_ left outer join board board1_ on comment0_.board_id=board1_.id where board1_.id=? order by comment0_.reply_order asc
2019-10-28 10:48:11.052 DEBUG 2580 --- [    Test worker] org.hibernate.SQL                        : select comment0_.id as id1_1_, comment0_.moddate as moddate2_1_, comment0_.regdate as regdate3_1_, comment0_.board_id as board_id7_1_, comment0_.content as content4_1_, comment0_.reply_depth as reply_de5_1_, comment0_.reply_order as reply_or6_1_, comment0_.user_id as user_id8_1_ from comment comment0_
Hibernate: select comment0_.id as id1_1_, comment0_.moddate as moddate2_1_, comment0_.regdate as regdate3_1_, comment0_.board_id as board_id7_1_, comment0_.content as content4_1_, comment0_.reply_depth as reply_de5_1_, comment0_.reply_order as reply_or6_1_, comment0_.user_id as user_id8_1_ from comment comment0_
2019-10-28 10:48:11.054  INFO 2580 --- [    Test worker] o.s.t.c.transaction.TransactionContext   : Rolled back transaction for test: [DefaultTestContext@96e714d testClass = CommentRepositoryTest, testInstance = kr.pravusid.domain.comment.CommentRepositoryTest@61012dc, testMethod = �뙎湲��씠_2媛쒖씤_�듅�젙寃뚯떆臾쇱쓽_�뙎湲�_�쟾泥대��_媛��졇�삩�떎@CommentRepositoryTest, testException = [null], mergedContextConfiguration = [MergedContextConfiguration@423d2001 testClass = CommentRepositoryTest, locations = '{}', classes = '{class kr.pravusid.WebApplication}', contextInitializerClasses = '[]', activeProfiles = '{}', propertySourceLocations = '{}', propertySourceProperties = '{org.springframework.boot.test.context.SpringBootTestContextBootstrapper=true}', contextCustomizers = set[org.springframework.boot.test.autoconfigure.OverrideAutoConfigurationContextCustomizerFactory$DisableAutoConfigurationContextCustomizer@52a8ca53, org.springframework.boot.test.autoconfigure.filter.TypeExcludeFiltersContextCustomizer@351584c0, org.springframework.boot.test.autoconfigure.properties.PropertyMappingContextCustomizer@2b3d3f2c, org.springframework.boot.test.autoconfigure.web.servlet.WebDriverContextCustomizerFactory$Customizer@2dd3e1fe, [ImportsContextCustomizer@99e361a key = [org.springframework.boot.autoconfigure.cache.CacheAutoConfiguration, org.springframework.boot.autoconfigure.data.jpa.JpaRepositoriesAutoConfiguration, org.springframework.boot.autoconfigure.flyway.FlywayAutoConfiguration, org.springframework.boot.autoconfigure.jdbc.DataSourceAutoConfiguration, org.springframework.boot.autoconfigure.jdbc.DataSourceTransactionManagerAutoConfiguration, org.springframework.boot.autoconfigure.jdbc.JdbcTemplateAutoConfiguration, org.springframework.boot.autoconfigure.liquibase.LiquibaseAutoConfiguration, org.springframework.boot.autoconfigure.orm.jpa.HibernateJpaAutoConfiguration, org.springframework.boot.autoconfigure.transaction.TransactionAutoConfiguration, org.springframework.boot.test.autoconfigure.jdbc.TestDatabaseAutoConfiguration, org.springframework.boot.test.autoconfigure.orm.jpa.TestEntityManagerAutoConfiguration]], org.springframework.boot.test.context.filter.ExcludeFilterContextCustomizer@3363cb8a, org.springframework.boot.test.json.DuplicateJsonObjectContextCustomizerFactory$DuplicateJsonObjectContextCustomizer@2e42b7c3, org.springframework.boot.test.mock.mockito.MockitoContextCustomizer@0], contextLoader = 'org.springframework.boot.test.context.SpringBootContextLoader', parent = [null]]]
]]></system-out>
  <system-err><![CDATA[]]></system-err>
</testsuite>
